2019-11-02 12:01:50,807 INFO org.springframework.boot.StartupInfoLogger [main] Starting TalentPoolApplicationController on System21 with PID 2748 (C:\Users\user\git\TalentPool\TalentPool\target\classes started by user in C:\Users\user\git\TalentPool\TalentPool)
2019-11-02 12:01:50,885 DEBUG org.springframework.boot.StartupInfoLogger [main] Running with Spring Boot v2.0.6.RELEASE, Spring v5.0.10.RELEASE
2019-11-02 12:01:50,888 INFO org.springframework.boot.SpringApplication [main] No active profile set, falling back to default profiles: default
2019-11-02 12:01:51,158 INFO org.springframework.context.support.AbstractApplicationContext [main] Refreshing org.springframework.boot.web.servlet.context.AnnotationConfigServletWebServerApplicationContext@7ce3cb8e: startup date [Sat Nov 02 12:01:51 IST 2019]; root of context hierarchy
2019-11-02 12:01:55,989 INFO org.springframework.context.support.PostProcessorRegistrationDelegate$BeanPostProcessorChecker [main] Bean 'org.springframework.transaction.annotation.ProxyTransactionManagementConfiguration' of type [org.springframework.transaction.annotation.ProxyTransactionManagementConfiguration$$EnhancerBySpringCGLIB$$50e540ac] is not eligible for getting processed by all BeanPostProcessors (for example: not eligible for auto-proxying)
2019-11-02 12:01:57,635 INFO org.springframework.boot.web.embedded.tomcat.TomcatWebServer [main] Tomcat initialized with port(s): 8080 (http)
2019-11-02 12:01:57,741 INFO org.apache.juli.logging.DirectJDKLog [main] Initializing ProtocolHandler ["http-nio-8080"]
2019-11-02 12:01:57,788 INFO org.apache.juli.logging.DirectJDKLog [main] Starting service [Tomcat]
2019-11-02 12:01:57,789 INFO org.apache.juli.logging.DirectJDKLog [main] Starting Servlet Engine: Apache Tomcat/8.5.34
2019-11-02 12:01:57,816 INFO org.apache.juli.logging.DirectJDKLog [localhost-startStop-1] The APR based Apache Tomcat Native library which allows optimal performance in production environments was not found on the java.library.path: [C:\Program Files\Java\jre1.8.0_191\bin;C:\Windows\Sun\Java\bin;C:\Windows\system32;C:\Windows;C:/Program Files/Java/jdk1.8.0_191/bin/../jre/bin/server;C:/Program Files/Java/jdk1.8.0_191/bin/../jre/bin;C:/Program Files/Java/jdk1.8.0_191/bin/../jre/lib/amd64;C:\Program Files\Java\jdk1.8.0_191\bin;D:\apache-maven-3.6.0\bin;;C:\Program Files\Java\jdk1.8.0_191\bin;;C:\Program Files\Docker Toolbox;E:\eclipse\java-2018-12\eclipse;;.]
2019-11-02 12:01:58,683 INFO org.apache.juli.logging.DirectJDKLog [localhost-startStop-1] At least one JAR was scanned for TLDs yet contained no TLDs. Enable debug logging for this logger for a complete list of JARs that were scanned but no TLDs were found in them. Skipping unneeded JARs during scanning can improve startup time and JSP compilation time.
2019-11-02 12:01:58,697 INFO org.apache.juli.logging.DirectJDKLog [localhost-startStop-1] Initializing Spring embedded WebApplicationContext
2019-11-02 12:01:58,699 INFO org.springframework.boot.web.servlet.context.ServletWebServerApplicationContext [localhost-startStop-1] Root WebApplicationContext: initialization completed in 7540 ms
2019-11-02 12:01:59,100 INFO org.springframework.boot.web.servlet.ServletRegistrationBean [localhost-startStop-1] Servlet dispatcherServlet mapped to [/]
2019-11-02 12:01:59,137 INFO org.springframework.boot.web.servlet.AbstractFilterRegistrationBean [localhost-startStop-1] Mapping filter: 'characterEncodingFilter' to: [/*]
2019-11-02 12:01:59,141 INFO org.springframework.boot.web.servlet.AbstractFilterRegistrationBean [localhost-startStop-1] Mapping filter: 'hiddenHttpMethodFilter' to: [/*]
2019-11-02 12:01:59,142 INFO org.springframework.boot.web.servlet.AbstractFilterRegistrationBean [localhost-startStop-1] Mapping filter: 'httpPutFormContentFilter' to: [/*]
2019-11-02 12:01:59,143 INFO org.springframework.boot.web.servlet.AbstractFilterRegistrationBean [localhost-startStop-1] Mapping filter: 'requestContextFilter' to: [/*]
2019-11-02 12:01:59,970 INFO com.zaxxer.hikari.HikariDataSource [main] HikariPool-1 - Starting...
2019-11-02 12:02:00,948 INFO com.zaxxer.hikari.HikariDataSource [main] HikariPool-1 - Start completed.
2019-11-02 12:02:01,231 INFO org.springframework.orm.jpa.LocalContainerEntityManagerFactoryBean [main] Building JPA container EntityManagerFactory for persistence unit 'default'
2019-11-02 12:02:01,273 INFO org.hibernate.jpa.internal.util.LogHelper [main] HHH000204: Processing PersistenceUnitInfo [
	name: default
	...]
2019-11-02 12:02:02,626 INFO org.hibernate.Version [main] HHH000412: Hibernate Core {5.2.17.Final}
2019-11-02 12:02:02,630 INFO org.hibernate.cfg.Environment [main] HHH000206: hibernate.properties not found
2019-11-02 12:02:02,762 INFO org.hibernate.annotations.common.reflection.java.JavaReflectionManager [main] HCANN000001: Hibernate Commons Annotations {5.0.1.Final}
2019-11-02 12:02:03,085 INFO org.hibernate.dialect.Dialect [main] HHH000400: Using dialect: org.hibernate.dialect.MySQL5Dialect
2019-11-02 12:02:03,973 INFO org.springframework.orm.jpa.AbstractEntityManagerFactoryBean [main] Initialized JPA EntityManagerFactory for persistence unit 'default'
2019-11-02 12:02:04,220 WARN org.springframework.context.support.AbstractApplicationContext [main] Exception encountered during context initialization - cancelling refresh attempt: org.springframework.beans.factory.UnsatisfiedDependencyException: Error creating bean with name 'talentPoolApplicationMainController': Unsatisfied dependency expressed through field 'service'; nested exception is org.springframework.beans.factory.UnsatisfiedDependencyException: Error creating bean with name 'talentPoolServiceImpl': Unsatisfied dependency expressed through field 'infoDao'; nested exception is org.springframework.beans.factory.NoSuchBeanDefinitionException: No qualifying bean of type 'com.yotabytes.talentpool.dao.CandidateInformationDAO' available: expected at least 1 bean which qualifies as autowire candidate. Dependency annotations: {@org.springframework.beans.factory.annotation.Autowired(required=true)}
2019-11-02 12:02:04,221 INFO org.springframework.orm.jpa.AbstractEntityManagerFactoryBean [main] Closing JPA EntityManagerFactory for persistence unit 'default'
2019-11-02 12:02:04,226 INFO com.zaxxer.hikari.HikariDataSource [main] HikariPool-1 - Shutdown initiated...
2019-11-02 12:02:04,466 INFO com.zaxxer.hikari.HikariDataSource [main] HikariPool-1 - Shutdown completed.
2019-11-02 12:02:04,471 INFO org.apache.juli.logging.DirectJDKLog [main] Stopping service [Tomcat]
2019-11-02 12:02:04,554 INFO org.springframework.boot.autoconfigure.logging.ConditionEvaluationReportLoggingListener [main] 

Error starting ApplicationContext. To display the conditions report re-run your application with 'debug' enabled.
2019-11-02 12:02:05,160 ERROR org.springframework.boot.diagnostics.LoggingFailureAnalysisReporter [main] 

***************************
APPLICATION FAILED TO START
***************************

Description:

Field infoDao in com.yotabytes.talentpool.service.impl.TalentPoolServiceImpl required a bean of type 'com.yotabytes.talentpool.dao.CandidateInformationDAO' that could not be found.

The injection point has the following annotations:
	- @org.springframework.beans.factory.annotation.Autowired(required=true)


Action:

Consider defining a bean of type 'com.yotabytes.talentpool.dao.CandidateInformationDAO' in your configuration.

2019-11-02 12:24:50,961 INFO org.springframework.boot.StartupInfoLogger [main] Starting TalentPoolApplicationController on System21 with PID 5084 (C:\Users\user\git\TalentPool\TalentPool\target\classes started by user in C:\Users\user\git\TalentPool\TalentPool)
2019-11-02 12:24:50,961 DEBUG org.springframework.boot.StartupInfoLogger [main] Running with Spring Boot v2.0.6.RELEASE, Spring v5.0.10.RELEASE
2019-11-02 12:24:50,977 INFO org.springframework.boot.SpringApplication [main] No active profile set, falling back to default profiles: default
2019-11-02 12:24:51,055 INFO org.springframework.context.support.AbstractApplicationContext [main] Refreshing org.springframework.boot.web.servlet.context.AnnotationConfigServletWebServerApplicationContext@433d61fb: startup date [Sat Nov 02 12:24:51 IST 2019]; root of context hierarchy
2019-11-02 12:24:54,900 INFO org.springframework.context.support.PostProcessorRegistrationDelegate$BeanPostProcessorChecker [main] Bean 'org.springframework.transaction.annotation.ProxyTransactionManagementConfiguration' of type [org.springframework.transaction.annotation.ProxyTransactionManagementConfiguration$$EnhancerBySpringCGLIB$$11741fe4] is not eligible for getting processed by all BeanPostProcessors (for example: not eligible for auto-proxying)
2019-11-02 12:24:56,307 INFO org.springframework.boot.web.embedded.tomcat.TomcatWebServer [main] Tomcat initialized with port(s): 8080 (http)
2019-11-02 12:24:56,339 INFO org.apache.juli.logging.DirectJDKLog [main] Initializing ProtocolHandler ["http-nio-8080"]
2019-11-02 12:24:56,355 INFO org.apache.juli.logging.DirectJDKLog [main] Starting service [Tomcat]
2019-11-02 12:24:56,355 INFO org.apache.juli.logging.DirectJDKLog [main] Starting Servlet Engine: Apache Tomcat/8.5.34
2019-11-02 12:24:56,464 INFO org.apache.juli.logging.DirectJDKLog [localhost-startStop-1] The APR based Apache Tomcat Native library which allows optimal performance in production environments was not found on the java.library.path: [C:\Program Files\Java\jre1.8.0_191\bin;C:\Windows\Sun\Java\bin;C:\Windows\system32;C:\Windows;C:/Program Files/Java/jdk1.8.0_191/bin/../jre/bin/server;C:/Program Files/Java/jdk1.8.0_191/bin/../jre/bin;C:/Program Files/Java/jdk1.8.0_191/bin/../jre/lib/amd64;C:\Program Files\Java\jdk1.8.0_191\bin;D:\apache-maven-3.6.0\bin;;C:\Program Files\Java\jdk1.8.0_191\bin;;C:\Program Files\Docker Toolbox;E:\eclipse\java-2018-12\eclipse;;.]
2019-11-02 12:24:57,167 INFO org.apache.juli.logging.DirectJDKLog [localhost-startStop-1] At least one JAR was scanned for TLDs yet contained no TLDs. Enable debug logging for this logger for a complete list of JARs that were scanned but no TLDs were found in them. Skipping unneeded JARs during scanning can improve startup time and JSP compilation time.
2019-11-02 12:24:57,183 INFO org.apache.juli.logging.DirectJDKLog [localhost-startStop-1] Initializing Spring embedded WebApplicationContext
2019-11-02 12:24:57,183 INFO org.springframework.boot.web.servlet.context.ServletWebServerApplicationContext [localhost-startStop-1] Root WebApplicationContext: initialization completed in 6128 ms
2019-11-02 12:24:57,355 INFO org.springframework.boot.web.servlet.ServletRegistrationBean [localhost-startStop-1] Servlet dispatcherServlet mapped to [/]
2019-11-02 12:24:57,372 INFO org.springframework.boot.web.servlet.AbstractFilterRegistrationBean [localhost-startStop-1] Mapping filter: 'characterEncodingFilter' to: [/*]
2019-11-02 12:24:57,372 INFO org.springframework.boot.web.servlet.AbstractFilterRegistrationBean [localhost-startStop-1] Mapping filter: 'hiddenHttpMethodFilter' to: [/*]
2019-11-02 12:24:57,372 INFO org.springframework.boot.web.servlet.AbstractFilterRegistrationBean [localhost-startStop-1] Mapping filter: 'httpPutFormContentFilter' to: [/*]
2019-11-02 12:24:57,372 INFO org.springframework.boot.web.servlet.AbstractFilterRegistrationBean [localhost-startStop-1] Mapping filter: 'requestContextFilter' to: [/*]
2019-11-02 12:24:58,090 INFO com.zaxxer.hikari.HikariDataSource [main] HikariPool-1 - Starting...
2019-11-02 12:24:59,043 INFO com.zaxxer.hikari.HikariDataSource [main] HikariPool-1 - Start completed.
2019-11-02 12:24:59,216 INFO org.springframework.orm.jpa.LocalContainerEntityManagerFactoryBean [main] Building JPA container EntityManagerFactory for persistence unit 'default'
2019-11-02 12:24:59,310 INFO org.hibernate.jpa.internal.util.LogHelper [main] HHH000204: Processing PersistenceUnitInfo [
	name: default
	...]
2019-11-02 12:25:00,341 INFO org.hibernate.Version [main] HHH000412: Hibernate Core {5.2.17.Final}
2019-11-02 12:25:00,341 INFO org.hibernate.cfg.Environment [main] HHH000206: hibernate.properties not found
2019-11-02 12:25:00,420 INFO org.hibernate.annotations.common.reflection.java.JavaReflectionManager [main] HCANN000001: Hibernate Commons Annotations {5.0.1.Final}
2019-11-02 12:25:00,702 INFO org.hibernate.dialect.Dialect [main] HHH000400: Using dialect: org.hibernate.dialect.MySQL5Dialect
2019-11-02 12:25:01,217 INFO org.hibernate.tool.schema.internal.SchemaCreatorImpl [main] HHH000476: Executing import script 'org.hibernate.tool.schema.internal.exec.ScriptSourceInputNonExistentImpl@6fd12c5'
2019-11-02 12:25:01,217 INFO org.springframework.orm.jpa.AbstractEntityManagerFactoryBean [main] Initialized JPA EntityManagerFactory for persistence unit 'default'
2019-11-02 12:25:01,452 WARN org.springframework.context.support.AbstractApplicationContext [main] Exception encountered during context initialization - cancelling refresh attempt: org.springframework.beans.factory.UnsatisfiedDependencyException: Error creating bean with name 'talentPoolApplicationMainController': Unsatisfied dependency expressed through field 'service'; nested exception is org.springframework.beans.factory.UnsatisfiedDependencyException: Error creating bean with name 'talentPoolServiceImpl': Unsatisfied dependency expressed through field 'infoDao'; nested exception is org.springframework.beans.factory.NoSuchBeanDefinitionException: No qualifying bean of type 'com.yotabytes.talentpool.dao.CandidateInformationDAO' available: expected at least 1 bean which qualifies as autowire candidate. Dependency annotations: {@org.springframework.beans.factory.annotation.Autowired(required=true)}
2019-11-02 12:25:01,452 INFO org.springframework.orm.jpa.AbstractEntityManagerFactoryBean [main] Closing JPA EntityManagerFactory for persistence unit 'default'
2019-11-02 12:25:01,452 INFO org.hibernate.tool.schema.internal.SchemaDropperImpl$DelayedDropActionImpl [main] HHH000477: Starting delayed drop of schema as part of SessionFactory shut-down'
2019-11-02 12:25:01,484 INFO com.zaxxer.hikari.HikariDataSource [main] HikariPool-1 - Shutdown initiated...
2019-11-02 12:25:01,500 INFO com.zaxxer.hikari.HikariDataSource [main] HikariPool-1 - Shutdown completed.
2019-11-02 12:25:01,500 INFO org.apache.juli.logging.DirectJDKLog [main] Stopping service [Tomcat]
2019-11-02 12:25:01,609 INFO org.springframework.boot.autoconfigure.logging.ConditionEvaluationReportLoggingListener [main] 

Error starting ApplicationContext. To display the conditions report re-run your application with 'debug' enabled.
2019-11-02 12:25:02,031 ERROR org.springframework.boot.diagnostics.LoggingFailureAnalysisReporter [main] 

***************************
APPLICATION FAILED TO START
***************************

Description:

Field infoDao in com.yotabytes.talentpool.service.impl.TalentPoolServiceImpl required a bean of type 'com.yotabytes.talentpool.dao.CandidateInformationDAO' that could not be found.

The injection point has the following annotations:
	- @org.springframework.beans.factory.annotation.Autowired(required=true)


Action:

Consider defining a bean of type 'com.yotabytes.talentpool.dao.CandidateInformationDAO' in your configuration.

2019-11-02 12:29:31,111 INFO org.springframework.boot.StartupInfoLogger [main] Starting TalentPoolApplicationController on System21 with PID 4520 (C:\Users\user\git\TalentPool\TalentPool\target\classes started by user in C:\Users\user\git\TalentPool\TalentPool)
2019-11-02 12:29:31,111 DEBUG org.springframework.boot.StartupInfoLogger [main] Running with Spring Boot v2.0.6.RELEASE, Spring v5.0.10.RELEASE
2019-11-02 12:29:31,126 INFO org.springframework.boot.SpringApplication [main] No active profile set, falling back to default profiles: default
2019-11-02 12:29:31,283 INFO org.springframework.context.support.AbstractApplicationContext [main] Refreshing org.springframework.boot.web.servlet.context.AnnotationConfigServletWebServerApplicationContext@72a7c7e0: startup date [Sat Nov 02 12:29:31 IST 2019]; root of context hierarchy
2019-11-02 12:29:35,066 INFO org.springframework.context.support.PostProcessorRegistrationDelegate$BeanPostProcessorChecker [main] Bean 'org.springframework.transaction.annotation.ProxyTransactionManagementConfiguration' of type [org.springframework.transaction.annotation.ProxyTransactionManagementConfiguration$$EnhancerBySpringCGLIB$$bcfc6bcb] is not eligible for getting processed by all BeanPostProcessors (for example: not eligible for auto-proxying)
2019-11-02 12:29:36,645 INFO org.springframework.boot.web.embedded.tomcat.TomcatWebServer [main] Tomcat initialized with port(s): 8080 (http)
2019-11-02 12:29:36,698 INFO org.apache.juli.logging.DirectJDKLog [main] Initializing ProtocolHandler ["http-nio-8080"]
2019-11-02 12:29:36,729 INFO org.apache.juli.logging.DirectJDKLog [main] Starting service [Tomcat]
2019-11-02 12:29:36,745 INFO org.apache.juli.logging.DirectJDKLog [main] Starting Servlet Engine: Apache Tomcat/8.5.34
2019-11-02 12:29:36,760 INFO org.apache.juli.logging.DirectJDKLog [localhost-startStop-1] The APR based Apache Tomcat Native library which allows optimal performance in production environments was not found on the java.library.path: [C:\Program Files\Java\jre1.8.0_191\bin;C:\Windows\Sun\Java\bin;C:\Windows\system32;C:\Windows;C:/Program Files/Java/jdk1.8.0_191/bin/../jre/bin/server;C:/Program Files/Java/jdk1.8.0_191/bin/../jre/bin;C:/Program Files/Java/jdk1.8.0_191/bin/../jre/lib/amd64;C:\Program Files\Java\jdk1.8.0_191\bin;D:\apache-maven-3.6.0\bin;;C:\Program Files\Java\jdk1.8.0_191\bin;;C:\Program Files\Docker Toolbox;E:\eclipse\java-2018-12\eclipse;;.]
2019-11-02 12:29:38,479 INFO org.apache.juli.logging.DirectJDKLog [localhost-startStop-1] At least one JAR was scanned for TLDs yet contained no TLDs. Enable debug logging for this logger for a complete list of JARs that were scanned but no TLDs were found in them. Skipping unneeded JARs during scanning can improve startup time and JSP compilation time.
2019-11-02 12:29:38,511 INFO org.apache.juli.logging.DirectJDKLog [localhost-startStop-1] Initializing Spring embedded WebApplicationContext
2019-11-02 12:29:38,511 INFO org.springframework.boot.web.servlet.context.ServletWebServerApplicationContext [localhost-startStop-1] Root WebApplicationContext: initialization completed in 7228 ms
2019-11-02 12:29:38,902 INFO org.springframework.boot.web.servlet.ServletRegistrationBean [localhost-startStop-1] Servlet dispatcherServlet mapped to [/]
2019-11-02 12:29:38,917 INFO org.springframework.boot.web.servlet.AbstractFilterRegistrationBean [localhost-startStop-1] Mapping filter: 'characterEncodingFilter' to: [/*]
2019-11-02 12:29:38,917 INFO org.springframework.boot.web.servlet.AbstractFilterRegistrationBean [localhost-startStop-1] Mapping filter: 'hiddenHttpMethodFilter' to: [/*]
2019-11-02 12:29:38,917 INFO org.springframework.boot.web.servlet.AbstractFilterRegistrationBean [localhost-startStop-1] Mapping filter: 'httpPutFormContentFilter' to: [/*]
2019-11-02 12:29:38,917 INFO org.springframework.boot.web.servlet.AbstractFilterRegistrationBean [localhost-startStop-1] Mapping filter: 'requestContextFilter' to: [/*]
2019-11-02 12:29:39,730 INFO com.zaxxer.hikari.HikariDataSource [main] HikariPool-1 - Starting...
2019-11-02 12:29:40,715 INFO com.zaxxer.hikari.HikariDataSource [main] HikariPool-1 - Start completed.
2019-11-02 12:29:40,809 INFO org.springframework.orm.jpa.LocalContainerEntityManagerFactoryBean [main] Building JPA container EntityManagerFactory for persistence unit 'default'
2019-11-02 12:29:40,840 INFO org.hibernate.jpa.internal.util.LogHelper [main] HHH000204: Processing PersistenceUnitInfo [
	name: default
	...]
2019-11-02 12:29:42,484 INFO org.hibernate.Version [main] HHH000412: Hibernate Core {5.2.17.Final}
2019-11-02 12:29:42,484 INFO org.hibernate.cfg.Environment [main] HHH000206: hibernate.properties not found
2019-11-02 12:29:42,672 INFO org.hibernate.annotations.common.reflection.java.JavaReflectionManager [main] HCANN000001: Hibernate Commons Annotations {5.0.1.Final}
2019-11-02 12:29:43,266 INFO org.hibernate.dialect.Dialect [main] HHH000400: Using dialect: org.hibernate.dialect.MySQL5Dialect
2019-11-02 12:29:43,735 INFO org.hibernate.tool.schema.internal.SchemaCreatorImpl [main] HHH000476: Executing import script 'org.hibernate.tool.schema.internal.exec.ScriptSourceInputNonExistentImpl@b835727'
2019-11-02 12:29:43,735 INFO org.springframework.orm.jpa.AbstractEntityManagerFactoryBean [main] Initialized JPA EntityManagerFactory for persistence unit 'default'
2019-11-02 12:29:43,861 WARN org.springframework.context.support.AbstractApplicationContext [main] Exception encountered during context initialization - cancelling refresh attempt: org.springframework.beans.factory.UnsatisfiedDependencyException: Error creating bean with name 'talentPoolApplicationMainController': Unsatisfied dependency expressed through field 'service'; nested exception is org.springframework.beans.factory.UnsatisfiedDependencyException: Error creating bean with name 'talentPoolServiceImpl': Unsatisfied dependency expressed through field 'infoDao'; nested exception is org.springframework.beans.factory.NoSuchBeanDefinitionException: No qualifying bean of type 'com.yotabytes.talentpool.dao.CandidateInformationDAO' available: expected at least 1 bean which qualifies as autowire candidate. Dependency annotations: {@org.springframework.beans.factory.annotation.Autowired(required=true)}
2019-11-02 12:29:43,861 INFO org.springframework.orm.jpa.AbstractEntityManagerFactoryBean [main] Closing JPA EntityManagerFactory for persistence unit 'default'
2019-11-02 12:29:43,861 INFO org.hibernate.tool.schema.internal.SchemaDropperImpl$DelayedDropActionImpl [main] HHH000477: Starting delayed drop of schema as part of SessionFactory shut-down'
2019-11-02 12:29:43,861 INFO com.zaxxer.hikari.HikariDataSource [main] HikariPool-1 - Shutdown initiated...
2019-11-02 12:29:43,876 INFO com.zaxxer.hikari.HikariDataSource [main] HikariPool-1 - Shutdown completed.
2019-11-02 12:29:43,892 INFO org.apache.juli.logging.DirectJDKLog [main] Stopping service [Tomcat]
2019-11-02 12:29:43,939 INFO org.springframework.boot.autoconfigure.logging.ConditionEvaluationReportLoggingListener [main] 

Error starting ApplicationContext. To display the conditions report re-run your application with 'debug' enabled.
2019-11-02 12:29:44,220 ERROR org.springframework.boot.diagnostics.LoggingFailureAnalysisReporter [main] 

***************************
APPLICATION FAILED TO START
***************************

Description:

Field infoDao in com.yotabytes.talentpool.service.impl.TalentPoolServiceImpl required a bean of type 'com.yotabytes.talentpool.dao.CandidateInformationDAO' that could not be found.

The injection point has the following annotations:
	- @org.springframework.beans.factory.annotation.Autowired(required=true)


Action:

Consider defining a bean of type 'com.yotabytes.talentpool.dao.CandidateInformationDAO' in your configuration.

