2019-11-11 15:58:55,459 INFO org.springframework.boot.StartupInfoLogger [restartedMain] Starting TalentPoolApplication on System21 with PID 4652 (C:\Users\user\git\TalentPool\TalentPool\target\classes started by user in C:\Users\user\git\TalentPool\TalentPool)
2019-11-11 15:58:55,491 DEBUG org.springframework.boot.StartupInfoLogger [restartedMain] Running with Spring Boot v2.0.6.RELEASE, Spring v5.0.10.RELEASE
2019-11-11 15:58:55,538 INFO org.springframework.boot.SpringApplication [restartedMain] No active profile set, falling back to default profiles: default
2019-11-11 15:58:56,045 INFO org.springframework.context.support.AbstractApplicationContext [restartedMain] Refreshing org.springframework.boot.web.servlet.context.AnnotationConfigServletWebServerApplicationContext@7fb4b2bb: startup date [Mon Nov 11 15:58:56 IST 2019]; root of context hierarchy
2019-11-11 15:59:06,069 INFO org.springframework.context.support.PostProcessorRegistrationDelegate$BeanPostProcessorChecker [restartedMain] Bean 'org.springframework.transaction.annotation.ProxyTransactionManagementConfiguration' of type [org.springframework.transaction.annotation.ProxyTransactionManagementConfiguration$$EnhancerBySpringCGLIB$$a8b5c0cb] is not eligible for getting processed by all BeanPostProcessors (for example: not eligible for auto-proxying)
2019-11-11 15:59:10,413 INFO org.springframework.boot.web.embedded.tomcat.TomcatWebServer [restartedMain] Tomcat initialized with port(s): 8080 (http)
2019-11-11 15:59:10,510 INFO org.apache.juli.logging.DirectJDKLog [restartedMain] Initializing ProtocolHandler ["http-nio-8080"]
2019-11-11 15:59:10,604 INFO org.apache.juli.logging.DirectJDKLog [restartedMain] Starting service [Tomcat]
2019-11-11 15:59:10,620 INFO org.apache.juli.logging.DirectJDKLog [restartedMain] Starting Servlet Engine: Apache Tomcat/8.5.34
2019-11-11 15:59:10,809 INFO org.apache.juli.logging.DirectJDKLog [localhost-startStop-1] The APR based Apache Tomcat Native library which allows optimal performance in production environments was not found on the java.library.path: [C:\Program Files\Java\jre1.8.0_191\bin;C:\Windows\Sun\Java\bin;C:\Windows\system32;C:\Windows;C:/Program Files/Java/jdk1.8.0_191/bin/../jre/bin/server;C:/Program Files/Java/jdk1.8.0_191/bin/../jre/bin;C:/Program Files/Java/jdk1.8.0_191/bin/../jre/lib/amd64;C:\Program Files\Java\jdk1.8.0_191\bin;D:\apache-maven-3.6.0\bin;;C:\Program Files\Java\jdk1.8.0_191\bin;;C:\Program Files\Docker Toolbox;E:\eclipse\java-2018-12\eclipse;;.]
2019-11-11 15:59:12,312 INFO org.apache.juli.logging.DirectJDKLog [localhost-startStop-1] At least one JAR was scanned for TLDs yet contained no TLDs. Enable debug logging for this logger for a complete list of JARs that were scanned but no TLDs were found in them. Skipping unneeded JARs during scanning can improve startup time and JSP compilation time.
2019-11-11 15:59:12,349 INFO org.apache.juli.logging.DirectJDKLog [localhost-startStop-1] Initializing Spring embedded WebApplicationContext
2019-11-11 15:59:12,349 INFO org.springframework.boot.web.servlet.context.ServletWebServerApplicationContext [localhost-startStop-1] Root WebApplicationContext: initialization completed in 16304 ms
2019-11-11 15:59:13,068 INFO org.springframework.boot.web.servlet.ServletRegistrationBean [localhost-startStop-1] Servlet dispatcherServlet mapped to [/]
2019-11-11 15:59:13,102 INFO org.springframework.boot.web.servlet.AbstractFilterRegistrationBean [localhost-startStop-1] Mapping filter: 'characterEncodingFilter' to: [/*]
2019-11-11 15:59:13,113 INFO org.springframework.boot.web.servlet.AbstractFilterRegistrationBean [localhost-startStop-1] Mapping filter: 'hiddenHttpMethodFilter' to: [/*]
2019-11-11 15:59:13,114 INFO org.springframework.boot.web.servlet.AbstractFilterRegistrationBean [localhost-startStop-1] Mapping filter: 'httpPutFormContentFilter' to: [/*]
2019-11-11 15:59:13,116 INFO org.springframework.boot.web.servlet.AbstractFilterRegistrationBean [localhost-startStop-1] Mapping filter: 'requestContextFilter' to: [/*]
2019-11-11 15:59:14,594 INFO com.zaxxer.hikari.HikariDataSource [restartedMain] HikariPool-1 - Starting...
2019-11-11 15:59:15,933 INFO com.zaxxer.hikari.HikariDataSource [restartedMain] HikariPool-1 - Start completed.
2019-11-11 15:59:16,500 INFO org.springframework.orm.jpa.LocalContainerEntityManagerFactoryBean [restartedMain] Building JPA container EntityManagerFactory for persistence unit 'default'
2019-11-11 15:59:16,733 INFO org.hibernate.jpa.internal.util.LogHelper [restartedMain] HHH000204: Processing PersistenceUnitInfo [
	name: default
	...]
2019-11-11 15:59:18,820 INFO org.hibernate.Version [restartedMain] HHH000412: Hibernate Core {5.2.17.Final}
2019-11-11 15:59:18,868 INFO org.hibernate.cfg.Environment [restartedMain] HHH000206: hibernate.properties not found
2019-11-11 15:59:19,238 INFO org.hibernate.annotations.common.reflection.java.JavaReflectionManager [restartedMain] HCANN000001: Hibernate Commons Annotations {5.0.1.Final}
2019-11-11 15:59:20,103 INFO org.hibernate.dialect.Dialect [restartedMain] HHH000400: Using dialect: org.hibernate.dialect.PostgreSQL9Dialect
2019-11-11 15:59:20,521 INFO org.hibernate.type.BasicTypeRegistry [restartedMain] HHH000270: Type registration [java.util.UUID] overrides previous : org.hibernate.type.UUIDBinaryType@60490148
2019-11-11 15:59:21,554 INFO org.hibernate.tool.schema.internal.SchemaCreatorImpl [restartedMain] HHH000476: Executing import script 'org.hibernate.tool.schema.internal.exec.ScriptSourceInputNonExistentImpl@526ca906'
2019-11-11 15:59:21,618 INFO org.springframework.orm.jpa.AbstractEntityManagerFactoryBean [restartedMain] Initialized JPA EntityManagerFactory for persistence unit 'default'
2019-11-11 15:59:22,908 INFO org.springframework.web.servlet.handler.AbstractUrlHandlerMapping [restartedMain] Mapped URL path [/**/favicon.ico] onto handler of type [class org.springframework.web.servlet.resource.ResourceHttpRequestHandler]
2019-11-11 15:59:24,655 INFO org.springframework.web.servlet.mvc.method.annotation.RequestMappingHandlerAdapter [restartedMain] Looking for @ControllerAdvice: org.springframework.boot.web.servlet.context.AnnotationConfigServletWebServerApplicationContext@7fb4b2bb: startup date [Mon Nov 11 15:58:56 IST 2019]; root of context hierarchy
2019-11-11 15:59:24,927 WARN org.springframework.boot.autoconfigure.orm.jpa.JpaBaseConfiguration$JpaWebConfiguration$JpaWebMvcConfiguration [restartedMain] spring.jpa.open-in-view is enabled by default. Therefore, database queries may be performed during view rendering. Explicitly configure spring.jpa.open-in-view to disable this warning
2019-11-11 15:59:25,193 INFO org.springframework.web.servlet.handler.AbstractHandlerMethodMapping$MappingRegistry [restartedMain] Mapped "{[/]}" onto public java.lang.String com.yotabytes.talentpool.rest.controller.TalentPoolApplicationMainController.welcome()
2019-11-11 15:59:25,208 INFO org.springframework.web.servlet.handler.AbstractHandlerMethodMapping$MappingRegistry [restartedMain] Mapped "{[/Registration],methods=[GET]}" onto public org.springframework.web.servlet.ModelAndView com.yotabytes.talentpool.rest.controller.TalentPoolApplicationMainController.getCandidatePage(java.util.Map<java.lang.String, java.lang.Object>,javax.servlet.http.HttpSession)
2019-11-11 15:59:25,208 INFO org.springframework.web.servlet.handler.AbstractHandlerMethodMapping$MappingRegistry [restartedMain] Mapped "{[/getTalentQuestion],methods=[GET]}" onto public java.util.List<com.yotabytes.talentpool.model.TalentQuestion> com.yotabytes.talentpool.rest.controller.TalentPoolApplicationMainController.getTalentQuestion(javax.servlet.http.HttpServletRequest)
2019-11-11 15:59:25,208 INFO org.springframework.web.servlet.handler.AbstractHandlerMethodMapping$MappingRegistry [restartedMain] Mapped "{[/candidateInformation],methods=[POST]}" onto public com.yotabytes.talentpool.model.CandidateInformation com.yotabytes.talentpool.rest.controller.TalentPoolApplicationMainController.saveCandidateInformation(com.yotabytes.talentpool.model.CandidateInformation,javax.servlet.http.HttpSession)
2019-11-11 15:59:25,208 INFO org.springframework.web.servlet.handler.AbstractHandlerMethodMapping$MappingRegistry [restartedMain] Mapped "{[/candidateExperience],methods=[POST]}" onto public com.yotabytes.talentpool.model.Talent_candidate_experience com.yotabytes.talentpool.rest.controller.TalentPoolApplicationMainController.saveCandidateExperience(javax.servlet.http.HttpSession,javax.servlet.http.HttpServletRequest)
2019-11-11 15:59:25,224 INFO org.springframework.web.servlet.handler.AbstractHandlerMethodMapping$MappingRegistry [restartedMain] Mapped "{[/error]}" onto public org.springframework.http.ResponseEntity<java.util.Map<java.lang.String, java.lang.Object>> org.springframework.boot.autoconfigure.web.servlet.error.BasicErrorController.error(javax.servlet.http.HttpServletRequest)
2019-11-11 15:59:25,224 INFO org.springframework.web.servlet.handler.AbstractHandlerMethodMapping$MappingRegistry [restartedMain] Mapped "{[/error],produces=[text/html]}" onto public org.springframework.web.servlet.ModelAndView org.springframework.boot.autoconfigure.web.servlet.error.BasicErrorController.errorHtml(javax.servlet.http.HttpServletRequest,javax.servlet.http.HttpServletResponse)
2019-11-11 15:59:25,566 INFO org.springframework.web.servlet.handler.AbstractUrlHandlerMapping [restartedMain] Mapped URL path [/webjars/**] onto handler of type [class org.springframework.web.servlet.resource.ResourceHttpRequestHandler]
2019-11-11 15:59:25,567 INFO org.springframework.web.servlet.handler.AbstractUrlHandlerMapping [restartedMain] Mapped URL path [/**] onto handler of type [class org.springframework.web.servlet.resource.ResourceHttpRequestHandler]
2019-11-11 15:59:27,674 INFO org.springframework.boot.devtools.autoconfigure.OptionalLiveReloadServer [restartedMain] LiveReload server is running on port 35729
2019-11-11 15:59:28,029 INFO org.springframework.jmx.export.MBeanExporter [restartedMain] Registering beans for JMX exposure on startup
2019-11-11 15:59:28,044 INFO org.springframework.jmx.export.MBeanExporter [restartedMain] Bean with name 'dataSource' has been autodetected for JMX exposure
2019-11-11 15:59:28,060 INFO org.springframework.jmx.export.MBeanExporter [restartedMain] Located MBean 'dataSource': registering with JMX server as MBean [com.zaxxer.hikari:name=dataSource,type=HikariDataSource]
2019-11-11 15:59:28,131 INFO org.apache.juli.logging.DirectJDKLog [restartedMain] Starting ProtocolHandler ["http-nio-8080"]
2019-11-11 15:59:28,361 INFO org.apache.juli.logging.DirectJDKLog [restartedMain] Using a shared selector for servlet write/read
2019-11-11 15:59:28,576 INFO org.springframework.boot.web.embedded.tomcat.TomcatWebServer [restartedMain] Tomcat started on port(s): 8080 (http) with context path ''
2019-11-11 15:59:28,620 INFO org.springframework.boot.StartupInfoLogger [restartedMain] Started TalentPoolApplication in 37.081 seconds (JVM running for 60.33)
2019-11-11 16:06:05,972 INFO org.apache.juli.logging.DirectJDKLog [http-nio-8080-exec-1] Initializing Spring FrameworkServlet 'dispatcherServlet'
2019-11-11 16:06:05,974 INFO org.springframework.web.servlet.FrameworkServlet [http-nio-8080-exec-1] FrameworkServlet 'dispatcherServlet': initialization started
2019-11-11 16:06:06,257 INFO org.springframework.web.servlet.FrameworkServlet [http-nio-8080-exec-1] FrameworkServlet 'dispatcherServlet': initialization completed in 282 ms
2019-11-11 16:56:24,509 INFO org.springframework.context.support.AbstractApplicationContext [Thread-7] Closing org.springframework.boot.web.servlet.context.AnnotationConfigServletWebServerApplicationContext@7fb4b2bb: startup date [Mon Nov 11 15:58:56 IST 2019]; root of context hierarchy
2019-11-11 16:56:24,573 INFO org.springframework.jmx.export.MBeanExporter [Thread-7] Unregistering JMX-exposed beans on shutdown
2019-11-11 16:56:24,588 INFO org.springframework.jmx.support.MBeanRegistrationSupport [Thread-7] Unregistering JMX-exposed beans
2019-11-11 16:56:24,588 INFO org.springframework.orm.jpa.AbstractEntityManagerFactoryBean [Thread-7] Closing JPA EntityManagerFactory for persistence unit 'default'
2019-11-11 16:56:24,588 INFO org.hibernate.tool.schema.internal.SchemaDropperImpl$DelayedDropActionImpl [Thread-7] HHH000477: Starting delayed drop of schema as part of SessionFactory shut-down'
2019-11-11 16:56:24,588 INFO com.zaxxer.hikari.HikariDataSource [Thread-7] HikariPool-1 - Shutdown initiated...
2019-11-11 16:56:24,729 INFO com.zaxxer.hikari.HikariDataSource [Thread-7] HikariPool-1 - Shutdown completed.
2019-11-11 16:56:39,166 INFO org.springframework.boot.StartupInfoLogger [restartedMain] Starting TalentPoolApplication on System21 with PID 4652 (C:\Users\user\git\TalentPool\TalentPool\target\classes started by user in C:\Users\user\git\TalentPool\TalentPool)
2019-11-11 16:56:39,166 DEBUG org.springframework.boot.StartupInfoLogger [restartedMain] Running with Spring Boot v2.0.6.RELEASE, Spring v5.0.10.RELEASE
2019-11-11 16:56:39,166 INFO org.springframework.boot.SpringApplication [restartedMain] No active profile set, falling back to default profiles: default
2019-11-11 16:56:39,181 INFO org.springframework.context.support.AbstractApplicationContext [restartedMain] Refreshing org.springframework.boot.web.servlet.context.AnnotationConfigServletWebServerApplicationContext@566fbe00: startup date [Mon Nov 11 16:56:39 IST 2019]; root of context hierarchy
2019-11-11 16:56:41,239 INFO org.springframework.context.support.PostProcessorRegistrationDelegate$BeanPostProcessorChecker [restartedMain] Bean 'org.springframework.transaction.annotation.ProxyTransactionManagementConfiguration' of type [org.springframework.transaction.annotation.ProxyTransactionManagementConfiguration$$EnhancerBySpringCGLIB$$a8b5c0cb] is not eligible for getting processed by all BeanPostProcessors (for example: not eligible for auto-proxying)
2019-11-11 16:56:42,326 INFO org.springframework.boot.web.embedded.tomcat.TomcatWebServer [restartedMain] Tomcat initialized with port(s): 8080 (http)
2019-11-11 16:56:42,326 INFO org.apache.juli.logging.DirectJDKLog [restartedMain] Initializing ProtocolHandler ["http-nio-8080"]
2019-11-11 16:56:42,326 INFO org.apache.juli.logging.DirectJDKLog [restartedMain] Starting service [Tomcat]
2019-11-11 16:56:42,341 INFO org.apache.juli.logging.DirectJDKLog [restartedMain] Starting Servlet Engine: Apache Tomcat/8.5.34
2019-11-11 16:56:42,919 INFO org.apache.juli.logging.DirectJDKLog [localhost-startStop-1] At least one JAR was scanned for TLDs yet contained no TLDs. Enable debug logging for this logger for a complete list of JARs that were scanned but no TLDs were found in them. Skipping unneeded JARs during scanning can improve startup time and JSP compilation time.
2019-11-11 16:56:42,952 INFO org.apache.juli.logging.DirectJDKLog [localhost-startStop-1] Initializing Spring embedded WebApplicationContext
2019-11-11 16:56:42,952 INFO org.springframework.boot.web.servlet.context.ServletWebServerApplicationContext [localhost-startStop-1] Root WebApplicationContext: initialization completed in 3771 ms
2019-11-11 16:56:42,999 INFO org.springframework.boot.web.servlet.ServletRegistrationBean [localhost-startStop-1] Servlet dispatcherServlet mapped to [/]
2019-11-11 16:56:42,999 INFO org.springframework.boot.web.servlet.AbstractFilterRegistrationBean [localhost-startStop-1] Mapping filter: 'characterEncodingFilter' to: [/*]
2019-11-11 16:56:42,999 INFO org.springframework.boot.web.servlet.AbstractFilterRegistrationBean [localhost-startStop-1] Mapping filter: 'hiddenHttpMethodFilter' to: [/*]
2019-11-11 16:56:42,999 INFO org.springframework.boot.web.servlet.AbstractFilterRegistrationBean [localhost-startStop-1] Mapping filter: 'httpPutFormContentFilter' to: [/*]
2019-11-11 16:56:42,999 INFO org.springframework.boot.web.servlet.AbstractFilterRegistrationBean [localhost-startStop-1] Mapping filter: 'requestContextFilter' to: [/*]
2019-11-11 16:56:43,124 INFO com.zaxxer.hikari.HikariDataSource [restartedMain] HikariPool-2 - Starting...
2019-11-11 16:56:43,202 INFO com.zaxxer.hikari.HikariDataSource [restartedMain] HikariPool-2 - Start completed.
2019-11-11 16:56:43,233 INFO org.springframework.orm.jpa.LocalContainerEntityManagerFactoryBean [restartedMain] Building JPA container EntityManagerFactory for persistence unit 'default'
2019-11-11 16:56:43,233 INFO org.hibernate.jpa.internal.util.LogHelper [restartedMain] HHH000204: Processing PersistenceUnitInfo [
	name: default
	...]
2019-11-11 16:56:43,400 INFO org.hibernate.dialect.Dialect [restartedMain] HHH000400: Using dialect: org.hibernate.dialect.PostgreSQL9Dialect
2019-11-11 16:56:43,412 INFO org.hibernate.type.BasicTypeRegistry [restartedMain] HHH000270: Type registration [java.util.UUID] overrides previous : org.hibernate.type.UUIDBinaryType@60490148
2019-11-11 16:56:43,569 INFO org.hibernate.tool.schema.internal.SchemaCreatorImpl [restartedMain] HHH000476: Executing import script 'org.hibernate.tool.schema.internal.exec.ScriptSourceInputNonExistentImpl@526ca906'
2019-11-11 16:56:43,569 INFO org.springframework.orm.jpa.AbstractEntityManagerFactoryBean [restartedMain] Initialized JPA EntityManagerFactory for persistence unit 'default'
2019-11-11 16:56:44,132 INFO org.springframework.web.servlet.handler.AbstractUrlHandlerMapping [restartedMain] Mapped URL path [/**/favicon.ico] onto handler of type [class org.springframework.web.servlet.resource.ResourceHttpRequestHandler]
2019-11-11 16:56:44,866 INFO org.springframework.web.servlet.mvc.method.annotation.RequestMappingHandlerAdapter [restartedMain] Looking for @ControllerAdvice: org.springframework.boot.web.servlet.context.AnnotationConfigServletWebServerApplicationContext@566fbe00: startup date [Mon Nov 11 16:56:39 IST 2019]; root of context hierarchy
2019-11-11 16:56:44,897 WARN org.springframework.boot.autoconfigure.orm.jpa.JpaBaseConfiguration$JpaWebConfiguration$JpaWebMvcConfiguration [restartedMain] spring.jpa.open-in-view is enabled by default. Therefore, database queries may be performed during view rendering. Explicitly configure spring.jpa.open-in-view to disable this warning
2019-11-11 16:56:44,998 INFO org.springframework.web.servlet.handler.AbstractHandlerMethodMapping$MappingRegistry [restartedMain] Mapped "{[/]}" onto public java.lang.String com.yotabytes.talentpool.rest.controller.TalentPoolApplicationMainController.welcome()
2019-11-11 16:56:45,000 INFO org.springframework.web.servlet.handler.AbstractHandlerMethodMapping$MappingRegistry [restartedMain] Mapped "{[/Registration],methods=[GET]}" onto public org.springframework.web.servlet.ModelAndView com.yotabytes.talentpool.rest.controller.TalentPoolApplicationMainController.getCandidatePage(java.util.Map<java.lang.String, java.lang.Object>,javax.servlet.http.HttpSession)
2019-11-11 16:56:45,000 INFO org.springframework.web.servlet.handler.AbstractHandlerMethodMapping$MappingRegistry [restartedMain] Mapped "{[/getTalentQuestion],methods=[GET]}" onto public java.util.List<com.yotabytes.talentpool.model.TalentQuestion> com.yotabytes.talentpool.rest.controller.TalentPoolApplicationMainController.getTalentQuestion(javax.servlet.http.HttpServletRequest)
2019-11-11 16:56:45,001 INFO org.springframework.web.servlet.handler.AbstractHandlerMethodMapping$MappingRegistry [restartedMain] Mapped "{[/candidateInformation],methods=[POST]}" onto public com.yotabytes.talentpool.model.CandidateInformation com.yotabytes.talentpool.rest.controller.TalentPoolApplicationMainController.saveCandidateInformation(com.yotabytes.talentpool.model.CandidateInformation,javax.servlet.http.HttpSession)
2019-11-11 16:56:45,002 INFO org.springframework.web.servlet.handler.AbstractHandlerMethodMapping$MappingRegistry [restartedMain] Mapped "{[/candidateExperience],methods=[POST]}" onto public com.yotabytes.talentpool.model.Talent_candidate_experience com.yotabytes.talentpool.rest.controller.TalentPoolApplicationMainController.saveCandidateExperience(javax.servlet.http.HttpSession,javax.servlet.http.HttpServletRequest)
2019-11-11 16:56:45,958 INFO org.springframework.web.servlet.handler.AbstractHandlerMethodMapping$MappingRegistry [restartedMain] Mapped "{[/error]}" onto public org.springframework.http.ResponseEntity<java.util.Map<java.lang.String, java.lang.Object>> org.springframework.boot.autoconfigure.web.servlet.error.BasicErrorController.error(javax.servlet.http.HttpServletRequest)
2019-11-11 16:56:45,958 INFO org.springframework.web.servlet.handler.AbstractHandlerMethodMapping$MappingRegistry [restartedMain] Mapped "{[/error],produces=[text/html]}" onto public org.springframework.web.servlet.ModelAndView org.springframework.boot.autoconfigure.web.servlet.error.BasicErrorController.errorHtml(javax.servlet.http.HttpServletRequest,javax.servlet.http.HttpServletResponse)
2019-11-11 16:56:46,083 INFO org.springframework.web.servlet.handler.AbstractUrlHandlerMapping [restartedMain] Mapped URL path [/webjars/**] onto handler of type [class org.springframework.web.servlet.resource.ResourceHttpRequestHandler]
2019-11-11 16:56:46,083 INFO org.springframework.web.servlet.handler.AbstractUrlHandlerMapping [restartedMain] Mapped URL path [/**] onto handler of type [class org.springframework.web.servlet.resource.ResourceHttpRequestHandler]
2019-11-11 16:56:47,099 INFO org.springframework.boot.devtools.autoconfigure.OptionalLiveReloadServer [restartedMain] LiveReload server is running on port 35729
2019-11-11 16:56:47,506 INFO org.springframework.jmx.export.MBeanExporter [restartedMain] Registering beans for JMX exposure on startup
2019-11-11 16:56:47,509 INFO org.springframework.jmx.export.MBeanExporter [restartedMain] Bean with name 'dataSource' has been autodetected for JMX exposure
2019-11-11 16:56:47,522 INFO org.springframework.jmx.export.MBeanExporter [restartedMain] Located MBean 'dataSource': registering with JMX server as MBean [com.zaxxer.hikari:name=dataSource,type=HikariDataSource]
2019-11-11 16:56:47,559 INFO org.apache.juli.logging.DirectJDKLog [restartedMain] Starting ProtocolHandler ["http-nio-8080"]
2019-11-11 16:56:47,575 INFO org.apache.juli.logging.DirectJDKLog [restartedMain] Using a shared selector for servlet write/read
2019-11-11 16:56:47,653 INFO org.springframework.boot.web.embedded.tomcat.TomcatWebServer [restartedMain] Tomcat started on port(s): 8080 (http) with context path ''
2019-11-11 16:56:47,653 INFO org.springframework.boot.StartupInfoLogger [restartedMain] Started TalentPoolApplication in 8.909 seconds (JVM running for 3467.877)
2019-11-11 16:56:47,668 INFO org.springframework.boot.devtools.autoconfigure.ConditionEvaluationDeltaLoggingListener [restartedMain] Condition evaluation unchanged
2019-11-11 16:58:00,287 INFO org.springframework.context.support.AbstractApplicationContext [Thread-13] Closing org.springframework.boot.web.servlet.context.AnnotationConfigServletWebServerApplicationContext@566fbe00: startup date [Mon Nov 11 16:56:39 IST 2019]; root of context hierarchy
2019-11-11 16:58:00,689 INFO org.springframework.jmx.export.MBeanExporter [Thread-13] Unregistering JMX-exposed beans on shutdown
2019-11-11 16:58:00,693 INFO org.springframework.jmx.support.MBeanRegistrationSupport [Thread-13] Unregistering JMX-exposed beans
2019-11-11 16:58:00,694 INFO org.springframework.orm.jpa.AbstractEntityManagerFactoryBean [Thread-13] Closing JPA EntityManagerFactory for persistence unit 'default'
2019-11-11 16:58:00,694 INFO org.hibernate.tool.schema.internal.SchemaDropperImpl$DelayedDropActionImpl [Thread-13] HHH000477: Starting delayed drop of schema as part of SessionFactory shut-down'
2019-11-11 16:58:00,696 INFO com.zaxxer.hikari.HikariDataSource [Thread-13] HikariPool-2 - Shutdown initiated...
2019-11-11 16:58:02,127 INFO com.zaxxer.hikari.HikariDataSource [Thread-13] HikariPool-2 - Shutdown completed.
2019-11-11 16:58:09,943 INFO org.springframework.boot.StartupInfoLogger [restartedMain] Starting TalentPoolApplication on System21 with PID 4652 (C:\Users\user\git\TalentPool\TalentPool\target\classes started by user in C:\Users\user\git\TalentPool\TalentPool)
2019-11-11 16:58:09,943 DEBUG org.springframework.boot.StartupInfoLogger [restartedMain] Running with Spring Boot v2.0.6.RELEASE, Spring v5.0.10.RELEASE
2019-11-11 16:58:09,944 INFO org.springframework.boot.SpringApplication [restartedMain] No active profile set, falling back to default profiles: default
2019-11-11 16:58:09,949 INFO org.springframework.context.support.AbstractApplicationContext [restartedMain] Refreshing org.springframework.boot.web.servlet.context.AnnotationConfigServletWebServerApplicationContext@667248f: startup date [Mon Nov 11 16:58:09 IST 2019]; root of context hierarchy
2019-11-11 16:58:12,518 INFO org.springframework.context.support.PostProcessorRegistrationDelegate$BeanPostProcessorChecker [restartedMain] Bean 'org.springframework.transaction.annotation.ProxyTransactionManagementConfiguration' of type [org.springframework.transaction.annotation.ProxyTransactionManagementConfiguration$$EnhancerBySpringCGLIB$$a8b5c0cb] is not eligible for getting processed by all BeanPostProcessors (for example: not eligible for auto-proxying)
2019-11-11 16:58:13,718 INFO org.springframework.boot.web.embedded.tomcat.TomcatWebServer [restartedMain] Tomcat initialized with port(s): 8080 (http)
2019-11-11 16:58:13,721 INFO org.apache.juli.logging.DirectJDKLog [restartedMain] Initializing ProtocolHandler ["http-nio-8080"]
2019-11-11 16:58:13,722 INFO org.apache.juli.logging.DirectJDKLog [restartedMain] Starting service [Tomcat]
2019-11-11 16:58:13,723 INFO org.apache.juli.logging.DirectJDKLog [restartedMain] Starting Servlet Engine: Apache Tomcat/8.5.34
2019-11-11 16:58:14,789 INFO org.apache.juli.logging.DirectJDKLog [localhost-startStop-1] At least one JAR was scanned for TLDs yet contained no TLDs. Enable debug logging for this logger for a complete list of JARs that were scanned but no TLDs were found in them. Skipping unneeded JARs during scanning can improve startup time and JSP compilation time.
2019-11-11 16:58:14,797 INFO org.apache.juli.logging.DirectJDKLog [localhost-startStop-1] Initializing Spring embedded WebApplicationContext
2019-11-11 16:58:14,801 INFO org.springframework.boot.web.servlet.context.ServletWebServerApplicationContext [localhost-startStop-1] Root WebApplicationContext: initialization completed in 4852 ms
2019-11-11 16:58:14,888 INFO org.springframework.boot.web.servlet.ServletRegistrationBean [localhost-startStop-1] Servlet dispatcherServlet mapped to [/]
2019-11-11 16:58:14,894 INFO org.springframework.boot.web.servlet.AbstractFilterRegistrationBean [localhost-startStop-1] Mapping filter: 'characterEncodingFilter' to: [/*]
2019-11-11 16:58:14,894 INFO org.springframework.boot.web.servlet.AbstractFilterRegistrationBean [localhost-startStop-1] Mapping filter: 'hiddenHttpMethodFilter' to: [/*]
2019-11-11 16:58:14,903 INFO org.springframework.boot.web.servlet.AbstractFilterRegistrationBean [localhost-startStop-1] Mapping filter: 'httpPutFormContentFilter' to: [/*]
2019-11-11 16:58:14,918 INFO org.springframework.boot.web.servlet.AbstractFilterRegistrationBean [localhost-startStop-1] Mapping filter: 'requestContextFilter' to: [/*]
2019-11-11 16:58:15,169 INFO com.zaxxer.hikari.HikariDataSource [restartedMain] HikariPool-3 - Starting...
2019-11-11 16:58:15,306 INFO com.zaxxer.hikari.HikariDataSource [restartedMain] HikariPool-3 - Start completed.
2019-11-11 16:58:15,316 INFO org.springframework.orm.jpa.LocalContainerEntityManagerFactoryBean [restartedMain] Building JPA container EntityManagerFactory for persistence unit 'default'
2019-11-11 16:58:15,317 INFO org.hibernate.jpa.internal.util.LogHelper [restartedMain] HHH000204: Processing PersistenceUnitInfo [
	name: default
	...]
2019-11-11 16:58:15,351 INFO org.hibernate.dialect.Dialect [restartedMain] HHH000400: Using dialect: org.hibernate.dialect.PostgreSQL9Dialect
2019-11-11 16:58:15,362 INFO org.hibernate.type.BasicTypeRegistry [restartedMain] HHH000270: Type registration [java.util.UUID] overrides previous : org.hibernate.type.UUIDBinaryType@60490148
2019-11-11 16:58:15,432 INFO org.hibernate.tool.schema.internal.SchemaCreatorImpl [restartedMain] HHH000476: Executing import script 'org.hibernate.tool.schema.internal.exec.ScriptSourceInputNonExistentImpl@526ca906'
2019-11-11 16:58:15,434 INFO org.springframework.orm.jpa.AbstractEntityManagerFactoryBean [restartedMain] Initialized JPA EntityManagerFactory for persistence unit 'default'
2019-11-11 16:58:15,710 INFO org.springframework.web.servlet.handler.AbstractUrlHandlerMapping [restartedMain] Mapped URL path [/**/favicon.ico] onto handler of type [class org.springframework.web.servlet.resource.ResourceHttpRequestHandler]
2019-11-11 16:58:16,047 INFO org.springframework.web.servlet.mvc.method.annotation.RequestMappingHandlerAdapter [restartedMain] Looking for @ControllerAdvice: org.springframework.boot.web.servlet.context.AnnotationConfigServletWebServerApplicationContext@667248f: startup date [Mon Nov 11 16:58:09 IST 2019]; root of context hierarchy
2019-11-11 16:58:16,107 WARN org.springframework.boot.autoconfigure.orm.jpa.JpaBaseConfiguration$JpaWebConfiguration$JpaWebMvcConfiguration [restartedMain] spring.jpa.open-in-view is enabled by default. Therefore, database queries may be performed during view rendering. Explicitly configure spring.jpa.open-in-view to disable this warning
2019-11-11 16:58:16,205 INFO org.springframework.web.servlet.handler.AbstractHandlerMethodMapping$MappingRegistry [restartedMain] Mapped "{[/]}" onto public java.lang.String com.yotabytes.talentpool.rest.controller.TalentPoolApplicationMainController.welcome()
2019-11-11 16:58:16,207 INFO org.springframework.web.servlet.handler.AbstractHandlerMethodMapping$MappingRegistry [restartedMain] Mapped "{[/Registration],methods=[GET]}" onto public org.springframework.web.servlet.ModelAndView com.yotabytes.talentpool.rest.controller.TalentPoolApplicationMainController.getCandidatePage(java.util.Map<java.lang.String, java.lang.Object>,javax.servlet.http.HttpSession)
2019-11-11 16:58:16,208 INFO org.springframework.web.servlet.handler.AbstractHandlerMethodMapping$MappingRegistry [restartedMain] Mapped "{[/getTalentQuestion],methods=[GET]}" onto public java.util.List<com.yotabytes.talentpool.model.TalentQuestion> com.yotabytes.talentpool.rest.controller.TalentPoolApplicationMainController.getTalentQuestion(javax.servlet.http.HttpServletRequest)
2019-11-11 16:58:16,208 INFO org.springframework.web.servlet.handler.AbstractHandlerMethodMapping$MappingRegistry [restartedMain] Mapped "{[/candidateInformation],methods=[POST]}" onto public com.yotabytes.talentpool.model.CandidateInformation com.yotabytes.talentpool.rest.controller.TalentPoolApplicationMainController.saveCandidateInformation(com.yotabytes.talentpool.model.CandidateInformation,javax.servlet.http.HttpSession)
2019-11-11 16:58:16,209 INFO org.springframework.web.servlet.handler.AbstractHandlerMethodMapping$MappingRegistry [restartedMain] Mapped "{[/candidateExperience],methods=[POST]}" onto public com.yotabytes.talentpool.model.Talent_candidate_experience com.yotabytes.talentpool.rest.controller.TalentPoolApplicationMainController.saveCandidateExperience(javax.servlet.http.HttpSession,javax.servlet.http.HttpServletRequest)
2019-11-11 16:58:16,214 INFO org.springframework.web.servlet.handler.AbstractHandlerMethodMapping$MappingRegistry [restartedMain] Mapped "{[/error]}" onto public org.springframework.http.ResponseEntity<java.util.Map<java.lang.String, java.lang.Object>> org.springframework.boot.autoconfigure.web.servlet.error.BasicErrorController.error(javax.servlet.http.HttpServletRequest)
2019-11-11 16:58:16,215 INFO org.springframework.web.servlet.handler.AbstractHandlerMethodMapping$MappingRegistry [restartedMain] Mapped "{[/error],produces=[text/html]}" onto public org.springframework.web.servlet.ModelAndView org.springframework.boot.autoconfigure.web.servlet.error.BasicErrorController.errorHtml(javax.servlet.http.HttpServletRequest,javax.servlet.http.HttpServletResponse)
2019-11-11 16:58:16,265 INFO org.springframework.web.servlet.handler.AbstractUrlHandlerMapping [restartedMain] Mapped URL path [/webjars/**] onto handler of type [class org.springframework.web.servlet.resource.ResourceHttpRequestHandler]
2019-11-11 16:58:16,266 INFO org.springframework.web.servlet.handler.AbstractUrlHandlerMapping [restartedMain] Mapped URL path [/**] onto handler of type [class org.springframework.web.servlet.resource.ResourceHttpRequestHandler]
2019-11-11 16:58:16,703 INFO org.springframework.boot.devtools.autoconfigure.OptionalLiveReloadServer [restartedMain] LiveReload server is running on port 35729
2019-11-11 16:58:16,780 INFO org.springframework.jmx.export.MBeanExporter [restartedMain] Registering beans for JMX exposure on startup
2019-11-11 16:58:16,782 INFO org.springframework.jmx.export.MBeanExporter [restartedMain] Bean with name 'dataSource' has been autodetected for JMX exposure
2019-11-11 16:58:16,794 INFO org.springframework.jmx.export.MBeanExporter [restartedMain] Located MBean 'dataSource': registering with JMX server as MBean [com.zaxxer.hikari:name=dataSource,type=HikariDataSource]
2019-11-11 16:58:16,811 INFO org.apache.juli.logging.DirectJDKLog [restartedMain] Starting ProtocolHandler ["http-nio-8080"]
2019-11-11 16:58:16,816 INFO org.apache.juli.logging.DirectJDKLog [restartedMain] Using a shared selector for servlet write/read
2019-11-11 16:58:17,150 INFO org.springframework.boot.web.embedded.tomcat.TomcatWebServer [restartedMain] Tomcat started on port(s): 8080 (http) with context path ''
2019-11-11 16:58:17,155 INFO org.springframework.boot.StartupInfoLogger [restartedMain] Started TalentPoolApplication in 7.502 seconds (JVM running for 3556.602)
2019-11-11 16:58:17,162 INFO org.springframework.boot.devtools.autoconfigure.ConditionEvaluationDeltaLoggingListener [restartedMain] Condition evaluation unchanged
2019-11-11 17:05:49,526 INFO org.springframework.context.support.AbstractApplicationContext [Thread-21] Closing org.springframework.boot.web.servlet.context.AnnotationConfigServletWebServerApplicationContext@667248f: startup date [Mon Nov 11 16:58:09 IST 2019]; root of context hierarchy
2019-11-11 17:05:49,526 INFO org.springframework.jmx.export.MBeanExporter [Thread-21] Unregistering JMX-exposed beans on shutdown
2019-11-11 17:05:49,526 INFO org.springframework.jmx.support.MBeanRegistrationSupport [Thread-21] Unregistering JMX-exposed beans
2019-11-11 17:05:49,526 INFO org.springframework.orm.jpa.AbstractEntityManagerFactoryBean [Thread-21] Closing JPA EntityManagerFactory for persistence unit 'default'
2019-11-11 17:05:49,526 INFO org.hibernate.tool.schema.internal.SchemaDropperImpl$DelayedDropActionImpl [Thread-21] HHH000477: Starting delayed drop of schema as part of SessionFactory shut-down'
2019-11-11 17:05:49,526 INFO com.zaxxer.hikari.HikariDataSource [Thread-21] HikariPool-3 - Shutdown initiated...
2019-11-11 17:05:49,604 INFO com.zaxxer.hikari.HikariDataSource [Thread-21] HikariPool-3 - Shutdown completed.
2019-11-11 17:06:00,471 INFO org.springframework.boot.StartupInfoLogger [restartedMain] Starting TalentPoolApplication on System21 with PID 4652 (C:\Users\user\git\TalentPool\TalentPool\target\classes started by user in C:\Users\user\git\TalentPool\TalentPool)
2019-11-11 17:06:00,471 DEBUG org.springframework.boot.StartupInfoLogger [restartedMain] Running with Spring Boot v2.0.6.RELEASE, Spring v5.0.10.RELEASE
2019-11-11 17:06:00,471 INFO org.springframework.boot.SpringApplication [restartedMain] No active profile set, falling back to default profiles: default
2019-11-11 17:06:00,504 INFO org.springframework.context.support.AbstractApplicationContext [restartedMain] Refreshing org.springframework.boot.web.servlet.context.AnnotationConfigServletWebServerApplicationContext@1e620f83: startup date [Mon Nov 11 17:06:00 IST 2019]; root of context hierarchy
2019-11-11 17:06:05,084 INFO org.springframework.context.support.PostProcessorRegistrationDelegate$BeanPostProcessorChecker [restartedMain] Bean 'org.springframework.transaction.annotation.ProxyTransactionManagementConfiguration' of type [org.springframework.transaction.annotation.ProxyTransactionManagementConfiguration$$EnhancerBySpringCGLIB$$a8b5c0cb] is not eligible for getting processed by all BeanPostProcessors (for example: not eligible for auto-proxying)
2019-11-11 17:06:05,839 INFO org.springframework.boot.web.embedded.tomcat.TomcatWebServer [restartedMain] Tomcat initialized with port(s): 8080 (http)
2019-11-11 17:06:05,839 INFO org.apache.juli.logging.DirectJDKLog [restartedMain] Initializing ProtocolHandler ["http-nio-8080"]
2019-11-11 17:06:05,839 INFO org.apache.juli.logging.DirectJDKLog [restartedMain] Starting service [Tomcat]
2019-11-11 17:06:05,839 INFO org.apache.juli.logging.DirectJDKLog [restartedMain] Starting Servlet Engine: Apache Tomcat/8.5.34
2019-11-11 17:06:06,535 INFO org.apache.juli.logging.DirectJDKLog [localhost-startStop-1] At least one JAR was scanned for TLDs yet contained no TLDs. Enable debug logging for this logger for a complete list of JARs that were scanned but no TLDs were found in them. Skipping unneeded JARs during scanning can improve startup time and JSP compilation time.
2019-11-11 17:06:06,535 INFO org.apache.juli.logging.DirectJDKLog [localhost-startStop-1] Initializing Spring embedded WebApplicationContext
2019-11-11 17:06:06,535 INFO org.springframework.boot.web.servlet.context.ServletWebServerApplicationContext [localhost-startStop-1] Root WebApplicationContext: initialization completed in 6031 ms
2019-11-11 17:06:06,675 INFO org.springframework.boot.web.servlet.ServletRegistrationBean [localhost-startStop-1] Servlet dispatcherServlet mapped to [/]
2019-11-11 17:06:06,675 INFO org.springframework.boot.web.servlet.AbstractFilterRegistrationBean [localhost-startStop-1] Mapping filter: 'characterEncodingFilter' to: [/*]
2019-11-11 17:06:06,675 INFO org.springframework.boot.web.servlet.AbstractFilterRegistrationBean [localhost-startStop-1] Mapping filter: 'hiddenHttpMethodFilter' to: [/*]
2019-11-11 17:06:06,675 INFO org.springframework.boot.web.servlet.AbstractFilterRegistrationBean [localhost-startStop-1] Mapping filter: 'httpPutFormContentFilter' to: [/*]
2019-11-11 17:06:06,675 INFO org.springframework.boot.web.servlet.AbstractFilterRegistrationBean [localhost-startStop-1] Mapping filter: 'requestContextFilter' to: [/*]
2019-11-11 17:06:06,988 INFO com.zaxxer.hikari.HikariDataSource [restartedMain] HikariPool-4 - Starting...
2019-11-11 17:06:07,136 INFO com.zaxxer.hikari.HikariDataSource [restartedMain] HikariPool-4 - Start completed.
2019-11-11 17:06:07,149 INFO org.springframework.orm.jpa.LocalContainerEntityManagerFactoryBean [restartedMain] Building JPA container EntityManagerFactory for persistence unit 'default'
2019-11-11 17:06:07,150 INFO org.hibernate.jpa.internal.util.LogHelper [restartedMain] HHH000204: Processing PersistenceUnitInfo [
	name: default
	...]
2019-11-11 17:06:07,175 INFO org.hibernate.dialect.Dialect [restartedMain] HHH000400: Using dialect: org.hibernate.dialect.PostgreSQL9Dialect
2019-11-11 17:06:07,182 INFO org.hibernate.type.BasicTypeRegistry [restartedMain] HHH000270: Type registration [java.util.UUID] overrides previous : org.hibernate.type.UUIDBinaryType@60490148
2019-11-11 17:06:07,205 INFO org.hibernate.tool.schema.internal.SchemaCreatorImpl [restartedMain] HHH000476: Executing import script 'org.hibernate.tool.schema.internal.exec.ScriptSourceInputNonExistentImpl@526ca906'
2019-11-11 17:06:07,354 INFO org.springframework.orm.jpa.AbstractEntityManagerFactoryBean [restartedMain] Initialized JPA EntityManagerFactory for persistence unit 'default'
2019-11-11 17:06:07,525 INFO org.springframework.web.servlet.handler.AbstractUrlHandlerMapping [restartedMain] Mapped URL path [/**/favicon.ico] onto handler of type [class org.springframework.web.servlet.resource.ResourceHttpRequestHandler]
2019-11-11 17:06:08,548 INFO org.springframework.web.servlet.mvc.method.annotation.RequestMappingHandlerAdapter [restartedMain] Looking for @ControllerAdvice: org.springframework.boot.web.servlet.context.AnnotationConfigServletWebServerApplicationContext@1e620f83: startup date [Mon Nov 11 17:06:00 IST 2019]; root of context hierarchy
2019-11-11 17:06:08,674 WARN org.springframework.boot.autoconfigure.orm.jpa.JpaBaseConfiguration$JpaWebConfiguration$JpaWebMvcConfiguration [restartedMain] spring.jpa.open-in-view is enabled by default. Therefore, database queries may be performed during view rendering. Explicitly configure spring.jpa.open-in-view to disable this warning
2019-11-11 17:06:08,815 INFO org.springframework.web.servlet.handler.AbstractHandlerMethodMapping$MappingRegistry [restartedMain] Mapped "{[/]}" onto public java.lang.String com.yotabytes.talentpool.rest.controller.TalentPoolApplicationMainController.welcome()
2019-11-11 17:06:08,815 INFO org.springframework.web.servlet.handler.AbstractHandlerMethodMapping$MappingRegistry [restartedMain] Mapped "{[/Registration],methods=[GET]}" onto public org.springframework.web.servlet.ModelAndView com.yotabytes.talentpool.rest.controller.TalentPoolApplicationMainController.getCandidatePage(java.util.Map<java.lang.String, java.lang.Object>,javax.servlet.http.HttpSession)
2019-11-11 17:06:08,815 INFO org.springframework.web.servlet.handler.AbstractHandlerMethodMapping$MappingRegistry [restartedMain] Mapped "{[/getTalentQuestion],methods=[GET]}" onto public java.util.List<com.yotabytes.talentpool.model.TalentQuestion> com.yotabytes.talentpool.rest.controller.TalentPoolApplicationMainController.getTalentQuestion(javax.servlet.http.HttpServletRequest)
2019-11-11 17:06:08,815 INFO org.springframework.web.servlet.handler.AbstractHandlerMethodMapping$MappingRegistry [restartedMain] Mapped "{[/candidateInformation],methods=[POST]}" onto public com.yotabytes.talentpool.model.CandidateInformation com.yotabytes.talentpool.rest.controller.TalentPoolApplicationMainController.saveCandidateInformation(com.yotabytes.talentpool.model.CandidateInformation,javax.servlet.http.HttpSession)
2019-11-11 17:06:08,815 INFO org.springframework.web.servlet.handler.AbstractHandlerMethodMapping$MappingRegistry [restartedMain] Mapped "{[/candidateExperience],methods=[POST]}" onto public com.yotabytes.talentpool.model.Talent_candidate_experience com.yotabytes.talentpool.rest.controller.TalentPoolApplicationMainController.saveCandidateExperience(javax.servlet.http.HttpSession,javax.servlet.http.HttpServletRequest)
2019-11-11 17:06:08,815 INFO org.springframework.web.servlet.handler.AbstractHandlerMethodMapping$MappingRegistry [restartedMain] Mapped "{[/error]}" onto public org.springframework.http.ResponseEntity<java.util.Map<java.lang.String, java.lang.Object>> org.springframework.boot.autoconfigure.web.servlet.error.BasicErrorController.error(javax.servlet.http.HttpServletRequest)
2019-11-11 17:06:08,815 INFO org.springframework.web.servlet.handler.AbstractHandlerMethodMapping$MappingRegistry [restartedMain] Mapped "{[/error],produces=[text/html]}" onto public org.springframework.web.servlet.ModelAndView org.springframework.boot.autoconfigure.web.servlet.error.BasicErrorController.errorHtml(javax.servlet.http.HttpServletRequest,javax.servlet.http.HttpServletResponse)
2019-11-11 17:06:08,924 INFO org.springframework.web.servlet.handler.AbstractUrlHandlerMapping [restartedMain] Mapped URL path [/webjars/**] onto handler of type [class org.springframework.web.servlet.resource.ResourceHttpRequestHandler]
2019-11-11 17:06:08,924 INFO org.springframework.web.servlet.handler.AbstractUrlHandlerMapping [restartedMain] Mapped URL path [/**] onto handler of type [class org.springframework.web.servlet.resource.ResourceHttpRequestHandler]
2019-11-11 17:06:11,863 INFO org.springframework.boot.devtools.autoconfigure.OptionalLiveReloadServer [restartedMain] LiveReload server is running on port 35729
2019-11-11 17:06:12,033 INFO org.springframework.jmx.export.MBeanExporter [restartedMain] Registering beans for JMX exposure on startup
2019-11-11 17:06:12,035 INFO org.springframework.jmx.export.MBeanExporter [restartedMain] Bean with name 'dataSource' has been autodetected for JMX exposure
2019-11-11 17:06:12,152 INFO org.springframework.jmx.export.MBeanExporter [restartedMain] Located MBean 'dataSource': registering with JMX server as MBean [com.zaxxer.hikari:name=dataSource,type=HikariDataSource]
2019-11-11 17:06:12,152 INFO org.apache.juli.logging.DirectJDKLog [restartedMain] Starting ProtocolHandler ["http-nio-8080"]
2019-11-11 17:06:12,167 INFO org.apache.juli.logging.DirectJDKLog [restartedMain] Using a shared selector for servlet write/read
2019-11-11 17:06:12,308 INFO org.springframework.boot.web.embedded.tomcat.TomcatWebServer [restartedMain] Tomcat started on port(s): 8080 (http) with context path ''
2019-11-11 17:06:12,308 INFO org.springframework.boot.StartupInfoLogger [restartedMain] Started TalentPoolApplication in 12.643 seconds (JVM running for 4024.296)
2019-11-11 17:06:12,308 INFO org.springframework.boot.devtools.autoconfigure.ConditionEvaluationDeltaLoggingListener [restartedMain] Condition evaluation unchanged
2019-11-11 17:06:19,278 INFO org.springframework.context.support.AbstractApplicationContext [Thread-29] Closing org.springframework.boot.web.servlet.context.AnnotationConfigServletWebServerApplicationContext@1e620f83: startup date [Mon Nov 11 17:06:00 IST 2019]; root of context hierarchy
2019-11-11 17:06:19,278 INFO org.springframework.jmx.export.MBeanExporter [Thread-29] Unregistering JMX-exposed beans on shutdown
2019-11-11 17:06:19,278 INFO org.springframework.jmx.support.MBeanRegistrationSupport [Thread-29] Unregistering JMX-exposed beans
2019-11-11 17:06:19,278 INFO org.springframework.orm.jpa.AbstractEntityManagerFactoryBean [Thread-29] Closing JPA EntityManagerFactory for persistence unit 'default'
2019-11-11 17:06:19,278 INFO org.hibernate.tool.schema.internal.SchemaDropperImpl$DelayedDropActionImpl [Thread-29] HHH000477: Starting delayed drop of schema as part of SessionFactory shut-down'
2019-11-11 17:06:19,278 INFO com.zaxxer.hikari.HikariDataSource [Thread-29] HikariPool-4 - Shutdown initiated...
2019-11-11 17:06:19,566 INFO com.zaxxer.hikari.HikariDataSource [Thread-29] HikariPool-4 - Shutdown completed.
2019-11-11 17:06:29,665 INFO org.springframework.boot.StartupInfoLogger [restartedMain] Starting TalentPoolApplication on System21 with PID 4652 (C:\Users\user\git\TalentPool\TalentPool\target\classes started by user in C:\Users\user\git\TalentPool\TalentPool)
2019-11-11 17:06:29,666 DEBUG org.springframework.boot.StartupInfoLogger [restartedMain] Running with Spring Boot v2.0.6.RELEASE, Spring v5.0.10.RELEASE
2019-11-11 17:06:29,668 INFO org.springframework.boot.SpringApplication [restartedMain] No active profile set, falling back to default profiles: default
2019-11-11 17:06:29,681 INFO org.springframework.context.support.AbstractApplicationContext [restartedMain] Refreshing org.springframework.boot.web.servlet.context.AnnotationConfigServletWebServerApplicationContext@6bf8c5ec: startup date [Mon Nov 11 17:06:29 IST 2019]; root of context hierarchy
2019-11-11 17:06:32,390 INFO org.springframework.context.support.PostProcessorRegistrationDelegate$BeanPostProcessorChecker [restartedMain] Bean 'org.springframework.transaction.annotation.ProxyTransactionManagementConfiguration' of type [org.springframework.transaction.annotation.ProxyTransactionManagementConfiguration$$EnhancerBySpringCGLIB$$a8b5c0cb] is not eligible for getting processed by all BeanPostProcessors (for example: not eligible for auto-proxying)
2019-11-11 17:06:33,073 INFO org.springframework.boot.web.embedded.tomcat.TomcatWebServer [restartedMain] Tomcat initialized with port(s): 8080 (http)
2019-11-11 17:06:33,073 INFO org.apache.juli.logging.DirectJDKLog [restartedMain] Initializing ProtocolHandler ["http-nio-8080"]
2019-11-11 17:06:33,088 INFO org.apache.juli.logging.DirectJDKLog [restartedMain] Starting service [Tomcat]
2019-11-11 17:06:33,088 INFO org.apache.juli.logging.DirectJDKLog [restartedMain] Starting Servlet Engine: Apache Tomcat/8.5.34
2019-11-11 17:06:33,603 INFO org.apache.juli.logging.DirectJDKLog [localhost-startStop-1] At least one JAR was scanned for TLDs yet contained no TLDs. Enable debug logging for this logger for a complete list of JARs that were scanned but no TLDs were found in them. Skipping unneeded JARs during scanning can improve startup time and JSP compilation time.
2019-11-11 17:06:33,622 INFO org.apache.juli.logging.DirectJDKLog [localhost-startStop-1] Initializing Spring embedded WebApplicationContext
2019-11-11 17:06:33,622 INFO org.springframework.boot.web.servlet.context.ServletWebServerApplicationContext [localhost-startStop-1] Root WebApplicationContext: initialization completed in 3941 ms
2019-11-11 17:06:33,660 INFO org.springframework.boot.web.servlet.ServletRegistrationBean [localhost-startStop-1] Servlet dispatcherServlet mapped to [/]
2019-11-11 17:06:33,664 INFO org.springframework.boot.web.servlet.AbstractFilterRegistrationBean [localhost-startStop-1] Mapping filter: 'characterEncodingFilter' to: [/*]
2019-11-11 17:06:33,665 INFO org.springframework.boot.web.servlet.AbstractFilterRegistrationBean [localhost-startStop-1] Mapping filter: 'hiddenHttpMethodFilter' to: [/*]
2019-11-11 17:06:33,666 INFO org.springframework.boot.web.servlet.AbstractFilterRegistrationBean [localhost-startStop-1] Mapping filter: 'httpPutFormContentFilter' to: [/*]
2019-11-11 17:06:33,666 INFO org.springframework.boot.web.servlet.AbstractFilterRegistrationBean [localhost-startStop-1] Mapping filter: 'requestContextFilter' to: [/*]
2019-11-11 17:06:34,304 INFO com.zaxxer.hikari.HikariDataSource [restartedMain] HikariPool-5 - Starting...
2019-11-11 17:06:34,329 INFO com.zaxxer.hikari.HikariDataSource [restartedMain] HikariPool-5 - Start completed.
2019-11-11 17:06:34,341 INFO org.springframework.orm.jpa.LocalContainerEntityManagerFactoryBean [restartedMain] Building JPA container EntityManagerFactory for persistence unit 'default'
2019-11-11 17:06:34,355 INFO org.hibernate.jpa.internal.util.LogHelper [restartedMain] HHH000204: Processing PersistenceUnitInfo [
	name: default
	...]
2019-11-11 17:06:34,396 INFO org.hibernate.dialect.Dialect [restartedMain] HHH000400: Using dialect: org.hibernate.dialect.PostgreSQL9Dialect
2019-11-11 17:06:34,459 INFO org.hibernate.type.BasicTypeRegistry [restartedMain] HHH000270: Type registration [java.util.UUID] overrides previous : org.hibernate.type.UUIDBinaryType@60490148
2019-11-11 17:06:34,553 INFO org.hibernate.tool.schema.internal.SchemaCreatorImpl [restartedMain] HHH000476: Executing import script 'org.hibernate.tool.schema.internal.exec.ScriptSourceInputNonExistentImpl@526ca906'
2019-11-11 17:06:34,553 INFO org.springframework.orm.jpa.AbstractEntityManagerFactoryBean [restartedMain] Initialized JPA EntityManagerFactory for persistence unit 'default'
2019-11-11 17:06:35,067 INFO org.springframework.web.servlet.handler.AbstractUrlHandlerMapping [restartedMain] Mapped URL path [/**/favicon.ico] onto handler of type [class org.springframework.web.servlet.resource.ResourceHttpRequestHandler]
2019-11-11 17:06:35,532 INFO org.springframework.web.servlet.mvc.method.annotation.RequestMappingHandlerAdapter [restartedMain] Looking for @ControllerAdvice: org.springframework.boot.web.servlet.context.AnnotationConfigServletWebServerApplicationContext@6bf8c5ec: startup date [Mon Nov 11 17:06:29 IST 2019]; root of context hierarchy
2019-11-11 17:06:35,547 WARN org.springframework.boot.autoconfigure.orm.jpa.JpaBaseConfiguration$JpaWebConfiguration$JpaWebMvcConfiguration [restartedMain] spring.jpa.open-in-view is enabled by default. Therefore, database queries may be performed during view rendering. Explicitly configure spring.jpa.open-in-view to disable this warning
2019-11-11 17:06:35,625 INFO org.springframework.web.servlet.handler.AbstractHandlerMethodMapping$MappingRegistry [restartedMain] Mapped "{[/]}" onto public java.lang.String com.yotabytes.talentpool.rest.controller.TalentPoolApplicationMainController.welcome()
2019-11-11 17:06:35,625 INFO org.springframework.web.servlet.handler.AbstractHandlerMethodMapping$MappingRegistry [restartedMain] Mapped "{[/Registration],methods=[GET]}" onto public org.springframework.web.servlet.ModelAndView com.yotabytes.talentpool.rest.controller.TalentPoolApplicationMainController.getCandidatePage(java.util.Map<java.lang.String, java.lang.Object>,javax.servlet.http.HttpSession)
2019-11-11 17:06:35,625 INFO org.springframework.web.servlet.handler.AbstractHandlerMethodMapping$MappingRegistry [restartedMain] Mapped "{[/getTalentQuestion],methods=[GET]}" onto public java.util.List<com.yotabytes.talentpool.model.TalentQuestion> com.yotabytes.talentpool.rest.controller.TalentPoolApplicationMainController.getTalentQuestion(javax.servlet.http.HttpServletRequest)
2019-11-11 17:06:35,625 INFO org.springframework.web.servlet.handler.AbstractHandlerMethodMapping$MappingRegistry [restartedMain] Mapped "{[/candidateInformation],methods=[POST]}" onto public com.yotabytes.talentpool.model.CandidateInformation com.yotabytes.talentpool.rest.controller.TalentPoolApplicationMainController.saveCandidateInformation(com.yotabytes.talentpool.model.CandidateInformation,javax.servlet.http.HttpSession)
2019-11-11 17:06:35,641 INFO org.springframework.web.servlet.handler.AbstractHandlerMethodMapping$MappingRegistry [restartedMain] Mapped "{[/candidateExperience],methods=[POST]}" onto public com.yotabytes.talentpool.model.Talent_candidate_experience com.yotabytes.talentpool.rest.controller.TalentPoolApplicationMainController.saveCandidateExperience(javax.servlet.http.HttpSession,javax.servlet.http.HttpServletRequest)
2019-11-11 17:06:35,641 INFO org.springframework.web.servlet.handler.AbstractHandlerMethodMapping$MappingRegistry [restartedMain] Mapped "{[/error]}" onto public org.springframework.http.ResponseEntity<java.util.Map<java.lang.String, java.lang.Object>> org.springframework.boot.autoconfigure.web.servlet.error.BasicErrorController.error(javax.servlet.http.HttpServletRequest)
2019-11-11 17:06:35,641 INFO org.springframework.web.servlet.handler.AbstractHandlerMethodMapping$MappingRegistry [restartedMain] Mapped "{[/error],produces=[text/html]}" onto public org.springframework.web.servlet.ModelAndView org.springframework.boot.autoconfigure.web.servlet.error.BasicErrorController.errorHtml(javax.servlet.http.HttpServletRequest,javax.servlet.http.HttpServletResponse)
2019-11-11 17:06:35,910 INFO org.springframework.web.servlet.handler.AbstractUrlHandlerMapping [restartedMain] Mapped URL path [/webjars/**] onto handler of type [class org.springframework.web.servlet.resource.ResourceHttpRequestHandler]
2019-11-11 17:06:35,910 INFO org.springframework.web.servlet.handler.AbstractUrlHandlerMapping [restartedMain] Mapped URL path [/**] onto handler of type [class org.springframework.web.servlet.resource.ResourceHttpRequestHandler]
2019-11-11 17:06:36,457 INFO org.springframework.boot.devtools.autoconfigure.OptionalLiveReloadServer [restartedMain] LiveReload server is running on port 35729
2019-11-11 17:06:36,677 INFO org.springframework.jmx.export.MBeanExporter [restartedMain] Registering beans for JMX exposure on startup
2019-11-11 17:06:36,680 INFO org.springframework.jmx.export.MBeanExporter [restartedMain] Bean with name 'dataSource' has been autodetected for JMX exposure
2019-11-11 17:06:36,690 INFO org.springframework.jmx.export.MBeanExporter [restartedMain] Located MBean 'dataSource': registering with JMX server as MBean [com.zaxxer.hikari:name=dataSource,type=HikariDataSource]
2019-11-11 17:06:36,796 INFO org.apache.juli.logging.DirectJDKLog [restartedMain] Starting ProtocolHandler ["http-nio-8080"]
2019-11-11 17:06:36,850 INFO org.apache.juli.logging.DirectJDKLog [restartedMain] Using a shared selector for servlet write/read
2019-11-11 17:06:36,959 INFO org.springframework.boot.web.embedded.tomcat.TomcatWebServer [restartedMain] Tomcat started on port(s): 8080 (http) with context path ''
2019-11-11 17:06:36,959 INFO org.springframework.boot.StartupInfoLogger [restartedMain] Started TalentPoolApplication in 7.584 seconds (JVM running for 4048.6)
2019-11-11 17:06:36,975 INFO org.springframework.boot.devtools.autoconfigure.ConditionEvaluationDeltaLoggingListener [restartedMain] Condition evaluation unchanged
2019-11-11 17:10:06,964 INFO org.springframework.context.support.AbstractApplicationContext [Thread-35] Closing org.springframework.boot.web.servlet.context.AnnotationConfigServletWebServerApplicationContext@6bf8c5ec: startup date [Mon Nov 11 17:06:29 IST 2019]; root of context hierarchy
2019-11-11 17:10:06,964 INFO org.springframework.jmx.export.MBeanExporter [Thread-35] Unregistering JMX-exposed beans on shutdown
2019-11-11 17:10:06,964 INFO org.springframework.jmx.support.MBeanRegistrationSupport [Thread-35] Unregistering JMX-exposed beans
2019-11-11 17:10:06,964 INFO org.springframework.orm.jpa.AbstractEntityManagerFactoryBean [Thread-35] Closing JPA EntityManagerFactory for persistence unit 'default'
2019-11-11 17:10:06,964 INFO org.hibernate.tool.schema.internal.SchemaDropperImpl$DelayedDropActionImpl [Thread-35] HHH000477: Starting delayed drop of schema as part of SessionFactory shut-down'
2019-11-11 17:10:06,964 INFO com.zaxxer.hikari.HikariDataSource [Thread-35] HikariPool-5 - Shutdown initiated...
2019-11-11 17:10:07,589 INFO com.zaxxer.hikari.HikariDataSource [Thread-35] HikariPool-5 - Shutdown completed.
2019-11-11 17:10:17,943 INFO org.springframework.boot.StartupInfoLogger [restartedMain] Starting TalentPoolApplication on System21 with PID 4652 (C:\Users\user\git\TalentPool\TalentPool\target\classes started by user in C:\Users\user\git\TalentPool\TalentPool)
2019-11-11 17:10:17,943 DEBUG org.springframework.boot.StartupInfoLogger [restartedMain] Running with Spring Boot v2.0.6.RELEASE, Spring v5.0.10.RELEASE
2019-11-11 17:10:17,943 INFO org.springframework.boot.SpringApplication [restartedMain] No active profile set, falling back to default profiles: default
2019-11-11 17:10:17,943 INFO org.springframework.context.support.AbstractApplicationContext [restartedMain] Refreshing org.springframework.boot.web.servlet.context.AnnotationConfigServletWebServerApplicationContext@669a6ce0: startup date [Mon Nov 11 17:10:17 IST 2019]; root of context hierarchy
2019-11-11 17:10:21,941 INFO org.springframework.context.support.PostProcessorRegistrationDelegate$BeanPostProcessorChecker [restartedMain] Bean 'org.springframework.transaction.annotation.ProxyTransactionManagementConfiguration' of type [org.springframework.transaction.annotation.ProxyTransactionManagementConfiguration$$EnhancerBySpringCGLIB$$a8b5c0cb] is not eligible for getting processed by all BeanPostProcessors (for example: not eligible for auto-proxying)
2019-11-11 17:10:22,747 INFO org.springframework.boot.web.embedded.tomcat.TomcatWebServer [restartedMain] Tomcat initialized with port(s): 8080 (http)
2019-11-11 17:10:22,747 INFO org.apache.juli.logging.DirectJDKLog [restartedMain] Initializing ProtocolHandler ["http-nio-8080"]
2019-11-11 17:10:22,747 INFO org.apache.juli.logging.DirectJDKLog [restartedMain] Starting service [Tomcat]
2019-11-11 17:10:22,747 INFO org.apache.juli.logging.DirectJDKLog [restartedMain] Starting Servlet Engine: Apache Tomcat/8.5.34
2019-11-11 17:10:23,309 INFO org.apache.juli.logging.DirectJDKLog [localhost-startStop-1] At least one JAR was scanned for TLDs yet contained no TLDs. Enable debug logging for this logger for a complete list of JARs that were scanned but no TLDs were found in them. Skipping unneeded JARs during scanning can improve startup time and JSP compilation time.
2019-11-11 17:10:23,309 INFO org.apache.juli.logging.DirectJDKLog [localhost-startStop-1] Initializing Spring embedded WebApplicationContext
2019-11-11 17:10:23,309 INFO org.springframework.boot.web.servlet.context.ServletWebServerApplicationContext [localhost-startStop-1] Root WebApplicationContext: initialization completed in 5366 ms
2019-11-11 17:10:23,418 INFO org.springframework.boot.web.servlet.ServletRegistrationBean [localhost-startStop-1] Servlet dispatcherServlet mapped to [/]
2019-11-11 17:10:23,418 INFO org.springframework.boot.web.servlet.AbstractFilterRegistrationBean [localhost-startStop-1] Mapping filter: 'characterEncodingFilter' to: [/*]
2019-11-11 17:10:23,418 INFO org.springframework.boot.web.servlet.AbstractFilterRegistrationBean [localhost-startStop-1] Mapping filter: 'hiddenHttpMethodFilter' to: [/*]
2019-11-11 17:10:23,418 INFO org.springframework.boot.web.servlet.AbstractFilterRegistrationBean [localhost-startStop-1] Mapping filter: 'httpPutFormContentFilter' to: [/*]
2019-11-11 17:10:23,418 INFO org.springframework.boot.web.servlet.AbstractFilterRegistrationBean [localhost-startStop-1] Mapping filter: 'requestContextFilter' to: [/*]
2019-11-11 17:10:23,543 INFO com.zaxxer.hikari.HikariDataSource [restartedMain] HikariPool-6 - Starting...
2019-11-11 17:10:23,711 INFO com.zaxxer.hikari.HikariDataSource [restartedMain] HikariPool-6 - Start completed.
2019-11-11 17:10:23,721 INFO org.springframework.orm.jpa.LocalContainerEntityManagerFactoryBean [restartedMain] Building JPA container EntityManagerFactory for persistence unit 'default'
2019-11-11 17:10:23,722 INFO org.hibernate.jpa.internal.util.LogHelper [restartedMain] HHH000204: Processing PersistenceUnitInfo [
	name: default
	...]
2019-11-11 17:10:23,751 INFO org.hibernate.dialect.Dialect [restartedMain] HHH000400: Using dialect: org.hibernate.dialect.PostgreSQL9Dialect
2019-11-11 17:10:23,757 INFO org.hibernate.type.BasicTypeRegistry [restartedMain] HHH000270: Type registration [java.util.UUID] overrides previous : org.hibernate.type.UUIDBinaryType@60490148
2019-11-11 17:10:23,881 INFO org.hibernate.tool.schema.internal.SchemaCreatorImpl [restartedMain] HHH000476: Executing import script 'org.hibernate.tool.schema.internal.exec.ScriptSourceInputNonExistentImpl@526ca906'
2019-11-11 17:10:27,221 INFO org.springframework.orm.jpa.AbstractEntityManagerFactoryBean [restartedMain] Initialized JPA EntityManagerFactory for persistence unit 'default'
2019-11-11 17:10:27,450 INFO org.springframework.web.servlet.handler.AbstractUrlHandlerMapping [restartedMain] Mapped URL path [/**/favicon.ico] onto handler of type [class org.springframework.web.servlet.resource.ResourceHttpRequestHandler]
2019-11-11 17:10:28,291 INFO org.springframework.web.servlet.mvc.method.annotation.RequestMappingHandlerAdapter [restartedMain] Looking for @ControllerAdvice: org.springframework.boot.web.servlet.context.AnnotationConfigServletWebServerApplicationContext@669a6ce0: startup date [Mon Nov 11 17:10:17 IST 2019]; root of context hierarchy
2019-11-11 17:10:28,415 WARN org.springframework.boot.autoconfigure.orm.jpa.JpaBaseConfiguration$JpaWebConfiguration$JpaWebMvcConfiguration [restartedMain] spring.jpa.open-in-view is enabled by default. Therefore, database queries may be performed during view rendering. Explicitly configure spring.jpa.open-in-view to disable this warning
2019-11-11 17:10:28,523 INFO org.springframework.web.servlet.handler.AbstractHandlerMethodMapping$MappingRegistry [restartedMain] Mapped "{[/]}" onto public java.lang.String com.yotabytes.talentpool.rest.controller.TalentPoolApplicationMainController.welcome()
2019-11-11 17:10:28,523 INFO org.springframework.web.servlet.handler.AbstractHandlerMethodMapping$MappingRegistry [restartedMain] Mapped "{[/Registration],methods=[GET]}" onto public org.springframework.web.servlet.ModelAndView com.yotabytes.talentpool.rest.controller.TalentPoolApplicationMainController.getCandidatePage(java.util.Map<java.lang.String, java.lang.Object>,javax.servlet.http.HttpSession)
2019-11-11 17:10:28,523 INFO org.springframework.web.servlet.handler.AbstractHandlerMethodMapping$MappingRegistry [restartedMain] Mapped "{[/getTalentQuestion],methods=[GET]}" onto public java.util.List<com.yotabytes.talentpool.model.TalentQuestion> com.yotabytes.talentpool.rest.controller.TalentPoolApplicationMainController.getTalentQuestion(javax.servlet.http.HttpServletRequest)
2019-11-11 17:10:28,523 INFO org.springframework.web.servlet.handler.AbstractHandlerMethodMapping$MappingRegistry [restartedMain] Mapped "{[/candidateInformation],methods=[POST]}" onto public com.yotabytes.talentpool.model.CandidateInformation com.yotabytes.talentpool.rest.controller.TalentPoolApplicationMainController.saveCandidateInformation(com.yotabytes.talentpool.model.CandidateInformation,javax.servlet.http.HttpSession)
2019-11-11 17:10:28,523 INFO org.springframework.web.servlet.handler.AbstractHandlerMethodMapping$MappingRegistry [restartedMain] Mapped "{[/candidateExperience],methods=[POST]}" onto public com.yotabytes.talentpool.model.Talent_candidate_experience com.yotabytes.talentpool.rest.controller.TalentPoolApplicationMainController.saveCandidateExperience(javax.servlet.http.HttpSession,javax.servlet.http.HttpServletRequest)
2019-11-11 17:10:28,539 INFO org.springframework.web.servlet.handler.AbstractHandlerMethodMapping$MappingRegistry [restartedMain] Mapped "{[/error]}" onto public org.springframework.http.ResponseEntity<java.util.Map<java.lang.String, java.lang.Object>> org.springframework.boot.autoconfigure.web.servlet.error.BasicErrorController.error(javax.servlet.http.HttpServletRequest)
2019-11-11 17:10:28,539 INFO org.springframework.web.servlet.handler.AbstractHandlerMethodMapping$MappingRegistry [restartedMain] Mapped "{[/error],produces=[text/html]}" onto public org.springframework.web.servlet.ModelAndView org.springframework.boot.autoconfigure.web.servlet.error.BasicErrorController.errorHtml(javax.servlet.http.HttpServletRequest,javax.servlet.http.HttpServletResponse)
2019-11-11 17:10:28,679 INFO org.springframework.web.servlet.handler.AbstractUrlHandlerMapping [restartedMain] Mapped URL path [/webjars/**] onto handler of type [class org.springframework.web.servlet.resource.ResourceHttpRequestHandler]
2019-11-11 17:10:28,679 INFO org.springframework.web.servlet.handler.AbstractUrlHandlerMapping [restartedMain] Mapped URL path [/**] onto handler of type [class org.springframework.web.servlet.resource.ResourceHttpRequestHandler]
2019-11-11 17:10:29,242 INFO org.springframework.boot.devtools.autoconfigure.OptionalLiveReloadServer [restartedMain] LiveReload server is running on port 35729
2019-11-11 17:10:34,561 INFO org.springframework.jmx.export.MBeanExporter [restartedMain] Registering beans for JMX exposure on startup
2019-11-11 17:10:34,666 INFO org.springframework.jmx.export.MBeanExporter [restartedMain] Bean with name 'dataSource' has been autodetected for JMX exposure
2019-11-11 17:10:34,677 INFO org.springframework.jmx.export.MBeanExporter [restartedMain] Located MBean 'dataSource': registering with JMX server as MBean [com.zaxxer.hikari:name=dataSource,type=HikariDataSource]
2019-11-11 17:10:34,690 INFO org.apache.juli.logging.DirectJDKLog [restartedMain] Starting ProtocolHandler ["http-nio-8080"]
2019-11-11 17:10:34,694 INFO org.apache.juli.logging.DirectJDKLog [restartedMain] Using a shared selector for servlet write/read
2019-11-11 17:10:34,954 INFO org.springframework.boot.web.embedded.tomcat.TomcatWebServer [restartedMain] Tomcat started on port(s): 8080 (http) with context path ''
2019-11-11 17:10:34,957 INFO org.springframework.boot.StartupInfoLogger [restartedMain] Started TalentPoolApplication in 17.404 seconds (JVM running for 4282.498)
2019-11-11 17:10:34,966 INFO org.springframework.boot.devtools.autoconfigure.ConditionEvaluationDeltaLoggingListener [restartedMain] Condition evaluation unchanged
2019-11-11 17:15:31,043 INFO org.springframework.boot.admin.SpringApplicationAdminMXBeanRegistrar$SpringApplicationAdmin [RMI TCP Connection(97)-127.0.0.1] Application shutdown requested.
2019-11-11 17:15:31,052 INFO org.springframework.context.support.AbstractApplicationContext [RMI TCP Connection(97)-127.0.0.1] Closing org.springframework.boot.web.servlet.context.AnnotationConfigServletWebServerApplicationContext@669a6ce0: startup date [Mon Nov 11 17:10:17 IST 2019]; root of context hierarchy
2019-11-11 17:15:31,110 INFO org.springframework.jmx.export.MBeanExporter [RMI TCP Connection(97)-127.0.0.1] Unregistering JMX-exposed beans on shutdown
2019-11-11 17:15:31,111 INFO org.springframework.jmx.support.MBeanRegistrationSupport [RMI TCP Connection(97)-127.0.0.1] Unregistering JMX-exposed beans
2019-11-11 17:15:31,117 INFO org.springframework.orm.jpa.AbstractEntityManagerFactoryBean [RMI TCP Connection(97)-127.0.0.1] Closing JPA EntityManagerFactory for persistence unit 'default'
2019-11-11 17:15:31,118 INFO org.hibernate.tool.schema.internal.SchemaDropperImpl$DelayedDropActionImpl [RMI TCP Connection(97)-127.0.0.1] HHH000477: Starting delayed drop of schema as part of SessionFactory shut-down'
2019-11-11 17:15:31,119 INFO com.zaxxer.hikari.HikariDataSource [RMI TCP Connection(97)-127.0.0.1] HikariPool-6 - Shutdown initiated...
2019-11-11 17:15:31,163 INFO com.zaxxer.hikari.HikariDataSource [RMI TCP Connection(97)-127.0.0.1] HikariPool-6 - Shutdown completed.
