2019-11-08 11:51:57,977 INFO org.springframework.boot.StartupInfoLogger [restartedMain] Starting TalentPoolApplication on System21 with PID 5928 (C:\Users\user\git\TalentPool\TalentPool\target\classes started by user in C:\Users\user\git\TalentPool\TalentPool)
2019-11-08 11:51:57,983 DEBUG org.springframework.boot.StartupInfoLogger [restartedMain] Running with Spring Boot v2.0.6.RELEASE, Spring v5.0.10.RELEASE
2019-11-08 11:51:57,986 INFO org.springframework.boot.SpringApplication [restartedMain] No active profile set, falling back to default profiles: default
2019-11-08 11:51:58,436 INFO org.springframework.context.support.AbstractApplicationContext [restartedMain] Refreshing org.springframework.boot.web.servlet.context.AnnotationConfigServletWebServerApplicationContext@16f158f8: startup date [Fri Nov 08 11:51:58 IST 2019]; root of context hierarchy
2019-11-08 11:52:07,854 INFO org.springframework.context.support.PostProcessorRegistrationDelegate$BeanPostProcessorChecker [restartedMain] Bean 'org.springframework.transaction.annotation.ProxyTransactionManagementConfiguration' of type [org.springframework.transaction.annotation.ProxyTransactionManagementConfiguration$$EnhancerBySpringCGLIB$$32b2d05b] is not eligible for getting processed by all BeanPostProcessors (for example: not eligible for auto-proxying)
2019-11-08 11:52:10,743 INFO org.springframework.boot.web.embedded.tomcat.TomcatWebServer [restartedMain] Tomcat initialized with port(s): 8080 (http)
2019-11-08 11:52:10,899 INFO org.apache.juli.logging.DirectJDKLog [restartedMain] Initializing ProtocolHandler ["http-nio-8080"]
2019-11-08 11:52:11,118 INFO org.apache.juli.logging.DirectJDKLog [restartedMain] Starting service [Tomcat]
2019-11-08 11:52:11,118 INFO org.apache.juli.logging.DirectJDKLog [restartedMain] Starting Servlet Engine: Apache Tomcat/8.5.34
2019-11-08 11:52:11,246 INFO org.apache.juli.logging.DirectJDKLog [localhost-startStop-1] The APR based Apache Tomcat Native library which allows optimal performance in production environments was not found on the java.library.path: [C:\Program Files\Java\jre1.8.0_191\bin;C:\Windows\Sun\Java\bin;C:\Windows\system32;C:\Windows;C:/Program Files/Java/jdk1.8.0_191/bin/../jre/bin/server;C:/Program Files/Java/jdk1.8.0_191/bin/../jre/bin;C:/Program Files/Java/jdk1.8.0_191/bin/../jre/lib/amd64;C:\Program Files\Java\jdk1.8.0_191\bin;D:\apache-maven-3.6.0\bin;;C:\Program Files\Java\jdk1.8.0_191\bin;;C:\Program Files\Docker Toolbox;E:\eclipse\java-2018-12\eclipse;;.]
2019-11-08 11:52:12,262 INFO org.apache.juli.logging.DirectJDKLog [localhost-startStop-1] At least one JAR was scanned for TLDs yet contained no TLDs. Enable debug logging for this logger for a complete list of JARs that were scanned but no TLDs were found in them. Skipping unneeded JARs during scanning can improve startup time and JSP compilation time.
2019-11-08 11:52:12,278 INFO org.apache.juli.logging.DirectJDKLog [localhost-startStop-1] Initializing Spring embedded WebApplicationContext
2019-11-08 11:52:12,278 INFO org.springframework.boot.web.servlet.context.ServletWebServerApplicationContext [localhost-startStop-1] Root WebApplicationContext: initialization completed in 13842 ms
2019-11-08 11:52:12,668 INFO org.springframework.boot.web.servlet.ServletRegistrationBean [localhost-startStop-1] Servlet dispatcherServlet mapped to [/]
2019-11-08 11:52:12,731 INFO org.springframework.boot.web.servlet.AbstractFilterRegistrationBean [localhost-startStop-1] Mapping filter: 'characterEncodingFilter' to: [/*]
2019-11-08 11:52:12,747 INFO org.springframework.boot.web.servlet.AbstractFilterRegistrationBean [localhost-startStop-1] Mapping filter: 'hiddenHttpMethodFilter' to: [/*]
2019-11-08 11:52:12,762 INFO org.springframework.boot.web.servlet.AbstractFilterRegistrationBean [localhost-startStop-1] Mapping filter: 'httpPutFormContentFilter' to: [/*]
2019-11-08 11:52:12,762 INFO org.springframework.boot.web.servlet.AbstractFilterRegistrationBean [localhost-startStop-1] Mapping filter: 'requestContextFilter' to: [/*]
2019-11-08 11:52:14,212 INFO com.zaxxer.hikari.HikariDataSource [restartedMain] HikariPool-1 - Starting...
2019-11-08 11:52:14,844 INFO com.zaxxer.hikari.HikariDataSource [restartedMain] HikariPool-1 - Start completed.
2019-11-08 11:52:15,340 INFO org.springframework.orm.jpa.LocalContainerEntityManagerFactoryBean [restartedMain] Building JPA container EntityManagerFactory for persistence unit 'default'
2019-11-08 11:52:15,375 INFO org.hibernate.jpa.internal.util.LogHelper [restartedMain] HHH000204: Processing PersistenceUnitInfo [
	name: default
	...]
2019-11-08 11:52:18,577 INFO org.hibernate.Version [restartedMain] HHH000412: Hibernate Core {5.2.17.Final}
2019-11-08 11:52:18,581 INFO org.hibernate.cfg.Environment [restartedMain] HHH000206: hibernate.properties not found
2019-11-08 11:52:18,878 INFO org.hibernate.annotations.common.reflection.java.JavaReflectionManager [restartedMain] HCANN000001: Hibernate Commons Annotations {5.0.1.Final}
2019-11-08 11:52:19,425 INFO org.hibernate.dialect.Dialect [restartedMain] HHH000400: Using dialect: org.hibernate.dialect.PostgreSQL9Dialect
2019-11-08 11:52:19,590 INFO org.hibernate.type.BasicTypeRegistry [restartedMain] HHH000270: Type registration [java.util.UUID] overrides previous : org.hibernate.type.UUIDBinaryType@7f2ccd06
2019-11-08 11:52:20,015 INFO org.hibernate.tool.schema.internal.SchemaCreatorImpl [restartedMain] HHH000476: Executing import script 'org.hibernate.tool.schema.internal.exec.ScriptSourceInputNonExistentImpl@26804b69'
2019-11-08 11:52:20,024 INFO org.springframework.orm.jpa.AbstractEntityManagerFactoryBean [restartedMain] Initialized JPA EntityManagerFactory for persistence unit 'default'
2019-11-08 11:52:20,492 INFO org.springframework.web.servlet.handler.AbstractUrlHandlerMapping [restartedMain] Mapped URL path [/**/favicon.ico] onto handler of type [class org.springframework.web.servlet.resource.ResourceHttpRequestHandler]
2019-11-08 11:52:21,246 INFO org.springframework.web.servlet.mvc.method.annotation.RequestMappingHandlerAdapter [restartedMain] Looking for @ControllerAdvice: org.springframework.boot.web.servlet.context.AnnotationConfigServletWebServerApplicationContext@16f158f8: startup date [Fri Nov 08 11:51:58 IST 2019]; root of context hierarchy
2019-11-08 11:52:21,339 WARN org.springframework.boot.autoconfigure.orm.jpa.JpaBaseConfiguration$JpaWebConfiguration$JpaWebMvcConfiguration [restartedMain] spring.jpa.open-in-view is enabled by default. Therefore, database queries may be performed during view rendering. Explicitly configure spring.jpa.open-in-view to disable this warning
2019-11-08 11:52:21,433 INFO org.springframework.web.servlet.handler.AbstractHandlerMethodMapping$MappingRegistry [restartedMain] Mapped "{[/]}" onto public java.lang.String com.yotabytes.talentpool.rest.controller.TalentPoolApplicationMainController.welcome()
2019-11-08 11:52:21,433 INFO org.springframework.web.servlet.handler.AbstractHandlerMethodMapping$MappingRegistry [restartedMain] Mapped "{[/Registration],methods=[GET]}" onto public org.springframework.web.servlet.ModelAndView com.yotabytes.talentpool.rest.controller.TalentPoolApplicationMainController.getCandidatePage(java.util.Map<java.lang.String, java.lang.Object>,javax.servlet.http.HttpSession)
2019-11-08 11:52:21,433 INFO org.springframework.web.servlet.handler.AbstractHandlerMethodMapping$MappingRegistry [restartedMain] Mapped "{[/getTalentQuestion],methods=[GET]}" onto public java.util.List<com.yotabytes.talentpool.model.TalentQuestion> com.yotabytes.talentpool.rest.controller.TalentPoolApplicationMainController.getTalentQuestion(javax.servlet.http.HttpServletRequest)
2019-11-08 11:52:21,433 INFO org.springframework.web.servlet.handler.AbstractHandlerMethodMapping$MappingRegistry [restartedMain] Mapped "{[/candidateInformation],methods=[POST]}" onto public com.yotabytes.talentpool.model.CandidateInformation com.yotabytes.talentpool.rest.controller.TalentPoolApplicationMainController.saveCandidateInformation(com.yotabytes.talentpool.model.CandidateInformation,javax.servlet.http.HttpSession)
2019-11-08 11:52:21,433 INFO org.springframework.web.servlet.handler.AbstractHandlerMethodMapping$MappingRegistry [restartedMain] Mapped "{[/candidateExperience],methods=[POST]}" onto public com.yotabytes.talentpool.model.Talent_candidate_experience com.yotabytes.talentpool.rest.controller.TalentPoolApplicationMainController.saveCandidateExperience(javax.servlet.http.HttpSession,javax.servlet.http.HttpServletRequest)
2019-11-08 11:52:21,886 INFO org.springframework.web.servlet.handler.AbstractHandlerMethodMapping$MappingRegistry [restartedMain] Mapped "{[/error]}" onto public org.springframework.http.ResponseEntity<java.util.Map<java.lang.String, java.lang.Object>> org.springframework.boot.autoconfigure.web.servlet.error.BasicErrorController.error(javax.servlet.http.HttpServletRequest)
2019-11-08 11:52:21,886 INFO org.springframework.web.servlet.handler.AbstractHandlerMethodMapping$MappingRegistry [restartedMain] Mapped "{[/error],produces=[text/html]}" onto public org.springframework.web.servlet.ModelAndView org.springframework.boot.autoconfigure.web.servlet.error.BasicErrorController.errorHtml(javax.servlet.http.HttpServletRequest,javax.servlet.http.HttpServletResponse)
2019-11-08 11:52:22,011 INFO org.springframework.web.servlet.handler.AbstractUrlHandlerMapping [restartedMain] Mapped URL path [/webjars/**] onto handler of type [class org.springframework.web.servlet.resource.ResourceHttpRequestHandler]
2019-11-08 11:52:22,011 INFO org.springframework.web.servlet.handler.AbstractUrlHandlerMapping [restartedMain] Mapped URL path [/**] onto handler of type [class org.springframework.web.servlet.resource.ResourceHttpRequestHandler]
2019-11-08 11:52:23,710 INFO org.springframework.boot.devtools.autoconfigure.OptionalLiveReloadServer [restartedMain] LiveReload server is running on port 35729
2019-11-08 11:52:23,885 INFO org.springframework.jmx.export.MBeanExporter [restartedMain] Registering beans for JMX exposure on startup
2019-11-08 11:52:23,901 INFO org.springframework.jmx.export.MBeanExporter [restartedMain] Bean with name 'dataSource' has been autodetected for JMX exposure
2019-11-08 11:52:23,916 INFO org.springframework.jmx.export.MBeanExporter [restartedMain] Located MBean 'dataSource': registering with JMX server as MBean [com.zaxxer.hikari:name=dataSource,type=HikariDataSource]
2019-11-08 11:52:23,995 INFO org.apache.juli.logging.DirectJDKLog [restartedMain] Starting ProtocolHandler ["http-nio-8080"]
2019-11-08 11:52:24,041 INFO org.apache.juli.logging.DirectJDKLog [restartedMain] Using a shared selector for servlet write/read
2019-11-08 11:52:24,135 INFO org.springframework.boot.web.embedded.tomcat.TomcatWebServer [restartedMain] Tomcat started on port(s): 8080 (http) with context path ''
2019-11-08 11:52:24,151 INFO org.springframework.boot.StartupInfoLogger [restartedMain] Started TalentPoolApplication in 28.47 seconds (JVM running for 55.06)
2019-11-08 11:52:51,779 INFO org.apache.juli.logging.DirectJDKLog [http-nio-8080-exec-9] Initializing Spring FrameworkServlet 'dispatcherServlet'
2019-11-08 11:52:51,780 INFO org.springframework.web.servlet.FrameworkServlet [http-nio-8080-exec-9] FrameworkServlet 'dispatcherServlet': initialization started
2019-11-08 11:52:51,884 INFO org.springframework.web.servlet.FrameworkServlet [http-nio-8080-exec-9] FrameworkServlet 'dispatcherServlet': initialization completed in 102 ms
2019-11-08 13:53:33,425 INFO org.springframework.context.support.AbstractApplicationContext [Thread-7] Closing org.springframework.boot.web.servlet.context.AnnotationConfigServletWebServerApplicationContext@16f158f8: startup date [Fri Nov 08 11:51:58 IST 2019]; root of context hierarchy
2019-11-08 13:53:33,551 INFO org.springframework.jmx.export.MBeanExporter [Thread-7] Unregistering JMX-exposed beans on shutdown
2019-11-08 13:53:33,553 INFO org.springframework.jmx.support.MBeanRegistrationSupport [Thread-7] Unregistering JMX-exposed beans
2019-11-08 13:53:33,622 INFO org.springframework.orm.jpa.AbstractEntityManagerFactoryBean [Thread-7] Closing JPA EntityManagerFactory for persistence unit 'default'
2019-11-08 13:53:33,648 INFO org.hibernate.tool.schema.internal.SchemaDropperImpl$DelayedDropActionImpl [Thread-7] HHH000477: Starting delayed drop of schema as part of SessionFactory shut-down'
2019-11-08 13:53:33,954 INFO com.zaxxer.hikari.HikariDataSource [Thread-7] HikariPool-1 - Shutdown initiated...
2019-11-08 13:53:35,022 INFO com.zaxxer.hikari.HikariDataSource [Thread-7] HikariPool-1 - Shutdown completed.
2019-11-08 14:06:52,851 INFO org.springframework.boot.StartupInfoLogger [restartedMain] Starting TalentPoolApplication on System21 with PID 4784 (C:\Users\user\git\TalentPool\TalentPool\target\classes started by user in C:\Users\user\git\TalentPool\TalentPool)
2019-11-08 14:06:52,851 DEBUG org.springframework.boot.StartupInfoLogger [restartedMain] Running with Spring Boot v2.0.6.RELEASE, Spring v5.0.10.RELEASE
2019-11-08 14:06:52,851 INFO org.springframework.boot.SpringApplication [restartedMain] No active profile set, falling back to default profiles: default
2019-11-08 14:06:53,117 INFO org.springframework.context.support.AbstractApplicationContext [restartedMain] Refreshing org.springframework.boot.web.servlet.context.AnnotationConfigServletWebServerApplicationContext@47a0b533: startup date [Fri Nov 08 14:06:53 IST 2019]; root of context hierarchy
2019-11-08 14:07:01,999 INFO org.springframework.context.support.PostProcessorRegistrationDelegate$BeanPostProcessorChecker [restartedMain] Bean 'org.springframework.transaction.annotation.ProxyTransactionManagementConfiguration' of type [org.springframework.transaction.annotation.ProxyTransactionManagementConfiguration$$EnhancerBySpringCGLIB$$4cc6728f] is not eligible for getting processed by all BeanPostProcessors (for example: not eligible for auto-proxying)
2019-11-08 14:07:05,192 INFO org.springframework.boot.web.embedded.tomcat.TomcatWebServer [restartedMain] Tomcat initialized with port(s): 8080 (http)
2019-11-08 14:07:05,258 INFO org.apache.juli.logging.DirectJDKLog [restartedMain] Initializing ProtocolHandler ["http-nio-8080"]
2019-11-08 14:07:05,391 INFO org.apache.juli.logging.DirectJDKLog [restartedMain] Starting service [Tomcat]
2019-11-08 14:07:05,407 INFO org.apache.juli.logging.DirectJDKLog [restartedMain] Starting Servlet Engine: Apache Tomcat/8.5.34
2019-11-08 14:07:05,594 INFO org.apache.juli.logging.DirectJDKLog [localhost-startStop-1] The APR based Apache Tomcat Native library which allows optimal performance in production environments was not found on the java.library.path: [C:\Program Files\Java\jre1.8.0_191\bin;C:\Windows\Sun\Java\bin;C:\Windows\system32;C:\Windows;C:/Program Files/Java/jdk1.8.0_191/bin/../jre/bin/server;C:/Program Files/Java/jdk1.8.0_191/bin/../jre/bin;C:/Program Files/Java/jdk1.8.0_191/bin/../jre/lib/amd64;C:\Program Files\Java\jdk1.8.0_191\bin;D:\apache-maven-3.6.0\bin;;C:\Program Files\Java\jdk1.8.0_191\bin;;C:\Program Files\Docker Toolbox;E:\eclipse\java-2018-12\eclipse;;.]
2019-11-08 14:07:07,027 INFO org.apache.juli.logging.DirectJDKLog [localhost-startStop-1] At least one JAR was scanned for TLDs yet contained no TLDs. Enable debug logging for this logger for a complete list of JARs that were scanned but no TLDs were found in them. Skipping unneeded JARs during scanning can improve startup time and JSP compilation time.
2019-11-08 14:07:07,059 INFO org.apache.juli.logging.DirectJDKLog [localhost-startStop-1] Initializing Spring embedded WebApplicationContext
2019-11-08 14:07:07,059 INFO org.springframework.boot.web.servlet.context.ServletWebServerApplicationContext [localhost-startStop-1] Root WebApplicationContext: initialization completed in 13942 ms
2019-11-08 14:07:07,653 INFO org.springframework.boot.web.servlet.ServletRegistrationBean [localhost-startStop-1] Servlet dispatcherServlet mapped to [/]
2019-11-08 14:07:07,668 INFO org.springframework.boot.web.servlet.AbstractFilterRegistrationBean [localhost-startStop-1] Mapping filter: 'characterEncodingFilter' to: [/*]
2019-11-08 14:07:07,668 INFO org.springframework.boot.web.servlet.AbstractFilterRegistrationBean [localhost-startStop-1] Mapping filter: 'hiddenHttpMethodFilter' to: [/*]
2019-11-08 14:07:07,668 INFO org.springframework.boot.web.servlet.AbstractFilterRegistrationBean [localhost-startStop-1] Mapping filter: 'httpPutFormContentFilter' to: [/*]
2019-11-08 14:07:07,668 INFO org.springframework.boot.web.servlet.AbstractFilterRegistrationBean [localhost-startStop-1] Mapping filter: 'requestContextFilter' to: [/*]
2019-11-08 14:07:08,577 INFO com.zaxxer.hikari.HikariDataSource [restartedMain] HikariPool-1 - Starting...
2019-11-08 14:07:09,928 INFO com.zaxxer.hikari.HikariDataSource [restartedMain] HikariPool-1 - Start completed.
2019-11-08 14:07:10,289 INFO org.springframework.orm.jpa.LocalContainerEntityManagerFactoryBean [restartedMain] Building JPA container EntityManagerFactory for persistence unit 'default'
2019-11-08 14:07:10,466 INFO org.hibernate.jpa.internal.util.LogHelper [restartedMain] HHH000204: Processing PersistenceUnitInfo [
	name: default
	...]
2019-11-08 14:07:11,879 INFO org.hibernate.Version [restartedMain] HHH000412: Hibernate Core {5.2.17.Final}
2019-11-08 14:07:11,879 INFO org.hibernate.cfg.Environment [restartedMain] HHH000206: hibernate.properties not found
2019-11-08 14:07:12,162 INFO org.hibernate.annotations.common.reflection.java.JavaReflectionManager [restartedMain] HCANN000001: Hibernate Commons Annotations {5.0.1.Final}
2019-11-08 14:07:12,828 INFO org.hibernate.dialect.Dialect [restartedMain] HHH000400: Using dialect: org.hibernate.dialect.PostgreSQL9Dialect
2019-11-08 14:07:13,169 INFO org.hibernate.type.BasicTypeRegistry [restartedMain] HHH000270: Type registration [java.util.UUID] overrides previous : org.hibernate.type.UUIDBinaryType@3d035ed
2019-11-08 14:07:14,072 INFO org.hibernate.tool.schema.internal.SchemaCreatorImpl [restartedMain] HHH000476: Executing import script 'org.hibernate.tool.schema.internal.exec.ScriptSourceInputNonExistentImpl@3e0f3d7f'
2019-11-08 14:07:14,087 INFO org.springframework.orm.jpa.AbstractEntityManagerFactoryBean [restartedMain] Initialized JPA EntityManagerFactory for persistence unit 'default'
2019-11-08 14:07:15,156 INFO org.springframework.web.servlet.handler.AbstractUrlHandlerMapping [restartedMain] Mapped URL path [/**/favicon.ico] onto handler of type [class org.springframework.web.servlet.resource.ResourceHttpRequestHandler]
2019-11-08 14:07:16,781 INFO org.springframework.web.servlet.mvc.method.annotation.RequestMappingHandlerAdapter [restartedMain] Looking for @ControllerAdvice: org.springframework.boot.web.servlet.context.AnnotationConfigServletWebServerApplicationContext@47a0b533: startup date [Fri Nov 08 14:06:53 IST 2019]; root of context hierarchy
2019-11-08 14:07:16,969 WARN org.springframework.boot.autoconfigure.orm.jpa.JpaBaseConfiguration$JpaWebConfiguration$JpaWebMvcConfiguration [restartedMain] spring.jpa.open-in-view is enabled by default. Therefore, database queries may be performed during view rendering. Explicitly configure spring.jpa.open-in-view to disable this warning
2019-11-08 14:07:17,313 INFO org.springframework.web.servlet.handler.AbstractHandlerMethodMapping$MappingRegistry [restartedMain] Mapped "{[/]}" onto public java.lang.String com.yotabytes.talentpool.rest.controller.TalentPoolApplicationMainController.welcome()
2019-11-08 14:07:17,313 INFO org.springframework.web.servlet.handler.AbstractHandlerMethodMapping$MappingRegistry [restartedMain] Mapped "{[/Registration],methods=[GET]}" onto public org.springframework.web.servlet.ModelAndView com.yotabytes.talentpool.rest.controller.TalentPoolApplicationMainController.getCandidatePage(java.util.Map<java.lang.String, java.lang.Object>,javax.servlet.http.HttpSession)
2019-11-08 14:07:17,313 INFO org.springframework.web.servlet.handler.AbstractHandlerMethodMapping$MappingRegistry [restartedMain] Mapped "{[/getTalentQuestion],methods=[GET]}" onto public java.util.List<com.yotabytes.talentpool.model.TalentQuestion> com.yotabytes.talentpool.rest.controller.TalentPoolApplicationMainController.getTalentQuestion(javax.servlet.http.HttpServletRequest)
2019-11-08 14:07:17,313 INFO org.springframework.web.servlet.handler.AbstractHandlerMethodMapping$MappingRegistry [restartedMain] Mapped "{[/candidateInformation],methods=[POST]}" onto public com.yotabytes.talentpool.model.CandidateInformation com.yotabytes.talentpool.rest.controller.TalentPoolApplicationMainController.saveCandidateInformation(com.yotabytes.talentpool.model.CandidateInformation,javax.servlet.http.HttpSession)
2019-11-08 14:07:17,329 INFO org.springframework.web.servlet.handler.AbstractHandlerMethodMapping$MappingRegistry [restartedMain] Mapped "{[/candidateExperience],methods=[POST]}" onto public com.yotabytes.talentpool.model.Talent_candidate_experience com.yotabytes.talentpool.rest.controller.TalentPoolApplicationMainController.saveCandidateExperience(javax.servlet.http.HttpSession,javax.servlet.http.HttpServletRequest)
2019-11-08 14:07:17,344 INFO org.springframework.web.servlet.handler.AbstractHandlerMethodMapping$MappingRegistry [restartedMain] Mapped "{[/error]}" onto public org.springframework.http.ResponseEntity<java.util.Map<java.lang.String, java.lang.Object>> org.springframework.boot.autoconfigure.web.servlet.error.BasicErrorController.error(javax.servlet.http.HttpServletRequest)
2019-11-08 14:07:17,344 INFO org.springframework.web.servlet.handler.AbstractHandlerMethodMapping$MappingRegistry [restartedMain] Mapped "{[/error],produces=[text/html]}" onto public org.springframework.web.servlet.ModelAndView org.springframework.boot.autoconfigure.web.servlet.error.BasicErrorController.errorHtml(javax.servlet.http.HttpServletRequest,javax.servlet.http.HttpServletResponse)
2019-11-08 14:07:17,742 INFO org.springframework.web.servlet.handler.AbstractUrlHandlerMapping [restartedMain] Mapped URL path [/webjars/**] onto handler of type [class org.springframework.web.servlet.resource.ResourceHttpRequestHandler]
2019-11-08 14:07:17,744 INFO org.springframework.web.servlet.handler.AbstractUrlHandlerMapping [restartedMain] Mapped URL path [/**] onto handler of type [class org.springframework.web.servlet.resource.ResourceHttpRequestHandler]
2019-11-08 14:07:19,575 INFO org.springframework.boot.devtools.autoconfigure.OptionalLiveReloadServer [restartedMain] LiveReload server is running on port 35729
2019-11-08 14:07:19,794 INFO org.springframework.jmx.export.MBeanExporter [restartedMain] Registering beans for JMX exposure on startup
2019-11-08 14:07:19,857 INFO org.springframework.jmx.export.MBeanExporter [restartedMain] Bean with name 'dataSource' has been autodetected for JMX exposure
2019-11-08 14:07:19,951 INFO org.springframework.jmx.export.MBeanExporter [restartedMain] Located MBean 'dataSource': registering with JMX server as MBean [com.zaxxer.hikari:name=dataSource,type=HikariDataSource]
2019-11-08 14:07:20,095 INFO org.apache.juli.logging.DirectJDKLog [restartedMain] Starting ProtocolHandler ["http-nio-8080"]
2019-11-08 14:07:20,214 INFO org.apache.juli.logging.DirectJDKLog [restartedMain] Using a shared selector for servlet write/read
2019-11-08 14:07:21,074 INFO org.springframework.boot.web.embedded.tomcat.TomcatWebServer [restartedMain] Tomcat started on port(s): 8080 (http) with context path ''
2019-11-08 14:07:21,122 INFO org.springframework.boot.StartupInfoLogger [restartedMain] Started TalentPoolApplication in 30.798 seconds (JVM running for 36.597)
2019-11-08 15:05:25,327 INFO org.apache.juli.logging.DirectJDKLog [http-nio-8080-exec-2] Initializing Spring FrameworkServlet 'dispatcherServlet'
2019-11-08 15:05:25,328 INFO org.springframework.web.servlet.FrameworkServlet [http-nio-8080-exec-2] FrameworkServlet 'dispatcherServlet': initialization started
2019-11-08 15:05:25,610 INFO org.springframework.web.servlet.FrameworkServlet [http-nio-8080-exec-2] FrameworkServlet 'dispatcherServlet': initialization completed in 282 ms
2019-11-08 16:18:03,996 INFO org.springframework.context.support.AbstractApplicationContext [Thread-7] Closing org.springframework.boot.web.servlet.context.AnnotationConfigServletWebServerApplicationContext@47a0b533: startup date [Fri Nov 08 14:06:53 IST 2019]; root of context hierarchy
2019-11-08 16:18:04,525 INFO org.springframework.jmx.export.MBeanExporter [Thread-7] Unregistering JMX-exposed beans on shutdown
2019-11-08 16:18:04,526 INFO org.springframework.jmx.support.MBeanRegistrationSupport [Thread-7] Unregistering JMX-exposed beans
2019-11-08 16:18:04,538 INFO org.springframework.orm.jpa.AbstractEntityManagerFactoryBean [Thread-7] Closing JPA EntityManagerFactory for persistence unit 'default'
2019-11-08 16:18:04,539 INFO org.hibernate.tool.schema.internal.SchemaDropperImpl$DelayedDropActionImpl [Thread-7] HHH000477: Starting delayed drop of schema as part of SessionFactory shut-down'
2019-11-08 16:18:04,555 INFO com.zaxxer.hikari.HikariDataSource [Thread-7] HikariPool-1 - Shutdown initiated...
2019-11-08 16:18:04,683 INFO com.zaxxer.hikari.HikariDataSource [Thread-7] HikariPool-1 - Shutdown completed.
2019-11-08 16:18:22,531 INFO org.springframework.boot.StartupInfoLogger [restartedMain] Starting TalentPoolApplication on System21 with PID 4784 (C:\Users\user\git\TalentPool\TalentPool\target\classes started by user in C:\Users\user\git\TalentPool\TalentPool)
2019-11-08 16:18:22,531 DEBUG org.springframework.boot.StartupInfoLogger [restartedMain] Running with Spring Boot v2.0.6.RELEASE, Spring v5.0.10.RELEASE
2019-11-08 16:18:22,531 INFO org.springframework.boot.SpringApplication [restartedMain] No active profile set, falling back to default profiles: default
2019-11-08 16:18:22,693 INFO org.springframework.context.support.AbstractApplicationContext [restartedMain] Refreshing org.springframework.boot.web.servlet.context.AnnotationConfigServletWebServerApplicationContext@5a2391c2: startup date [Fri Nov 08 16:18:22 IST 2019]; root of context hierarchy
2019-11-08 16:18:26,294 INFO org.springframework.context.support.PostProcessorRegistrationDelegate$BeanPostProcessorChecker [restartedMain] Bean 'org.springframework.transaction.annotation.ProxyTransactionManagementConfiguration' of type [org.springframework.transaction.annotation.ProxyTransactionManagementConfiguration$$EnhancerBySpringCGLIB$$4cc6728f] is not eligible for getting processed by all BeanPostProcessors (for example: not eligible for auto-proxying)
2019-11-08 16:18:27,099 INFO org.springframework.boot.web.embedded.tomcat.TomcatWebServer [restartedMain] Tomcat initialized with port(s): 8080 (http)
2019-11-08 16:18:27,103 INFO org.apache.juli.logging.DirectJDKLog [restartedMain] Initializing ProtocolHandler ["http-nio-8080"]
2019-11-08 16:18:27,105 INFO org.apache.juli.logging.DirectJDKLog [restartedMain] Starting service [Tomcat]
2019-11-08 16:18:27,106 INFO org.apache.juli.logging.DirectJDKLog [restartedMain] Starting Servlet Engine: Apache Tomcat/8.5.34
2019-11-08 16:18:27,988 INFO org.apache.juli.logging.DirectJDKLog [localhost-startStop-1] At least one JAR was scanned for TLDs yet contained no TLDs. Enable debug logging for this logger for a complete list of JARs that were scanned but no TLDs were found in them. Skipping unneeded JARs during scanning can improve startup time and JSP compilation time.
2019-11-08 16:18:27,994 INFO org.apache.juli.logging.DirectJDKLog [localhost-startStop-1] Initializing Spring embedded WebApplicationContext
2019-11-08 16:18:27,994 INFO org.springframework.boot.web.servlet.context.ServletWebServerApplicationContext [localhost-startStop-1] Root WebApplicationContext: initialization completed in 5301 ms
2019-11-08 16:18:28,065 INFO org.springframework.boot.web.servlet.ServletRegistrationBean [localhost-startStop-1] Servlet dispatcherServlet mapped to [/]
2019-11-08 16:18:28,066 INFO org.springframework.boot.web.servlet.AbstractFilterRegistrationBean [localhost-startStop-1] Mapping filter: 'characterEncodingFilter' to: [/*]
2019-11-08 16:18:28,067 INFO org.springframework.boot.web.servlet.AbstractFilterRegistrationBean [localhost-startStop-1] Mapping filter: 'hiddenHttpMethodFilter' to: [/*]
2019-11-08 16:18:28,067 INFO org.springframework.boot.web.servlet.AbstractFilterRegistrationBean [localhost-startStop-1] Mapping filter: 'httpPutFormContentFilter' to: [/*]
2019-11-08 16:18:28,067 INFO org.springframework.boot.web.servlet.AbstractFilterRegistrationBean [localhost-startStop-1] Mapping filter: 'requestContextFilter' to: [/*]
2019-11-08 16:18:28,388 INFO com.zaxxer.hikari.HikariDataSource [restartedMain] HikariPool-2 - Starting...
2019-11-08 16:18:28,529 INFO com.zaxxer.hikari.HikariDataSource [restartedMain] HikariPool-2 - Start completed.
2019-11-08 16:18:28,561 INFO org.springframework.orm.jpa.LocalContainerEntityManagerFactoryBean [restartedMain] Building JPA container EntityManagerFactory for persistence unit 'default'
2019-11-08 16:18:28,562 INFO org.hibernate.jpa.internal.util.LogHelper [restartedMain] HHH000204: Processing PersistenceUnitInfo [
	name: default
	...]
2019-11-08 16:18:28,640 INFO org.hibernate.dialect.Dialect [restartedMain] HHH000400: Using dialect: org.hibernate.dialect.PostgreSQL9Dialect
2019-11-08 16:18:28,680 INFO org.hibernate.type.BasicTypeRegistry [restartedMain] HHH000270: Type registration [java.util.UUID] overrides previous : org.hibernate.type.UUIDBinaryType@3d035ed
2019-11-08 16:18:28,871 INFO org.hibernate.tool.schema.internal.SchemaCreatorImpl [restartedMain] HHH000476: Executing import script 'org.hibernate.tool.schema.internal.exec.ScriptSourceInputNonExistentImpl@3e0f3d7f'
2019-11-08 16:18:28,872 INFO org.springframework.orm.jpa.AbstractEntityManagerFactoryBean [restartedMain] Initialized JPA EntityManagerFactory for persistence unit 'default'
2019-11-08 16:18:29,256 INFO org.springframework.web.servlet.handler.AbstractUrlHandlerMapping [restartedMain] Mapped URL path [/**/favicon.ico] onto handler of type [class org.springframework.web.servlet.resource.ResourceHttpRequestHandler]
2019-11-08 16:18:30,693 INFO org.springframework.web.servlet.mvc.method.annotation.RequestMappingHandlerAdapter [restartedMain] Looking for @ControllerAdvice: org.springframework.boot.web.servlet.context.AnnotationConfigServletWebServerApplicationContext@5a2391c2: startup date [Fri Nov 08 16:18:22 IST 2019]; root of context hierarchy
2019-11-08 16:18:30,733 WARN org.springframework.boot.autoconfigure.orm.jpa.JpaBaseConfiguration$JpaWebConfiguration$JpaWebMvcConfiguration [restartedMain] spring.jpa.open-in-view is enabled by default. Therefore, database queries may be performed during view rendering. Explicitly configure spring.jpa.open-in-view to disable this warning
2019-11-08 16:18:30,801 INFO org.springframework.web.servlet.handler.AbstractHandlerMethodMapping$MappingRegistry [restartedMain] Mapped "{[/]}" onto public java.lang.String com.yotabytes.talentpool.rest.controller.TalentPoolApplicationMainController.welcome()
2019-11-08 16:18:30,824 INFO org.springframework.web.servlet.handler.AbstractHandlerMethodMapping$MappingRegistry [restartedMain] Mapped "{[/Registration],methods=[GET]}" onto public org.springframework.web.servlet.ModelAndView com.yotabytes.talentpool.rest.controller.TalentPoolApplicationMainController.getCandidatePage(java.util.Map<java.lang.String, java.lang.Object>,javax.servlet.http.HttpSession)
2019-11-08 16:18:30,825 INFO org.springframework.web.servlet.handler.AbstractHandlerMethodMapping$MappingRegistry [restartedMain] Mapped "{[/getTalentQuestion],methods=[GET]}" onto public java.util.List<com.yotabytes.talentpool.model.TalentQuestion> com.yotabytes.talentpool.rest.controller.TalentPoolApplicationMainController.getTalentQuestion(javax.servlet.http.HttpServletRequest)
2019-11-08 16:18:30,827 INFO org.springframework.web.servlet.handler.AbstractHandlerMethodMapping$MappingRegistry [restartedMain] Mapped "{[/candidateInformation],methods=[POST]}" onto public com.yotabytes.talentpool.model.CandidateInformation com.yotabytes.talentpool.rest.controller.TalentPoolApplicationMainController.saveCandidateInformation(com.yotabytes.talentpool.model.CandidateInformation,javax.servlet.http.HttpSession)
2019-11-08 16:18:30,830 INFO org.springframework.web.servlet.handler.AbstractHandlerMethodMapping$MappingRegistry [restartedMain] Mapped "{[/candidateExperience],methods=[POST]}" onto public com.yotabytes.talentpool.model.Talent_candidate_experience com.yotabytes.talentpool.rest.controller.TalentPoolApplicationMainController.saveCandidateExperience(javax.servlet.http.HttpSession,javax.servlet.http.HttpServletRequest)
2019-11-08 16:18:30,981 INFO org.springframework.web.servlet.handler.AbstractHandlerMethodMapping$MappingRegistry [restartedMain] Mapped "{[/error]}" onto public org.springframework.http.ResponseEntity<java.util.Map<java.lang.String, java.lang.Object>> org.springframework.boot.autoconfigure.web.servlet.error.BasicErrorController.error(javax.servlet.http.HttpServletRequest)
2019-11-08 16:18:30,984 INFO org.springframework.web.servlet.handler.AbstractHandlerMethodMapping$MappingRegistry [restartedMain] Mapped "{[/error],produces=[text/html]}" onto public org.springframework.web.servlet.ModelAndView org.springframework.boot.autoconfigure.web.servlet.error.BasicErrorController.errorHtml(javax.servlet.http.HttpServletRequest,javax.servlet.http.HttpServletResponse)
2019-11-08 16:18:31,159 INFO org.springframework.web.servlet.handler.AbstractUrlHandlerMapping [restartedMain] Mapped URL path [/webjars/**] onto handler of type [class org.springframework.web.servlet.resource.ResourceHttpRequestHandler]
2019-11-08 16:18:31,160 INFO org.springframework.web.servlet.handler.AbstractUrlHandlerMapping [restartedMain] Mapped URL path [/**] onto handler of type [class org.springframework.web.servlet.resource.ResourceHttpRequestHandler]
2019-11-08 16:18:31,812 INFO org.springframework.boot.devtools.autoconfigure.OptionalLiveReloadServer [restartedMain] LiveReload server is running on port 35729
2019-11-08 16:18:32,052 INFO org.springframework.jmx.export.MBeanExporter [restartedMain] Registering beans for JMX exposure on startup
2019-11-08 16:18:32,095 INFO org.springframework.jmx.export.MBeanExporter [restartedMain] Bean with name 'dataSource' has been autodetected for JMX exposure
2019-11-08 16:18:32,179 INFO org.springframework.jmx.export.MBeanExporter [restartedMain] Located MBean 'dataSource': registering with JMX server as MBean [com.zaxxer.hikari:name=dataSource,type=HikariDataSource]
2019-11-08 16:18:32,264 INFO org.apache.juli.logging.DirectJDKLog [restartedMain] Starting ProtocolHandler ["http-nio-8080"]
2019-11-08 16:18:32,268 INFO org.apache.juli.logging.DirectJDKLog [restartedMain] Using a shared selector for servlet write/read
2019-11-08 16:18:32,450 INFO org.springframework.boot.web.embedded.tomcat.TomcatWebServer [restartedMain] Tomcat started on port(s): 8080 (http) with context path ''
2019-11-08 16:18:32,467 INFO org.springframework.boot.StartupInfoLogger [restartedMain] Started TalentPoolApplication in 10.636 seconds (JVM running for 7919.675)
2019-11-08 16:18:32,480 INFO org.springframework.boot.devtools.autoconfigure.ConditionEvaluationDeltaLoggingListener [restartedMain] Condition evaluation unchanged
2019-11-08 16:21:25,273 INFO org.springframework.context.support.AbstractApplicationContext [Thread-13] Closing org.springframework.boot.web.servlet.context.AnnotationConfigServletWebServerApplicationContext@5a2391c2: startup date [Fri Nov 08 16:18:22 IST 2019]; root of context hierarchy
2019-11-08 16:21:25,280 INFO org.springframework.jmx.export.MBeanExporter [Thread-13] Unregistering JMX-exposed beans on shutdown
2019-11-08 16:21:25,281 INFO org.springframework.jmx.support.MBeanRegistrationSupport [Thread-13] Unregistering JMX-exposed beans
2019-11-08 16:21:25,302 INFO org.springframework.orm.jpa.AbstractEntityManagerFactoryBean [Thread-13] Closing JPA EntityManagerFactory for persistence unit 'default'
2019-11-08 16:21:25,303 INFO org.hibernate.tool.schema.internal.SchemaDropperImpl$DelayedDropActionImpl [Thread-13] HHH000477: Starting delayed drop of schema as part of SessionFactory shut-down'
2019-11-08 16:21:25,305 INFO com.zaxxer.hikari.HikariDataSource [Thread-13] HikariPool-2 - Shutdown initiated...
2019-11-08 16:21:26,479 INFO com.zaxxer.hikari.HikariDataSource [Thread-13] HikariPool-2 - Shutdown completed.
2019-11-08 16:21:46,818 INFO org.springframework.boot.StartupInfoLogger [restartedMain] Starting TalentPoolApplication on System21 with PID 4784 (C:\Users\user\git\TalentPool\TalentPool\target\classes started by user in C:\Users\user\git\TalentPool\TalentPool)
2019-11-08 16:21:46,819 DEBUG org.springframework.boot.StartupInfoLogger [restartedMain] Running with Spring Boot v2.0.6.RELEASE, Spring v5.0.10.RELEASE
2019-11-08 16:21:46,820 INFO org.springframework.boot.SpringApplication [restartedMain] No active profile set, falling back to default profiles: default
2019-11-08 16:21:46,936 INFO org.springframework.context.support.AbstractApplicationContext [restartedMain] Refreshing org.springframework.boot.web.servlet.context.AnnotationConfigServletWebServerApplicationContext@557bc32a: startup date [Fri Nov 08 16:21:46 IST 2019]; root of context hierarchy
2019-11-08 16:21:50,766 INFO org.springframework.context.support.PostProcessorRegistrationDelegate$BeanPostProcessorChecker [restartedMain] Bean 'org.springframework.transaction.annotation.ProxyTransactionManagementConfiguration' of type [org.springframework.transaction.annotation.ProxyTransactionManagementConfiguration$$EnhancerBySpringCGLIB$$4cc6728f] is not eligible for getting processed by all BeanPostProcessors (for example: not eligible for auto-proxying)
2019-11-08 16:21:51,807 INFO org.springframework.boot.web.embedded.tomcat.TomcatWebServer [restartedMain] Tomcat initialized with port(s): 8080 (http)
2019-11-08 16:21:51,809 INFO org.apache.juli.logging.DirectJDKLog [restartedMain] Initializing ProtocolHandler ["http-nio-8080"]
2019-11-08 16:21:51,810 INFO org.apache.juli.logging.DirectJDKLog [restartedMain] Starting service [Tomcat]
2019-11-08 16:21:51,811 INFO org.apache.juli.logging.DirectJDKLog [restartedMain] Starting Servlet Engine: Apache Tomcat/8.5.34
2019-11-08 16:21:52,591 INFO org.apache.juli.logging.DirectJDKLog [localhost-startStop-1] At least one JAR was scanned for TLDs yet contained no TLDs. Enable debug logging for this logger for a complete list of JARs that were scanned but no TLDs were found in them. Skipping unneeded JARs during scanning can improve startup time and JSP compilation time.
2019-11-08 16:21:52,598 INFO org.apache.juli.logging.DirectJDKLog [localhost-startStop-1] Initializing Spring embedded WebApplicationContext
2019-11-08 16:21:52,600 INFO org.springframework.boot.web.servlet.context.ServletWebServerApplicationContext [localhost-startStop-1] Root WebApplicationContext: initialization completed in 5664 ms
2019-11-08 16:21:52,804 INFO org.springframework.boot.web.servlet.ServletRegistrationBean [localhost-startStop-1] Servlet dispatcherServlet mapped to [/]
2019-11-08 16:21:52,807 INFO org.springframework.boot.web.servlet.AbstractFilterRegistrationBean [localhost-startStop-1] Mapping filter: 'characterEncodingFilter' to: [/*]
2019-11-08 16:21:52,807 INFO org.springframework.boot.web.servlet.AbstractFilterRegistrationBean [localhost-startStop-1] Mapping filter: 'hiddenHttpMethodFilter' to: [/*]
2019-11-08 16:21:52,822 INFO org.springframework.boot.web.servlet.AbstractFilterRegistrationBean [localhost-startStop-1] Mapping filter: 'httpPutFormContentFilter' to: [/*]
2019-11-08 16:21:52,837 INFO org.springframework.boot.web.servlet.AbstractFilterRegistrationBean [localhost-startStop-1] Mapping filter: 'requestContextFilter' to: [/*]
2019-11-08 16:21:53,392 INFO com.zaxxer.hikari.HikariDataSource [restartedMain] HikariPool-3 - Starting...
2019-11-08 16:21:53,904 INFO com.zaxxer.hikari.HikariDataSource [restartedMain] HikariPool-3 - Start completed.
2019-11-08 16:21:53,918 INFO org.springframework.orm.jpa.LocalContainerEntityManagerFactoryBean [restartedMain] Building JPA container EntityManagerFactory for persistence unit 'default'
2019-11-08 16:21:53,919 INFO org.hibernate.jpa.internal.util.LogHelper [restartedMain] HHH000204: Processing PersistenceUnitInfo [
	name: default
	...]
2019-11-08 16:21:53,946 INFO org.hibernate.dialect.Dialect [restartedMain] HHH000400: Using dialect: org.hibernate.dialect.PostgreSQL9Dialect
2019-11-08 16:21:53,954 INFO org.hibernate.type.BasicTypeRegistry [restartedMain] HHH000270: Type registration [java.util.UUID] overrides previous : org.hibernate.type.UUIDBinaryType@3d035ed
2019-11-08 16:21:54,018 INFO org.hibernate.tool.schema.internal.SchemaCreatorImpl [restartedMain] HHH000476: Executing import script 'org.hibernate.tool.schema.internal.exec.ScriptSourceInputNonExistentImpl@3e0f3d7f'
2019-11-08 16:21:54,019 INFO org.springframework.orm.jpa.AbstractEntityManagerFactoryBean [restartedMain] Initialized JPA EntityManagerFactory for persistence unit 'default'
2019-11-08 16:21:54,386 INFO org.springframework.web.servlet.handler.AbstractUrlHandlerMapping [restartedMain] Mapped URL path [/**/favicon.ico] onto handler of type [class org.springframework.web.servlet.resource.ResourceHttpRequestHandler]
2019-11-08 16:21:55,013 INFO org.springframework.web.servlet.mvc.method.annotation.RequestMappingHandlerAdapter [restartedMain] Looking for @ControllerAdvice: org.springframework.boot.web.servlet.context.AnnotationConfigServletWebServerApplicationContext@557bc32a: startup date [Fri Nov 08 16:21:46 IST 2019]; root of context hierarchy
2019-11-08 16:21:55,102 WARN org.springframework.boot.autoconfigure.orm.jpa.JpaBaseConfiguration$JpaWebConfiguration$JpaWebMvcConfiguration [restartedMain] spring.jpa.open-in-view is enabled by default. Therefore, database queries may be performed during view rendering. Explicitly configure spring.jpa.open-in-view to disable this warning
2019-11-08 16:21:55,226 INFO org.springframework.web.servlet.handler.AbstractHandlerMethodMapping$MappingRegistry [restartedMain] Mapped "{[/]}" onto public java.lang.String com.yotabytes.talentpool.rest.controller.TalentPoolApplicationMainController.welcome()
2019-11-08 16:21:55,227 INFO org.springframework.web.servlet.handler.AbstractHandlerMethodMapping$MappingRegistry [restartedMain] Mapped "{[/Registration],methods=[GET]}" onto public org.springframework.web.servlet.ModelAndView com.yotabytes.talentpool.rest.controller.TalentPoolApplicationMainController.getCandidatePage(java.util.Map<java.lang.String, java.lang.Object>,javax.servlet.http.HttpSession)
2019-11-08 16:21:55,228 INFO org.springframework.web.servlet.handler.AbstractHandlerMethodMapping$MappingRegistry [restartedMain] Mapped "{[/getTalentQuestion],methods=[GET]}" onto public java.util.List<com.yotabytes.talentpool.model.TalentQuestion> com.yotabytes.talentpool.rest.controller.TalentPoolApplicationMainController.getTalentQuestion(javax.servlet.http.HttpServletRequest)
2019-11-08 16:21:55,229 INFO org.springframework.web.servlet.handler.AbstractHandlerMethodMapping$MappingRegistry [restartedMain] Mapped "{[/candidateInformation],methods=[POST]}" onto public com.yotabytes.talentpool.model.CandidateInformation com.yotabytes.talentpool.rest.controller.TalentPoolApplicationMainController.saveCandidateInformation(com.yotabytes.talentpool.model.CandidateInformation,javax.servlet.http.HttpSession)
2019-11-08 16:21:55,231 INFO org.springframework.web.servlet.handler.AbstractHandlerMethodMapping$MappingRegistry [restartedMain] Mapped "{[/candidateExperience],methods=[POST]}" onto public com.yotabytes.talentpool.model.Talent_candidate_experience com.yotabytes.talentpool.rest.controller.TalentPoolApplicationMainController.saveCandidateExperience(javax.servlet.http.HttpSession,javax.servlet.http.HttpServletRequest)
2019-11-08 16:21:55,239 INFO org.springframework.web.servlet.handler.AbstractHandlerMethodMapping$MappingRegistry [restartedMain] Mapped "{[/error]}" onto public org.springframework.http.ResponseEntity<java.util.Map<java.lang.String, java.lang.Object>> org.springframework.boot.autoconfigure.web.servlet.error.BasicErrorController.error(javax.servlet.http.HttpServletRequest)
2019-11-08 16:21:55,239 INFO org.springframework.web.servlet.handler.AbstractHandlerMethodMapping$MappingRegistry [restartedMain] Mapped "{[/error],produces=[text/html]}" onto public org.springframework.web.servlet.ModelAndView org.springframework.boot.autoconfigure.web.servlet.error.BasicErrorController.errorHtml(javax.servlet.http.HttpServletRequest,javax.servlet.http.HttpServletResponse)
2019-11-08 16:21:55,351 INFO org.springframework.web.servlet.handler.AbstractUrlHandlerMapping [restartedMain] Mapped URL path [/webjars/**] onto handler of type [class org.springframework.web.servlet.resource.ResourceHttpRequestHandler]
2019-11-08 16:21:55,354 INFO org.springframework.web.servlet.handler.AbstractUrlHandlerMapping [restartedMain] Mapped URL path [/**] onto handler of type [class org.springframework.web.servlet.resource.ResourceHttpRequestHandler]
2019-11-08 16:21:56,346 INFO org.springframework.boot.devtools.autoconfigure.OptionalLiveReloadServer [restartedMain] LiveReload server is running on port 35729
2019-11-08 16:21:56,460 INFO org.springframework.jmx.export.MBeanExporter [restartedMain] Registering beans for JMX exposure on startup
2019-11-08 16:21:56,461 INFO org.springframework.jmx.export.MBeanExporter [restartedMain] Bean with name 'dataSource' has been autodetected for JMX exposure
2019-11-08 16:21:56,484 INFO org.springframework.jmx.export.MBeanExporter [restartedMain] Located MBean 'dataSource': registering with JMX server as MBean [com.zaxxer.hikari:name=dataSource,type=HikariDataSource]
2019-11-08 16:21:56,500 INFO org.apache.juli.logging.DirectJDKLog [restartedMain] Starting ProtocolHandler ["http-nio-8080"]
2019-11-08 16:21:56,556 INFO org.apache.juli.logging.DirectJDKLog [restartedMain] Using a shared selector for servlet write/read
2019-11-08 16:21:56,713 INFO org.springframework.boot.web.embedded.tomcat.TomcatWebServer [restartedMain] Tomcat started on port(s): 8080 (http) with context path ''
2019-11-08 16:21:56,716 INFO org.springframework.boot.StartupInfoLogger [restartedMain] Started TalentPoolApplication in 10.176 seconds (JVM running for 8122.46)
2019-11-08 16:21:56,721 INFO org.springframework.boot.devtools.autoconfigure.ConditionEvaluationDeltaLoggingListener [restartedMain] Condition evaluation unchanged
2019-11-08 16:22:18,841 INFO org.springframework.context.support.AbstractApplicationContext [Thread-21] Closing org.springframework.boot.web.servlet.context.AnnotationConfigServletWebServerApplicationContext@557bc32a: startup date [Fri Nov 08 16:21:46 IST 2019]; root of context hierarchy
2019-11-08 16:22:19,310 INFO org.springframework.jmx.export.MBeanExporter [Thread-21] Unregistering JMX-exposed beans on shutdown
2019-11-08 16:22:19,310 INFO org.springframework.jmx.support.MBeanRegistrationSupport [Thread-21] Unregistering JMX-exposed beans
2019-11-08 16:22:19,310 INFO org.springframework.orm.jpa.AbstractEntityManagerFactoryBean [Thread-21] Closing JPA EntityManagerFactory for persistence unit 'default'
2019-11-08 16:22:19,310 INFO org.hibernate.tool.schema.internal.SchemaDropperImpl$DelayedDropActionImpl [Thread-21] HHH000477: Starting delayed drop of schema as part of SessionFactory shut-down'
2019-11-08 16:22:19,310 INFO com.zaxxer.hikari.HikariDataSource [Thread-21] HikariPool-3 - Shutdown initiated...
2019-11-08 16:22:19,495 INFO com.zaxxer.hikari.HikariDataSource [Thread-21] HikariPool-3 - Shutdown completed.
2019-11-08 16:22:25,839 INFO org.springframework.boot.StartupInfoLogger [restartedMain] Starting TalentPoolApplication on System21 with PID 4784 (C:\Users\user\git\TalentPool\TalentPool\target\classes started by user in C:\Users\user\git\TalentPool\TalentPool)
2019-11-08 16:22:25,839 DEBUG org.springframework.boot.StartupInfoLogger [restartedMain] Running with Spring Boot v2.0.6.RELEASE, Spring v5.0.10.RELEASE
2019-11-08 16:22:25,839 INFO org.springframework.boot.SpringApplication [restartedMain] No active profile set, falling back to default profiles: default
2019-11-08 16:22:25,839 INFO org.springframework.context.support.AbstractApplicationContext [restartedMain] Refreshing org.springframework.boot.web.servlet.context.AnnotationConfigServletWebServerApplicationContext@7fd9cfc2: startup date [Fri Nov 08 16:22:25 IST 2019]; root of context hierarchy
2019-11-08 16:22:28,173 INFO org.springframework.context.support.PostProcessorRegistrationDelegate$BeanPostProcessorChecker [restartedMain] Bean 'org.springframework.transaction.annotation.ProxyTransactionManagementConfiguration' of type [org.springframework.transaction.annotation.ProxyTransactionManagementConfiguration$$EnhancerBySpringCGLIB$$4cc6728f] is not eligible for getting processed by all BeanPostProcessors (for example: not eligible for auto-proxying)
2019-11-08 16:22:28,502 INFO org.springframework.boot.web.embedded.tomcat.TomcatWebServer [restartedMain] Tomcat initialized with port(s): 8080 (http)
2019-11-08 16:22:28,502 INFO org.apache.juli.logging.DirectJDKLog [restartedMain] Initializing ProtocolHandler ["http-nio-8080"]
2019-11-08 16:22:28,518 INFO org.apache.juli.logging.DirectJDKLog [restartedMain] Starting service [Tomcat]
2019-11-08 16:22:28,518 INFO org.apache.juli.logging.DirectJDKLog [restartedMain] Starting Servlet Engine: Apache Tomcat/8.5.34
2019-11-08 16:22:28,893 INFO org.apache.juli.logging.DirectJDKLog [localhost-startStop-1] At least one JAR was scanned for TLDs yet contained no TLDs. Enable debug logging for this logger for a complete list of JARs that were scanned but no TLDs were found in them. Skipping unneeded JARs during scanning can improve startup time and JSP compilation time.
2019-11-08 16:22:28,893 INFO org.apache.juli.logging.DirectJDKLog [localhost-startStop-1] Initializing Spring embedded WebApplicationContext
2019-11-08 16:22:28,893 INFO org.springframework.boot.web.servlet.context.ServletWebServerApplicationContext [localhost-startStop-1] Root WebApplicationContext: initialization completed in 3054 ms
2019-11-08 16:22:28,924 INFO org.springframework.boot.web.servlet.ServletRegistrationBean [localhost-startStop-1] Servlet dispatcherServlet mapped to [/]
2019-11-08 16:22:28,940 INFO org.springframework.boot.web.servlet.AbstractFilterRegistrationBean [localhost-startStop-1] Mapping filter: 'characterEncodingFilter' to: [/*]
2019-11-08 16:22:28,940 INFO org.springframework.boot.web.servlet.AbstractFilterRegistrationBean [localhost-startStop-1] Mapping filter: 'hiddenHttpMethodFilter' to: [/*]
2019-11-08 16:22:28,940 INFO org.springframework.boot.web.servlet.AbstractFilterRegistrationBean [localhost-startStop-1] Mapping filter: 'httpPutFormContentFilter' to: [/*]
2019-11-08 16:22:28,940 INFO org.springframework.boot.web.servlet.AbstractFilterRegistrationBean [localhost-startStop-1] Mapping filter: 'requestContextFilter' to: [/*]
2019-11-08 16:22:29,237 INFO com.zaxxer.hikari.HikariDataSource [restartedMain] HikariPool-4 - Starting...
2019-11-08 16:22:29,363 INFO com.zaxxer.hikari.HikariDataSource [restartedMain] HikariPool-4 - Start completed.
2019-11-08 16:22:29,378 INFO org.springframework.orm.jpa.LocalContainerEntityManagerFactoryBean [restartedMain] Building JPA container EntityManagerFactory for persistence unit 'default'
2019-11-08 16:22:29,378 INFO org.hibernate.jpa.internal.util.LogHelper [restartedMain] HHH000204: Processing PersistenceUnitInfo [
	name: default
	...]
2019-11-08 16:22:29,410 INFO org.hibernate.dialect.Dialect [restartedMain] HHH000400: Using dialect: org.hibernate.dialect.PostgreSQL9Dialect
2019-11-08 16:22:29,410 INFO org.hibernate.type.BasicTypeRegistry [restartedMain] HHH000270: Type registration [java.util.UUID] overrides previous : org.hibernate.type.UUIDBinaryType@3d035ed
2019-11-08 16:22:29,441 INFO org.hibernate.tool.schema.internal.SchemaCreatorImpl [restartedMain] HHH000476: Executing import script 'org.hibernate.tool.schema.internal.exec.ScriptSourceInputNonExistentImpl@3e0f3d7f'
2019-11-08 16:22:29,441 INFO org.springframework.orm.jpa.AbstractEntityManagerFactoryBean [restartedMain] Initialized JPA EntityManagerFactory for persistence unit 'default'
2019-11-08 16:22:29,550 INFO org.springframework.web.servlet.handler.AbstractUrlHandlerMapping [restartedMain] Mapped URL path [/**/favicon.ico] onto handler of type [class org.springframework.web.servlet.resource.ResourceHttpRequestHandler]
2019-11-08 16:22:29,847 INFO org.springframework.web.servlet.mvc.method.annotation.RequestMappingHandlerAdapter [restartedMain] Looking for @ControllerAdvice: org.springframework.boot.web.servlet.context.AnnotationConfigServletWebServerApplicationContext@7fd9cfc2: startup date [Fri Nov 08 16:22:25 IST 2019]; root of context hierarchy
2019-11-08 16:22:29,878 WARN org.springframework.boot.autoconfigure.orm.jpa.JpaBaseConfiguration$JpaWebConfiguration$JpaWebMvcConfiguration [restartedMain] spring.jpa.open-in-view is enabled by default. Therefore, database queries may be performed during view rendering. Explicitly configure spring.jpa.open-in-view to disable this warning
2019-11-08 16:22:29,894 INFO org.springframework.web.servlet.handler.AbstractHandlerMethodMapping$MappingRegistry [restartedMain] Mapped "{[/]}" onto public java.lang.String com.yotabytes.talentpool.rest.controller.TalentPoolApplicationMainController.welcome()
2019-11-08 16:22:29,894 INFO org.springframework.web.servlet.handler.AbstractHandlerMethodMapping$MappingRegistry [restartedMain] Mapped "{[/Registration],methods=[GET]}" onto public org.springframework.web.servlet.ModelAndView com.yotabytes.talentpool.rest.controller.TalentPoolApplicationMainController.getCandidatePage(java.util.Map<java.lang.String, java.lang.Object>,javax.servlet.http.HttpSession)
2019-11-08 16:22:29,894 INFO org.springframework.web.servlet.handler.AbstractHandlerMethodMapping$MappingRegistry [restartedMain] Mapped "{[/getTalentQuestion],methods=[GET]}" onto public java.util.List<com.yotabytes.talentpool.model.TalentQuestion> com.yotabytes.talentpool.rest.controller.TalentPoolApplicationMainController.getTalentQuestion(javax.servlet.http.HttpServletRequest)
2019-11-08 16:22:29,894 INFO org.springframework.web.servlet.handler.AbstractHandlerMethodMapping$MappingRegistry [restartedMain] Mapped "{[/candidateInformation],methods=[POST]}" onto public com.yotabytes.talentpool.model.CandidateInformation com.yotabytes.talentpool.rest.controller.TalentPoolApplicationMainController.saveCandidateInformation(com.yotabytes.talentpool.model.CandidateInformation,javax.servlet.http.HttpSession)
2019-11-08 16:22:29,894 INFO org.springframework.web.servlet.handler.AbstractHandlerMethodMapping$MappingRegistry [restartedMain] Mapped "{[/candidateExperience],methods=[POST]}" onto public com.yotabytes.talentpool.model.Talent_candidate_experience com.yotabytes.talentpool.rest.controller.TalentPoolApplicationMainController.saveCandidateExperience(javax.servlet.http.HttpSession,javax.servlet.http.HttpServletRequest)
2019-11-08 16:22:29,894 INFO org.springframework.web.servlet.handler.AbstractHandlerMethodMapping$MappingRegistry [restartedMain] Mapped "{[/error]}" onto public org.springframework.http.ResponseEntity<java.util.Map<java.lang.String, java.lang.Object>> org.springframework.boot.autoconfigure.web.servlet.error.BasicErrorController.error(javax.servlet.http.HttpServletRequest)
2019-11-08 16:22:29,894 INFO org.springframework.web.servlet.handler.AbstractHandlerMethodMapping$MappingRegistry [restartedMain] Mapped "{[/error],produces=[text/html]}" onto public org.springframework.web.servlet.ModelAndView org.springframework.boot.autoconfigure.web.servlet.error.BasicErrorController.errorHtml(javax.servlet.http.HttpServletRequest,javax.servlet.http.HttpServletResponse)
2019-11-08 16:22:29,925 INFO org.springframework.web.servlet.handler.AbstractUrlHandlerMapping [restartedMain] Mapped URL path [/webjars/**] onto handler of type [class org.springframework.web.servlet.resource.ResourceHttpRequestHandler]
2019-11-08 16:22:29,925 INFO org.springframework.web.servlet.handler.AbstractUrlHandlerMapping [restartedMain] Mapped URL path [/**] onto handler of type [class org.springframework.web.servlet.resource.ResourceHttpRequestHandler]
2019-11-08 16:22:30,285 INFO org.springframework.boot.devtools.autoconfigure.OptionalLiveReloadServer [restartedMain] LiveReload server is running on port 35729
2019-11-08 16:22:30,378 INFO org.springframework.jmx.export.MBeanExporter [restartedMain] Registering beans for JMX exposure on startup
2019-11-08 16:22:30,378 INFO org.springframework.jmx.export.MBeanExporter [restartedMain] Bean with name 'dataSource' has been autodetected for JMX exposure
2019-11-08 16:22:30,428 INFO org.springframework.jmx.export.MBeanExporter [restartedMain] Located MBean 'dataSource': registering with JMX server as MBean [com.zaxxer.hikari:name=dataSource,type=HikariDataSource]
2019-11-08 16:22:30,439 INFO org.apache.juli.logging.DirectJDKLog [restartedMain] Starting ProtocolHandler ["http-nio-8080"]
2019-11-08 16:22:30,441 INFO org.apache.juli.logging.DirectJDKLog [restartedMain] Using a shared selector for servlet write/read
2019-11-08 16:22:30,617 INFO org.springframework.boot.web.embedded.tomcat.TomcatWebServer [restartedMain] Tomcat started on port(s): 8080 (http) with context path ''
2019-11-08 16:22:30,632 INFO org.springframework.boot.StartupInfoLogger [restartedMain] Started TalentPoolApplication in 5.122 seconds (JVM running for 8156.151)
2019-11-08 16:22:30,648 INFO org.springframework.boot.devtools.autoconfigure.ConditionEvaluationDeltaLoggingListener [restartedMain] Condition evaluation unchanged
2019-11-08 16:50:37,843 INFO org.springframework.context.support.AbstractApplicationContext [Thread-29] Closing org.springframework.boot.web.servlet.context.AnnotationConfigServletWebServerApplicationContext@7fd9cfc2: startup date [Fri Nov 08 16:22:25 IST 2019]; root of context hierarchy
2019-11-08 16:50:37,843 INFO org.springframework.jmx.export.MBeanExporter [Thread-29] Unregistering JMX-exposed beans on shutdown
2019-11-08 16:50:37,843 INFO org.springframework.jmx.support.MBeanRegistrationSupport [Thread-29] Unregistering JMX-exposed beans
2019-11-08 16:50:37,843 INFO org.springframework.orm.jpa.AbstractEntityManagerFactoryBean [Thread-29] Closing JPA EntityManagerFactory for persistence unit 'default'
2019-11-08 16:50:37,843 INFO org.hibernate.tool.schema.internal.SchemaDropperImpl$DelayedDropActionImpl [Thread-29] HHH000477: Starting delayed drop of schema as part of SessionFactory shut-down'
2019-11-08 16:50:37,843 INFO com.zaxxer.hikari.HikariDataSource [Thread-29] HikariPool-4 - Shutdown initiated...
2019-11-08 16:50:37,875 INFO com.zaxxer.hikari.HikariDataSource [Thread-29] HikariPool-4 - Shutdown completed.
2019-11-08 16:50:43,333 INFO org.springframework.boot.StartupInfoLogger [restartedMain] Starting TalentPoolApplication on System21 with PID 4784 (C:\Users\user\git\TalentPool\TalentPool\target\classes started by user in C:\Users\user\git\TalentPool\TalentPool)
2019-11-08 16:50:43,333 DEBUG org.springframework.boot.StartupInfoLogger [restartedMain] Running with Spring Boot v2.0.6.RELEASE, Spring v5.0.10.RELEASE
2019-11-08 16:50:43,333 INFO org.springframework.boot.SpringApplication [restartedMain] No active profile set, falling back to default profiles: default
2019-11-08 16:50:43,458 INFO org.springframework.context.support.AbstractApplicationContext [restartedMain] Refreshing org.springframework.boot.web.servlet.context.AnnotationConfigServletWebServerApplicationContext@27766d7: startup date [Fri Nov 08 16:50:43 IST 2019]; root of context hierarchy
2019-11-08 16:50:44,693 INFO org.springframework.context.support.PostProcessorRegistrationDelegate$BeanPostProcessorChecker [restartedMain] Bean 'org.springframework.transaction.annotation.ProxyTransactionManagementConfiguration' of type [org.springframework.transaction.annotation.ProxyTransactionManagementConfiguration$$EnhancerBySpringCGLIB$$4cc6728f] is not eligible for getting processed by all BeanPostProcessors (for example: not eligible for auto-proxying)
2019-11-08 16:50:44,944 INFO org.springframework.boot.web.embedded.tomcat.TomcatWebServer [restartedMain] Tomcat initialized with port(s): 8080 (http)
2019-11-08 16:50:44,944 INFO org.apache.juli.logging.DirectJDKLog [restartedMain] Initializing ProtocolHandler ["http-nio-8080"]
2019-11-08 16:50:44,944 INFO org.apache.juli.logging.DirectJDKLog [restartedMain] Starting service [Tomcat]
2019-11-08 16:50:44,944 INFO org.apache.juli.logging.DirectJDKLog [restartedMain] Starting Servlet Engine: Apache Tomcat/8.5.34
2019-11-08 16:50:45,953 INFO org.apache.juli.logging.DirectJDKLog [localhost-startStop-1] At least one JAR was scanned for TLDs yet contained no TLDs. Enable debug logging for this logger for a complete list of JARs that were scanned but no TLDs were found in them. Skipping unneeded JARs during scanning can improve startup time and JSP compilation time.
2019-11-08 16:50:45,953 INFO org.apache.juli.logging.DirectJDKLog [localhost-startStop-1] Initializing Spring embedded WebApplicationContext
2019-11-08 16:50:45,953 INFO org.springframework.boot.web.servlet.context.ServletWebServerApplicationContext [localhost-startStop-1] Root WebApplicationContext: initialization completed in 2495 ms
2019-11-08 16:50:46,110 INFO org.springframework.boot.web.servlet.ServletRegistrationBean [localhost-startStop-1] Servlet dispatcherServlet mapped to [/]
2019-11-08 16:50:46,110 INFO org.springframework.boot.web.servlet.AbstractFilterRegistrationBean [localhost-startStop-1] Mapping filter: 'characterEncodingFilter' to: [/*]
2019-11-08 16:50:46,110 INFO org.springframework.boot.web.servlet.AbstractFilterRegistrationBean [localhost-startStop-1] Mapping filter: 'hiddenHttpMethodFilter' to: [/*]
2019-11-08 16:50:46,110 INFO org.springframework.boot.web.servlet.AbstractFilterRegistrationBean [localhost-startStop-1] Mapping filter: 'httpPutFormContentFilter' to: [/*]
2019-11-08 16:50:46,110 INFO org.springframework.boot.web.servlet.AbstractFilterRegistrationBean [localhost-startStop-1] Mapping filter: 'requestContextFilter' to: [/*]
2019-11-08 16:50:46,297 INFO com.zaxxer.hikari.HikariDataSource [restartedMain] HikariPool-5 - Starting...
2019-11-08 16:50:46,422 INFO com.zaxxer.hikari.HikariDataSource [restartedMain] HikariPool-5 - Start completed.
2019-11-08 16:50:46,438 INFO org.springframework.orm.jpa.LocalContainerEntityManagerFactoryBean [restartedMain] Building JPA container EntityManagerFactory for persistence unit 'default'
2019-11-08 16:50:46,438 INFO org.hibernate.jpa.internal.util.LogHelper [restartedMain] HHH000204: Processing PersistenceUnitInfo [
	name: default
	...]
2019-11-08 16:50:46,454 INFO org.hibernate.dialect.Dialect [restartedMain] HHH000400: Using dialect: org.hibernate.dialect.PostgreSQL9Dialect
2019-11-08 16:50:46,469 INFO org.hibernate.type.BasicTypeRegistry [restartedMain] HHH000270: Type registration [java.util.UUID] overrides previous : org.hibernate.type.UUIDBinaryType@3d035ed
2019-11-08 16:50:46,485 INFO org.hibernate.tool.schema.internal.SchemaCreatorImpl [restartedMain] HHH000476: Executing import script 'org.hibernate.tool.schema.internal.exec.ScriptSourceInputNonExistentImpl@3e0f3d7f'
2019-11-08 16:50:46,485 INFO org.springframework.orm.jpa.AbstractEntityManagerFactoryBean [restartedMain] Initialized JPA EntityManagerFactory for persistence unit 'default'
2019-11-08 16:50:46,739 INFO org.springframework.web.servlet.handler.AbstractUrlHandlerMapping [restartedMain] Mapped URL path [/**/favicon.ico] onto handler of type [class org.springframework.web.servlet.resource.ResourceHttpRequestHandler]
2019-11-08 16:50:47,140 INFO org.springframework.web.servlet.mvc.method.annotation.RequestMappingHandlerAdapter [restartedMain] Looking for @ControllerAdvice: org.springframework.boot.web.servlet.context.AnnotationConfigServletWebServerApplicationContext@27766d7: startup date [Fri Nov 08 16:50:43 IST 2019]; root of context hierarchy
2019-11-08 16:50:47,156 WARN org.springframework.boot.autoconfigure.orm.jpa.JpaBaseConfiguration$JpaWebConfiguration$JpaWebMvcConfiguration [restartedMain] spring.jpa.open-in-view is enabled by default. Therefore, database queries may be performed during view rendering. Explicitly configure spring.jpa.open-in-view to disable this warning
2019-11-08 16:50:47,171 INFO org.springframework.web.servlet.handler.AbstractHandlerMethodMapping$MappingRegistry [restartedMain] Mapped "{[/]}" onto public java.lang.String com.yotabytes.talentpool.rest.controller.TalentPoolApplicationMainController.welcome()
2019-11-08 16:50:47,218 INFO org.springframework.web.servlet.handler.AbstractHandlerMethodMapping$MappingRegistry [restartedMain] Mapped "{[/Registration],methods=[GET]}" onto public org.springframework.web.servlet.ModelAndView com.yotabytes.talentpool.rest.controller.TalentPoolApplicationMainController.getCandidatePage(java.util.Map<java.lang.String, java.lang.Object>,javax.servlet.http.HttpSession)
2019-11-08 16:50:51,709 INFO org.springframework.web.servlet.handler.AbstractHandlerMethodMapping$MappingRegistry [restartedMain] Mapped "{[/getTalentQuestion],methods=[GET]}" onto public java.util.List<com.yotabytes.talentpool.model.TalentQuestion> com.yotabytes.talentpool.rest.controller.TalentPoolApplicationMainController.getTalentQuestion(javax.servlet.http.HttpServletRequest)
2019-11-08 16:50:51,709 INFO org.springframework.web.servlet.handler.AbstractHandlerMethodMapping$MappingRegistry [restartedMain] Mapped "{[/candidateInformation],methods=[POST]}" onto public com.yotabytes.talentpool.model.CandidateInformation com.yotabytes.talentpool.rest.controller.TalentPoolApplicationMainController.saveCandidateInformation(com.yotabytes.talentpool.model.CandidateInformation,javax.servlet.http.HttpSession)
2019-11-08 16:50:51,709 INFO org.springframework.web.servlet.handler.AbstractHandlerMethodMapping$MappingRegistry [restartedMain] Mapped "{[/candidateExperience],methods=[POST]}" onto public com.yotabytes.talentpool.model.Talent_candidate_experience com.yotabytes.talentpool.rest.controller.TalentPoolApplicationMainController.saveCandidateExperience(javax.servlet.http.HttpSession,javax.servlet.http.HttpServletRequest)
2019-11-08 16:50:51,709 INFO org.springframework.web.servlet.handler.AbstractHandlerMethodMapping$MappingRegistry [restartedMain] Mapped "{[/error]}" onto public org.springframework.http.ResponseEntity<java.util.Map<java.lang.String, java.lang.Object>> org.springframework.boot.autoconfigure.web.servlet.error.BasicErrorController.error(javax.servlet.http.HttpServletRequest)
2019-11-08 16:50:51,709 INFO org.springframework.web.servlet.handler.AbstractHandlerMethodMapping$MappingRegistry [restartedMain] Mapped "{[/error],produces=[text/html]}" onto public org.springframework.web.servlet.ModelAndView org.springframework.boot.autoconfigure.web.servlet.error.BasicErrorController.errorHtml(javax.servlet.http.HttpServletRequest,javax.servlet.http.HttpServletResponse)
2019-11-08 16:50:51,742 INFO org.springframework.web.servlet.handler.AbstractUrlHandlerMapping [restartedMain] Mapped URL path [/webjars/**] onto handler of type [class org.springframework.web.servlet.resource.ResourceHttpRequestHandler]
2019-11-08 16:50:51,742 INFO org.springframework.web.servlet.handler.AbstractUrlHandlerMapping [restartedMain] Mapped URL path [/**] onto handler of type [class org.springframework.web.servlet.resource.ResourceHttpRequestHandler]
2019-11-08 16:50:52,225 INFO org.springframework.boot.devtools.autoconfigure.OptionalLiveReloadServer [restartedMain] LiveReload server is running on port 35729
2019-11-08 16:50:52,409 INFO org.springframework.jmx.export.MBeanExporter [restartedMain] Registering beans for JMX exposure on startup
2019-11-08 16:50:52,409 INFO org.springframework.jmx.export.MBeanExporter [restartedMain] Bean with name 'dataSource' has been autodetected for JMX exposure
2019-11-08 16:50:52,409 INFO org.springframework.jmx.export.MBeanExporter [restartedMain] Located MBean 'dataSource': registering with JMX server as MBean [com.zaxxer.hikari:name=dataSource,type=HikariDataSource]
2019-11-08 16:50:52,424 INFO org.apache.juli.logging.DirectJDKLog [restartedMain] Starting ProtocolHandler ["http-nio-8080"]
2019-11-08 16:50:52,424 INFO org.apache.juli.logging.DirectJDKLog [restartedMain] Using a shared selector for servlet write/read
2019-11-08 16:50:52,581 INFO org.springframework.boot.web.embedded.tomcat.TomcatWebServer [restartedMain] Tomcat started on port(s): 8080 (http) with context path ''
2019-11-08 16:50:52,581 INFO org.springframework.boot.StartupInfoLogger [restartedMain] Started TalentPoolApplication in 9.692 seconds (JVM running for 9846.306)
2019-11-08 16:50:52,581 INFO org.springframework.boot.devtools.autoconfigure.ConditionEvaluationDeltaLoggingListener [restartedMain] Condition evaluation unchanged
2019-11-08 16:52:03,626 INFO org.springframework.context.support.AbstractApplicationContext [Thread-37] Closing org.springframework.boot.web.servlet.context.AnnotationConfigServletWebServerApplicationContext@27766d7: startup date [Fri Nov 08 16:50:43 IST 2019]; root of context hierarchy
2019-11-08 16:52:03,674 INFO org.springframework.jmx.export.MBeanExporter [Thread-37] Unregistering JMX-exposed beans on shutdown
2019-11-08 16:52:03,674 INFO org.springframework.jmx.support.MBeanRegistrationSupport [Thread-37] Unregistering JMX-exposed beans
2019-11-08 16:52:03,674 INFO org.springframework.orm.jpa.AbstractEntityManagerFactoryBean [Thread-37] Closing JPA EntityManagerFactory for persistence unit 'default'
2019-11-08 16:52:03,674 INFO org.hibernate.tool.schema.internal.SchemaDropperImpl$DelayedDropActionImpl [Thread-37] HHH000477: Starting delayed drop of schema as part of SessionFactory shut-down'
2019-11-08 16:52:03,674 INFO com.zaxxer.hikari.HikariDataSource [Thread-37] HikariPool-5 - Shutdown initiated...
2019-11-08 16:52:03,690 INFO com.zaxxer.hikari.HikariDataSource [Thread-37] HikariPool-5 - Shutdown completed.
2019-11-08 16:52:10,156 INFO org.springframework.boot.StartupInfoLogger [restartedMain] Starting TalentPoolApplication on System21 with PID 4784 (C:\Users\user\git\TalentPool\TalentPool\target\classes started by user in C:\Users\user\git\TalentPool\TalentPool)
2019-11-08 16:52:10,156 DEBUG org.springframework.boot.StartupInfoLogger [restartedMain] Running with Spring Boot v2.0.6.RELEASE, Spring v5.0.10.RELEASE
2019-11-08 16:52:10,188 INFO org.springframework.boot.SpringApplication [restartedMain] No active profile set, falling back to default profiles: default
2019-11-08 16:52:10,204 INFO org.springframework.context.support.AbstractApplicationContext [restartedMain] Refreshing org.springframework.boot.web.servlet.context.AnnotationConfigServletWebServerApplicationContext@5b66ffcc: startup date [Fri Nov 08 16:52:10 IST 2019]; root of context hierarchy
2019-11-08 16:52:12,610 INFO org.springframework.context.support.PostProcessorRegistrationDelegate$BeanPostProcessorChecker [restartedMain] Bean 'org.springframework.transaction.annotation.ProxyTransactionManagementConfiguration' of type [org.springframework.transaction.annotation.ProxyTransactionManagementConfiguration$$EnhancerBySpringCGLIB$$4cc6728f] is not eligible for getting processed by all BeanPostProcessors (for example: not eligible for auto-proxying)
2019-11-08 16:52:13,173 INFO org.springframework.boot.web.embedded.tomcat.TomcatWebServer [restartedMain] Tomcat initialized with port(s): 8080 (http)
2019-11-08 16:52:13,251 INFO org.apache.juli.logging.DirectJDKLog [restartedMain] Initializing ProtocolHandler ["http-nio-8080"]
2019-11-08 16:52:13,251 INFO org.apache.juli.logging.DirectJDKLog [restartedMain] Starting service [Tomcat]
2019-11-08 16:52:13,251 INFO org.apache.juli.logging.DirectJDKLog [restartedMain] Starting Servlet Engine: Apache Tomcat/8.5.34
2019-11-08 16:52:13,626 INFO org.apache.juli.logging.DirectJDKLog [localhost-startStop-1] At least one JAR was scanned for TLDs yet contained no TLDs. Enable debug logging for this logger for a complete list of JARs that were scanned but no TLDs were found in them. Skipping unneeded JARs during scanning can improve startup time and JSP compilation time.
2019-11-08 16:52:13,644 INFO org.apache.juli.logging.DirectJDKLog [localhost-startStop-1] Initializing Spring embedded WebApplicationContext
2019-11-08 16:52:13,644 INFO org.springframework.boot.web.servlet.context.ServletWebServerApplicationContext [localhost-startStop-1] Root WebApplicationContext: initialization completed in 3440 ms
2019-11-08 16:52:13,807 INFO org.springframework.boot.web.servlet.ServletRegistrationBean [localhost-startStop-1] Servlet dispatcherServlet mapped to [/]
2019-11-08 16:52:13,807 INFO org.springframework.boot.web.servlet.AbstractFilterRegistrationBean [localhost-startStop-1] Mapping filter: 'characterEncodingFilter' to: [/*]
2019-11-08 16:52:13,807 INFO org.springframework.boot.web.servlet.AbstractFilterRegistrationBean [localhost-startStop-1] Mapping filter: 'hiddenHttpMethodFilter' to: [/*]
2019-11-08 16:52:13,807 INFO org.springframework.boot.web.servlet.AbstractFilterRegistrationBean [localhost-startStop-1] Mapping filter: 'httpPutFormContentFilter' to: [/*]
2019-11-08 16:52:13,807 INFO org.springframework.boot.web.servlet.AbstractFilterRegistrationBean [localhost-startStop-1] Mapping filter: 'requestContextFilter' to: [/*]
2019-11-08 16:52:14,210 INFO com.zaxxer.hikari.HikariDataSource [restartedMain] HikariPool-6 - Starting...
2019-11-08 16:52:14,476 INFO com.zaxxer.hikari.HikariDataSource [restartedMain] HikariPool-6 - Start completed.
2019-11-08 16:52:14,476 INFO org.springframework.orm.jpa.LocalContainerEntityManagerFactoryBean [restartedMain] Building JPA container EntityManagerFactory for persistence unit 'default'
2019-11-08 16:52:14,476 INFO org.hibernate.jpa.internal.util.LogHelper [restartedMain] HHH000204: Processing PersistenceUnitInfo [
	name: default
	...]
2019-11-08 16:52:14,523 INFO org.hibernate.dialect.Dialect [restartedMain] HHH000400: Using dialect: org.hibernate.dialect.PostgreSQL9Dialect
2019-11-08 16:52:14,523 INFO org.hibernate.type.BasicTypeRegistry [restartedMain] HHH000270: Type registration [java.util.UUID] overrides previous : org.hibernate.type.UUIDBinaryType@3d035ed
2019-11-08 16:52:14,601 INFO org.hibernate.tool.schema.internal.SchemaCreatorImpl [restartedMain] HHH000476: Executing import script 'org.hibernate.tool.schema.internal.exec.ScriptSourceInputNonExistentImpl@3e0f3d7f'
2019-11-08 16:52:14,601 INFO org.springframework.orm.jpa.AbstractEntityManagerFactoryBean [restartedMain] Initialized JPA EntityManagerFactory for persistence unit 'default'
2019-11-08 16:52:15,023 INFO org.springframework.web.servlet.handler.AbstractUrlHandlerMapping [restartedMain] Mapped URL path [/**/favicon.ico] onto handler of type [class org.springframework.web.servlet.resource.ResourceHttpRequestHandler]
2019-11-08 16:52:15,430 INFO org.springframework.web.servlet.mvc.method.annotation.RequestMappingHandlerAdapter [restartedMain] Looking for @ControllerAdvice: org.springframework.boot.web.servlet.context.AnnotationConfigServletWebServerApplicationContext@5b66ffcc: startup date [Fri Nov 08 16:52:10 IST 2019]; root of context hierarchy
2019-11-08 16:52:15,524 WARN org.springframework.boot.autoconfigure.orm.jpa.JpaBaseConfiguration$JpaWebConfiguration$JpaWebMvcConfiguration [restartedMain] spring.jpa.open-in-view is enabled by default. Therefore, database queries may be performed during view rendering. Explicitly configure spring.jpa.open-in-view to disable this warning
2019-11-08 16:52:15,540 INFO org.springframework.web.servlet.handler.AbstractHandlerMethodMapping$MappingRegistry [restartedMain] Mapped "{[/]}" onto public java.lang.String com.yotabytes.talentpool.rest.controller.TalentPoolApplicationMainController.welcome()
2019-11-08 16:52:15,665 INFO org.springframework.web.servlet.handler.AbstractHandlerMethodMapping$MappingRegistry [restartedMain] Mapped "{[/Registration],methods=[GET]}" onto public org.springframework.web.servlet.ModelAndView com.yotabytes.talentpool.rest.controller.TalentPoolApplicationMainController.getCandidatePage(java.util.Map<java.lang.String, java.lang.Object>,javax.servlet.http.HttpSession)
2019-11-08 16:52:15,665 INFO org.springframework.web.servlet.handler.AbstractHandlerMethodMapping$MappingRegistry [restartedMain] Mapped "{[/getTalentQuestion],methods=[GET]}" onto public java.util.List<com.yotabytes.talentpool.model.TalentQuestion> com.yotabytes.talentpool.rest.controller.TalentPoolApplicationMainController.getTalentQuestion(javax.servlet.http.HttpServletRequest)
2019-11-08 16:52:15,665 INFO org.springframework.web.servlet.handler.AbstractHandlerMethodMapping$MappingRegistry [restartedMain] Mapped "{[/candidateInformation],methods=[POST]}" onto public com.yotabytes.talentpool.model.CandidateInformation com.yotabytes.talentpool.rest.controller.TalentPoolApplicationMainController.saveCandidateInformation(com.yotabytes.talentpool.model.CandidateInformation,javax.servlet.http.HttpSession)
2019-11-08 16:52:15,665 INFO org.springframework.web.servlet.handler.AbstractHandlerMethodMapping$MappingRegistry [restartedMain] Mapped "{[/candidateExperience],methods=[POST]}" onto public com.yotabytes.talentpool.model.Talent_candidate_experience com.yotabytes.talentpool.rest.controller.TalentPoolApplicationMainController.saveCandidateExperience(javax.servlet.http.HttpSession,javax.servlet.http.HttpServletRequest)
2019-11-08 16:52:15,665 INFO org.springframework.web.servlet.handler.AbstractHandlerMethodMapping$MappingRegistry [restartedMain] Mapped "{[/error]}" onto public org.springframework.http.ResponseEntity<java.util.Map<java.lang.String, java.lang.Object>> org.springframework.boot.autoconfigure.web.servlet.error.BasicErrorController.error(javax.servlet.http.HttpServletRequest)
2019-11-08 16:52:15,665 INFO org.springframework.web.servlet.handler.AbstractHandlerMethodMapping$MappingRegistry [restartedMain] Mapped "{[/error],produces=[text/html]}" onto public org.springframework.web.servlet.ModelAndView org.springframework.boot.autoconfigure.web.servlet.error.BasicErrorController.errorHtml(javax.servlet.http.HttpServletRequest,javax.servlet.http.HttpServletResponse)
2019-11-08 16:52:15,711 INFO org.springframework.web.servlet.handler.AbstractUrlHandlerMapping [restartedMain] Mapped URL path [/webjars/**] onto handler of type [class org.springframework.web.servlet.resource.ResourceHttpRequestHandler]
2019-11-08 16:52:15,758 INFO org.springframework.web.servlet.handler.AbstractUrlHandlerMapping [restartedMain] Mapped URL path [/**] onto handler of type [class org.springframework.web.servlet.resource.ResourceHttpRequestHandler]
2019-11-08 16:52:16,336 INFO org.springframework.boot.devtools.autoconfigure.OptionalLiveReloadServer [restartedMain] LiveReload server is running on port 35729
2019-11-08 16:52:16,464 INFO org.springframework.jmx.export.MBeanExporter [restartedMain] Registering beans for JMX exposure on startup
2019-11-08 16:52:16,496 INFO org.springframework.jmx.export.MBeanExporter [restartedMain] Bean with name 'dataSource' has been autodetected for JMX exposure
2019-11-08 16:52:16,589 INFO org.springframework.jmx.export.MBeanExporter [restartedMain] Located MBean 'dataSource': registering with JMX server as MBean [com.zaxxer.hikari:name=dataSource,type=HikariDataSource]
2019-11-08 16:52:16,605 INFO org.apache.juli.logging.DirectJDKLog [restartedMain] Starting ProtocolHandler ["http-nio-8080"]
2019-11-08 16:52:16,636 INFO org.apache.juli.logging.DirectJDKLog [restartedMain] Using a shared selector for servlet write/read
2019-11-08 16:52:16,699 INFO org.springframework.boot.web.embedded.tomcat.TomcatWebServer [restartedMain] Tomcat started on port(s): 8080 (http) with context path ''
2019-11-08 16:52:16,699 INFO org.springframework.boot.StartupInfoLogger [restartedMain] Started TalentPoolApplication in 6.809 seconds (JVM running for 9929.49)
2019-11-08 16:52:16,699 INFO org.springframework.boot.devtools.autoconfigure.ConditionEvaluationDeltaLoggingListener [restartedMain] Condition evaluation unchanged
2019-11-08 17:18:10,541 INFO org.springframework.boot.admin.SpringApplicationAdminMXBeanRegistrar$SpringApplicationAdmin [RMI TCP Connection(238)-127.0.0.1] Application shutdown requested.
2019-11-08 17:18:10,550 INFO org.springframework.context.support.AbstractApplicationContext [RMI TCP Connection(238)-127.0.0.1] Closing org.springframework.boot.web.servlet.context.AnnotationConfigServletWebServerApplicationContext@5b66ffcc: startup date [Fri Nov 08 16:52:10 IST 2019]; root of context hierarchy
2019-11-08 17:18:10,560 INFO org.springframework.jmx.export.MBeanExporter [RMI TCP Connection(238)-127.0.0.1] Unregistering JMX-exposed beans on shutdown
2019-11-08 17:18:10,560 INFO org.springframework.jmx.support.MBeanRegistrationSupport [RMI TCP Connection(238)-127.0.0.1] Unregistering JMX-exposed beans
2019-11-08 17:18:10,561 INFO org.springframework.orm.jpa.AbstractEntityManagerFactoryBean [RMI TCP Connection(238)-127.0.0.1] Closing JPA EntityManagerFactory for persistence unit 'default'
2019-11-08 17:18:10,562 INFO org.hibernate.tool.schema.internal.SchemaDropperImpl$DelayedDropActionImpl [RMI TCP Connection(238)-127.0.0.1] HHH000477: Starting delayed drop of schema as part of SessionFactory shut-down'
2019-11-08 17:18:10,564 INFO com.zaxxer.hikari.HikariDataSource [RMI TCP Connection(238)-127.0.0.1] HikariPool-6 - Shutdown initiated...
2019-11-08 17:18:10,576 INFO com.zaxxer.hikari.HikariDataSource [RMI TCP Connection(238)-127.0.0.1] HikariPool-6 - Shutdown completed.
