2019-11-09 11:26:23,206 INFO org.springframework.boot.StartupInfoLogger [restartedMain] Starting TalentPoolApplication on System21 with PID 3752 (C:\Users\user\git\TalentPool\TalentPool\target\classes started by user in C:\Users\user\git\TalentPool\TalentPool)
2019-11-09 11:26:23,210 DEBUG org.springframework.boot.StartupInfoLogger [restartedMain] Running with Spring Boot v2.0.6.RELEASE, Spring v5.0.10.RELEASE
2019-11-09 11:26:23,214 INFO org.springframework.boot.SpringApplication [restartedMain] No active profile set, falling back to default profiles: default
2019-11-09 11:26:23,681 INFO org.springframework.context.support.AbstractApplicationContext [restartedMain] Refreshing org.springframework.boot.web.servlet.context.AnnotationConfigServletWebServerApplicationContext@91f431b: startup date [Sat Nov 09 11:26:23 IST 2019]; root of context hierarchy
2019-11-09 11:26:30,729 INFO org.springframework.context.support.PostProcessorRegistrationDelegate$BeanPostProcessorChecker [restartedMain] Bean 'org.springframework.transaction.annotation.ProxyTransactionManagementConfiguration' of type [org.springframework.transaction.annotation.ProxyTransactionManagementConfiguration$$EnhancerBySpringCGLIB$$6bbc8040] is not eligible for getting processed by all BeanPostProcessors (for example: not eligible for auto-proxying)
2019-11-09 11:26:33,352 INFO org.springframework.boot.web.embedded.tomcat.TomcatWebServer [restartedMain] Tomcat initialized with port(s): 8080 (http)
2019-11-09 11:26:33,399 INFO org.apache.juli.logging.DirectJDKLog [restartedMain] Initializing ProtocolHandler ["http-nio-8080"]
2019-11-09 11:26:33,422 INFO org.apache.juli.logging.DirectJDKLog [restartedMain] Starting service [Tomcat]
2019-11-09 11:26:33,423 INFO org.apache.juli.logging.DirectJDKLog [restartedMain] Starting Servlet Engine: Apache Tomcat/8.5.34
2019-11-09 11:26:33,469 INFO org.apache.juli.logging.DirectJDKLog [localhost-startStop-1] The APR based Apache Tomcat Native library which allows optimal performance in production environments was not found on the java.library.path: [C:\Program Files\Java\jre1.8.0_191\bin;C:\Windows\Sun\Java\bin;C:\Windows\system32;C:\Windows;C:/Program Files/Java/jdk1.8.0_191/bin/../jre/bin/server;C:/Program Files/Java/jdk1.8.0_191/bin/../jre/bin;C:/Program Files/Java/jdk1.8.0_191/bin/../jre/lib/amd64;C:\Program Files\Java\jdk1.8.0_191\bin;D:\apache-maven-3.6.0\bin;;C:\Program Files\Java\jdk1.8.0_191\bin;;C:\Program Files\Docker Toolbox;E:\eclipse\java-2018-12\eclipse;;.]
2019-11-09 11:26:34,665 INFO org.apache.juli.logging.DirectJDKLog [localhost-startStop-1] At least one JAR was scanned for TLDs yet contained no TLDs. Enable debug logging for this logger for a complete list of JARs that were scanned but no TLDs were found in them. Skipping unneeded JARs during scanning can improve startup time and JSP compilation time.
2019-11-09 11:26:34,685 INFO org.apache.juli.logging.DirectJDKLog [localhost-startStop-1] Initializing Spring embedded WebApplicationContext
2019-11-09 11:26:34,688 INFO org.springframework.boot.web.servlet.context.ServletWebServerApplicationContext [localhost-startStop-1] Root WebApplicationContext: initialization completed in 11006 ms
2019-11-09 11:26:35,029 INFO org.springframework.boot.web.servlet.ServletRegistrationBean [localhost-startStop-1] Servlet dispatcherServlet mapped to [/]
2019-11-09 11:26:35,043 INFO org.springframework.boot.web.servlet.AbstractFilterRegistrationBean [localhost-startStop-1] Mapping filter: 'characterEncodingFilter' to: [/*]
2019-11-09 11:26:35,046 INFO org.springframework.boot.web.servlet.AbstractFilterRegistrationBean [localhost-startStop-1] Mapping filter: 'hiddenHttpMethodFilter' to: [/*]
2019-11-09 11:26:35,047 INFO org.springframework.boot.web.servlet.AbstractFilterRegistrationBean [localhost-startStop-1] Mapping filter: 'httpPutFormContentFilter' to: [/*]
2019-11-09 11:26:35,048 INFO org.springframework.boot.web.servlet.AbstractFilterRegistrationBean [localhost-startStop-1] Mapping filter: 'requestContextFilter' to: [/*]
2019-11-09 11:26:35,727 INFO com.zaxxer.hikari.HikariDataSource [restartedMain] HikariPool-1 - Starting...
2019-11-09 11:26:36,625 INFO com.zaxxer.hikari.HikariDataSource [restartedMain] HikariPool-1 - Start completed.
2019-11-09 11:26:36,936 INFO org.springframework.orm.jpa.LocalContainerEntityManagerFactoryBean [restartedMain] Building JPA container EntityManagerFactory for persistence unit 'default'
2019-11-09 11:26:37,116 INFO org.hibernate.jpa.internal.util.LogHelper [restartedMain] HHH000204: Processing PersistenceUnitInfo [
	name: default
	...]
2019-11-09 11:26:38,378 INFO org.hibernate.Version [restartedMain] HHH000412: Hibernate Core {5.2.17.Final}
2019-11-09 11:26:38,390 INFO org.hibernate.cfg.Environment [restartedMain] HHH000206: hibernate.properties not found
2019-11-09 11:26:38,507 INFO org.hibernate.annotations.common.reflection.java.JavaReflectionManager [restartedMain] HCANN000001: Hibernate Commons Annotations {5.0.1.Final}
2019-11-09 11:26:38,960 INFO org.hibernate.dialect.Dialect [restartedMain] HHH000400: Using dialect: org.hibernate.dialect.PostgreSQL9Dialect
2019-11-09 11:26:39,165 INFO org.hibernate.type.BasicTypeRegistry [restartedMain] HHH000270: Type registration [java.util.UUID] overrides previous : org.hibernate.type.UUIDBinaryType@6e1982b8
2019-11-09 11:26:39,790 INFO org.hibernate.tool.schema.internal.SchemaCreatorImpl [restartedMain] HHH000476: Executing import script 'org.hibernate.tool.schema.internal.exec.ScriptSourceInputNonExistentImpl@f69c1b9'
2019-11-09 11:26:39,798 INFO org.springframework.orm.jpa.AbstractEntityManagerFactoryBean [restartedMain] Initialized JPA EntityManagerFactory for persistence unit 'default'
2019-11-09 11:26:40,549 INFO org.springframework.web.servlet.handler.AbstractUrlHandlerMapping [restartedMain] Mapped URL path [/**/favicon.ico] onto handler of type [class org.springframework.web.servlet.resource.ResourceHttpRequestHandler]
2019-11-09 11:26:41,680 INFO org.springframework.web.servlet.mvc.method.annotation.RequestMappingHandlerAdapter [restartedMain] Looking for @ControllerAdvice: org.springframework.boot.web.servlet.context.AnnotationConfigServletWebServerApplicationContext@91f431b: startup date [Sat Nov 09 11:26:23 IST 2019]; root of context hierarchy
2019-11-09 11:26:41,802 WARN org.springframework.boot.autoconfigure.orm.jpa.JpaBaseConfiguration$JpaWebConfiguration$JpaWebMvcConfiguration [restartedMain] spring.jpa.open-in-view is enabled by default. Therefore, database queries may be performed during view rendering. Explicitly configure spring.jpa.open-in-view to disable this warning
2019-11-09 11:26:42,033 INFO org.springframework.web.servlet.handler.AbstractHandlerMethodMapping$MappingRegistry [restartedMain] Mapped "{[/getTalentQuestion],methods=[GET]}" onto public java.util.List<com.yotabytes.talentpool.model.TalentQuestion> com.yotabytes.talentpool.rest.controller.TalentPoolApplicationMainController.getTalentQuestion(javax.servlet.http.HttpServletRequest)
2019-11-09 11:26:42,036 INFO org.springframework.web.servlet.handler.AbstractHandlerMethodMapping$MappingRegistry [restartedMain] Mapped "{[/candidateInformation],methods=[POST]}" onto public com.yotabytes.talentpool.model.CandidateInformation com.yotabytes.talentpool.rest.controller.TalentPoolApplicationMainController.saveCandidateInformation(com.yotabytes.talentpool.model.CandidateInformation,javax.servlet.http.HttpSession)
2019-11-09 11:26:42,037 INFO org.springframework.web.servlet.handler.AbstractHandlerMethodMapping$MappingRegistry [restartedMain] Mapped "{[/candidateExperience],methods=[POST]}" onto public com.yotabytes.talentpool.model.Talent_candidate_experience com.yotabytes.talentpool.rest.controller.TalentPoolApplicationMainController.saveCandidateExperience(javax.servlet.http.HttpSession,javax.servlet.http.HttpServletRequest)
2019-11-09 11:26:42,039 INFO org.springframework.web.servlet.handler.AbstractHandlerMethodMapping$MappingRegistry [restartedMain] Mapped "{[/]}" onto public java.lang.String com.yotabytes.talentpool.rest.controller.TalentPoolApplicationMainController.welcome()
2019-11-09 11:26:42,041 INFO org.springframework.web.servlet.handler.AbstractHandlerMethodMapping$MappingRegistry [restartedMain] Mapped "{[/Registration],methods=[GET]}" onto public org.springframework.web.servlet.ModelAndView com.yotabytes.talentpool.rest.controller.TalentPoolApplicationMainController.getCandidatePage(java.util.Map<java.lang.String, java.lang.Object>,javax.servlet.http.HttpSession)
2019-11-09 11:26:42,049 INFO org.springframework.web.servlet.handler.AbstractHandlerMethodMapping$MappingRegistry [restartedMain] Mapped "{[/error]}" onto public org.springframework.http.ResponseEntity<java.util.Map<java.lang.String, java.lang.Object>> org.springframework.boot.autoconfigure.web.servlet.error.BasicErrorController.error(javax.servlet.http.HttpServletRequest)
2019-11-09 11:26:42,052 INFO org.springframework.web.servlet.handler.AbstractHandlerMethodMapping$MappingRegistry [restartedMain] Mapped "{[/error],produces=[text/html]}" onto public org.springframework.web.servlet.ModelAndView org.springframework.boot.autoconfigure.web.servlet.error.BasicErrorController.errorHtml(javax.servlet.http.HttpServletRequest,javax.servlet.http.HttpServletResponse)
2019-11-09 11:26:42,250 INFO org.springframework.web.servlet.handler.AbstractUrlHandlerMapping [restartedMain] Mapped URL path [/webjars/**] onto handler of type [class org.springframework.web.servlet.resource.ResourceHttpRequestHandler]
2019-11-09 11:26:42,251 INFO org.springframework.web.servlet.handler.AbstractUrlHandlerMapping [restartedMain] Mapped URL path [/**] onto handler of type [class org.springframework.web.servlet.resource.ResourceHttpRequestHandler]
2019-11-09 11:26:43,511 INFO org.springframework.boot.devtools.autoconfigure.OptionalLiveReloadServer [restartedMain] LiveReload server is running on port 35729
2019-11-09 11:26:43,703 INFO org.springframework.jmx.export.MBeanExporter [restartedMain] Registering beans for JMX exposure on startup
2019-11-09 11:26:43,709 INFO org.springframework.jmx.export.MBeanExporter [restartedMain] Bean with name 'dataSource' has been autodetected for JMX exposure
2019-11-09 11:26:43,732 INFO org.springframework.jmx.export.MBeanExporter [restartedMain] Located MBean 'dataSource': registering with JMX server as MBean [com.zaxxer.hikari:name=dataSource,type=HikariDataSource]
2019-11-09 11:26:43,775 INFO org.apache.juli.logging.DirectJDKLog [restartedMain] Starting ProtocolHandler ["http-nio-8080"]
2019-11-09 11:26:43,795 INFO org.apache.juli.logging.DirectJDKLog [restartedMain] Using a shared selector for servlet write/read
2019-11-09 11:26:43,952 INFO org.springframework.boot.web.embedded.tomcat.TomcatWebServer [restartedMain] Tomcat started on port(s): 8080 (http) with context path ''
2019-11-09 11:26:43,970 INFO org.springframework.boot.StartupInfoLogger [restartedMain] Started TalentPoolApplication in 23.42 seconds (JVM running for 28.64)
2019-11-09 11:27:46,941 INFO org.apache.juli.logging.DirectJDKLog [http-nio-8080-exec-1] Initializing Spring FrameworkServlet 'dispatcherServlet'
2019-11-09 11:27:46,942 INFO org.springframework.web.servlet.FrameworkServlet [http-nio-8080-exec-1] FrameworkServlet 'dispatcherServlet': initialization started
2019-11-09 11:27:47,103 INFO org.springframework.web.servlet.FrameworkServlet [http-nio-8080-exec-1] FrameworkServlet 'dispatcherServlet': initialization completed in 161 ms
2019-11-09 11:38:14,753 INFO org.springframework.context.support.AbstractApplicationContext [Thread-7] Closing org.springframework.boot.web.servlet.context.AnnotationConfigServletWebServerApplicationContext@91f431b: startup date [Sat Nov 09 11:26:23 IST 2019]; root of context hierarchy
2019-11-09 11:38:14,762 INFO org.springframework.jmx.export.MBeanExporter [Thread-7] Unregistering JMX-exposed beans on shutdown
2019-11-09 11:38:14,767 INFO org.springframework.jmx.support.MBeanRegistrationSupport [Thread-7] Unregistering JMX-exposed beans
2019-11-09 11:38:14,772 INFO org.springframework.orm.jpa.AbstractEntityManagerFactoryBean [Thread-7] Closing JPA EntityManagerFactory for persistence unit 'default'
2019-11-09 11:38:14,773 INFO org.hibernate.tool.schema.internal.SchemaDropperImpl$DelayedDropActionImpl [Thread-7] HHH000477: Starting delayed drop of schema as part of SessionFactory shut-down'
2019-11-09 11:38:14,778 INFO com.zaxxer.hikari.HikariDataSource [Thread-7] HikariPool-1 - Shutdown initiated...
2019-11-09 11:38:16,076 INFO com.zaxxer.hikari.HikariDataSource [Thread-7] HikariPool-1 - Shutdown completed.
2019-11-09 11:38:19,722 INFO org.springframework.boot.StartupInfoLogger [restartedMain] Starting TalentPoolApplication on System21 with PID 3752 (C:\Users\user\git\TalentPool\TalentPool\target\classes started by user in C:\Users\user\git\TalentPool\TalentPool)
2019-11-09 11:38:19,723 DEBUG org.springframework.boot.StartupInfoLogger [restartedMain] Running with Spring Boot v2.0.6.RELEASE, Spring v5.0.10.RELEASE
2019-11-09 11:38:19,724 INFO org.springframework.boot.SpringApplication [restartedMain] No active profile set, falling back to default profiles: default
2019-11-09 11:38:20,241 INFO org.springframework.context.support.AbstractApplicationContext [restartedMain] Refreshing org.springframework.boot.web.servlet.context.AnnotationConfigServletWebServerApplicationContext@8cf2c9f: startup date [Sat Nov 09 11:38:20 IST 2019]; root of context hierarchy
2019-11-09 11:38:24,747 INFO org.springframework.context.support.PostProcessorRegistrationDelegate$BeanPostProcessorChecker [restartedMain] Bean 'org.springframework.transaction.annotation.ProxyTransactionManagementConfiguration' of type [org.springframework.transaction.annotation.ProxyTransactionManagementConfiguration$$EnhancerBySpringCGLIB$$6bbc8040] is not eligible for getting processed by all BeanPostProcessors (for example: not eligible for auto-proxying)
2019-11-09 11:38:25,595 INFO org.springframework.boot.web.embedded.tomcat.TomcatWebServer [restartedMain] Tomcat initialized with port(s): 8080 (http)
2019-11-09 11:38:25,599 INFO org.apache.juli.logging.DirectJDKLog [restartedMain] Initializing ProtocolHandler ["http-nio-8080"]
2019-11-09 11:38:25,605 INFO org.apache.juli.logging.DirectJDKLog [restartedMain] Starting service [Tomcat]
2019-11-09 11:38:25,606 INFO org.apache.juli.logging.DirectJDKLog [restartedMain] Starting Servlet Engine: Apache Tomcat/8.5.34
2019-11-09 11:38:26,141 INFO org.apache.juli.logging.DirectJDKLog [localhost-startStop-1] At least one JAR was scanned for TLDs yet contained no TLDs. Enable debug logging for this logger for a complete list of JARs that were scanned but no TLDs were found in them. Skipping unneeded JARs during scanning can improve startup time and JSP compilation time.
2019-11-09 11:38:26,146 INFO org.apache.juli.logging.DirectJDKLog [localhost-startStop-1] Initializing Spring embedded WebApplicationContext
2019-11-09 11:38:26,146 INFO org.springframework.boot.web.servlet.context.ServletWebServerApplicationContext [localhost-startStop-1] Root WebApplicationContext: initialization completed in 5905 ms
2019-11-09 11:38:26,283 INFO org.springframework.boot.web.servlet.ServletRegistrationBean [localhost-startStop-1] Servlet dispatcherServlet mapped to [/]
2019-11-09 11:38:26,284 INFO org.springframework.boot.web.servlet.AbstractFilterRegistrationBean [localhost-startStop-1] Mapping filter: 'characterEncodingFilter' to: [/*]
2019-11-09 11:38:26,285 INFO org.springframework.boot.web.servlet.AbstractFilterRegistrationBean [localhost-startStop-1] Mapping filter: 'hiddenHttpMethodFilter' to: [/*]
2019-11-09 11:38:26,285 INFO org.springframework.boot.web.servlet.AbstractFilterRegistrationBean [localhost-startStop-1] Mapping filter: 'httpPutFormContentFilter' to: [/*]
2019-11-09 11:38:26,286 INFO org.springframework.boot.web.servlet.AbstractFilterRegistrationBean [localhost-startStop-1] Mapping filter: 'requestContextFilter' to: [/*]
2019-11-09 11:38:26,565 INFO com.zaxxer.hikari.HikariDataSource [restartedMain] HikariPool-2 - Starting...
2019-11-09 11:38:26,644 INFO com.zaxxer.hikari.HikariDataSource [restartedMain] HikariPool-2 - Start completed.
2019-11-09 11:38:26,684 INFO org.springframework.orm.jpa.LocalContainerEntityManagerFactoryBean [restartedMain] Building JPA container EntityManagerFactory for persistence unit 'default'
2019-11-09 11:38:26,685 INFO org.hibernate.jpa.internal.util.LogHelper [restartedMain] HHH000204: Processing PersistenceUnitInfo [
	name: default
	...]
2019-11-09 11:38:26,795 INFO org.hibernate.dialect.Dialect [restartedMain] HHH000400: Using dialect: org.hibernate.dialect.PostgreSQL9Dialect
2019-11-09 11:38:26,808 INFO org.hibernate.type.BasicTypeRegistry [restartedMain] HHH000270: Type registration [java.util.UUID] overrides previous : org.hibernate.type.UUIDBinaryType@6e1982b8
2019-11-09 11:38:26,868 INFO org.hibernate.tool.schema.internal.SchemaCreatorImpl [restartedMain] HHH000476: Executing import script 'org.hibernate.tool.schema.internal.exec.ScriptSourceInputNonExistentImpl@f69c1b9'
2019-11-09 11:38:26,990 INFO org.springframework.orm.jpa.AbstractEntityManagerFactoryBean [restartedMain] Initialized JPA EntityManagerFactory for persistence unit 'default'
2019-11-09 11:38:27,753 INFO org.springframework.web.servlet.handler.AbstractUrlHandlerMapping [restartedMain] Mapped URL path [/**/favicon.ico] onto handler of type [class org.springframework.web.servlet.resource.ResourceHttpRequestHandler]
2019-11-09 11:38:28,139 INFO org.springframework.web.servlet.mvc.method.annotation.RequestMappingHandlerAdapter [restartedMain] Looking for @ControllerAdvice: org.springframework.boot.web.servlet.context.AnnotationConfigServletWebServerApplicationContext@8cf2c9f: startup date [Sat Nov 09 11:38:20 IST 2019]; root of context hierarchy
2019-11-09 11:38:28,163 WARN org.springframework.boot.autoconfigure.orm.jpa.JpaBaseConfiguration$JpaWebConfiguration$JpaWebMvcConfiguration [restartedMain] spring.jpa.open-in-view is enabled by default. Therefore, database queries may be performed during view rendering. Explicitly configure spring.jpa.open-in-view to disable this warning
2019-11-09 11:38:28,220 INFO org.springframework.web.servlet.handler.AbstractHandlerMethodMapping$MappingRegistry [restartedMain] Mapped "{[/getTalentQuestion],methods=[GET]}" onto public java.util.List<com.yotabytes.talentpool.model.TalentQuestion> com.yotabytes.talentpool.rest.controller.TalentPoolApplicationMainController.getTalentQuestion(javax.servlet.http.HttpServletRequest)
2019-11-09 11:38:28,221 INFO org.springframework.web.servlet.handler.AbstractHandlerMethodMapping$MappingRegistry [restartedMain] Mapped "{[/candidateInformation],methods=[POST]}" onto public com.yotabytes.talentpool.model.CandidateInformation com.yotabytes.talentpool.rest.controller.TalentPoolApplicationMainController.saveCandidateInformation(com.yotabytes.talentpool.model.CandidateInformation,javax.servlet.http.HttpSession)
2019-11-09 11:38:28,222 INFO org.springframework.web.servlet.handler.AbstractHandlerMethodMapping$MappingRegistry [restartedMain] Mapped "{[/candidateExperience],methods=[POST]}" onto public com.yotabytes.talentpool.model.Talent_candidate_experience com.yotabytes.talentpool.rest.controller.TalentPoolApplicationMainController.saveCandidateExperience(javax.servlet.http.HttpSession,javax.servlet.http.HttpServletRequest)
2019-11-09 11:38:28,223 INFO org.springframework.web.servlet.handler.AbstractHandlerMethodMapping$MappingRegistry [restartedMain] Mapped "{[/]}" onto public java.lang.String com.yotabytes.talentpool.rest.controller.TalentPoolApplicationMainController.welcome()
2019-11-09 11:38:28,225 INFO org.springframework.web.servlet.handler.AbstractHandlerMethodMapping$MappingRegistry [restartedMain] Mapped "{[/Registration],methods=[GET]}" onto public org.springframework.web.servlet.ModelAndView com.yotabytes.talentpool.rest.controller.TalentPoolApplicationMainController.getCandidatePage(java.util.Map<java.lang.String, java.lang.Object>,javax.servlet.http.HttpSession)
2019-11-09 11:38:28,232 INFO org.springframework.web.servlet.handler.AbstractHandlerMethodMapping$MappingRegistry [restartedMain] Mapped "{[/error]}" onto public org.springframework.http.ResponseEntity<java.util.Map<java.lang.String, java.lang.Object>> org.springframework.boot.autoconfigure.web.servlet.error.BasicErrorController.error(javax.servlet.http.HttpServletRequest)
2019-11-09 11:38:28,234 INFO org.springframework.web.servlet.handler.AbstractHandlerMethodMapping$MappingRegistry [restartedMain] Mapped "{[/error],produces=[text/html]}" onto public org.springframework.web.servlet.ModelAndView org.springframework.boot.autoconfigure.web.servlet.error.BasicErrorController.errorHtml(javax.servlet.http.HttpServletRequest,javax.servlet.http.HttpServletResponse)
2019-11-09 11:38:28,294 INFO org.springframework.web.servlet.handler.AbstractUrlHandlerMapping [restartedMain] Mapped URL path [/webjars/**] onto handler of type [class org.springframework.web.servlet.resource.ResourceHttpRequestHandler]
2019-11-09 11:38:28,295 INFO org.springframework.web.servlet.handler.AbstractUrlHandlerMapping [restartedMain] Mapped URL path [/**] onto handler of type [class org.springframework.web.servlet.resource.ResourceHttpRequestHandler]
2019-11-09 11:38:29,340 INFO org.springframework.boot.devtools.autoconfigure.OptionalLiveReloadServer [restartedMain] LiveReload server is running on port 35729
2019-11-09 11:38:29,497 INFO org.springframework.jmx.export.MBeanExporter [restartedMain] Registering beans for JMX exposure on startup
2019-11-09 11:38:29,500 INFO org.springframework.jmx.export.MBeanExporter [restartedMain] Bean with name 'dataSource' has been autodetected for JMX exposure
2019-11-09 11:38:29,515 INFO org.springframework.jmx.export.MBeanExporter [restartedMain] Located MBean 'dataSource': registering with JMX server as MBean [com.zaxxer.hikari:name=dataSource,type=HikariDataSource]
2019-11-09 11:38:29,571 INFO org.apache.juli.logging.DirectJDKLog [restartedMain] Starting ProtocolHandler ["http-nio-8080"]
2019-11-09 11:38:29,573 INFO org.apache.juli.logging.DirectJDKLog [restartedMain] Using a shared selector for servlet write/read
2019-11-09 11:38:29,722 INFO org.springframework.boot.web.embedded.tomcat.TomcatWebServer [restartedMain] Tomcat started on port(s): 8080 (http) with context path ''
2019-11-09 11:38:29,736 INFO org.springframework.boot.StartupInfoLogger [restartedMain] Started TalentPoolApplication in 10.407 seconds (JVM running for 734.46)
2019-11-09 11:38:29,751 INFO org.springframework.boot.devtools.autoconfigure.ConditionEvaluationDeltaLoggingListener [restartedMain] Condition evaluation unchanged
