2019-10-25 12:09:50,093 INFO org.springframework.boot.StartupInfoLogger [main] Starting TalentPoolApplicationController on System21 with PID 4684 (C:\Users\user\git\TalentPool\TalentPool\target\classes started by user in C:\Users\user\git\TalentPool\TalentPool)
2019-10-25 12:09:50,106 DEBUG org.springframework.boot.StartupInfoLogger [main] Running with Spring Boot v2.0.6.RELEASE, Spring v5.0.10.RELEASE
2019-10-25 12:09:50,112 INFO org.springframework.boot.SpringApplication [main] No active profile set, falling back to default profiles: default
2019-10-25 12:09:50,950 INFO org.springframework.context.support.AbstractApplicationContext [main] Refreshing org.springframework.boot.web.servlet.context.AnnotationConfigServletWebServerApplicationContext@7adda9cc: startup date [Fri Oct 25 12:09:50 IST 2019]; root of context hierarchy
2019-10-25 12:09:57,874 INFO org.springframework.context.support.PostProcessorRegistrationDelegate$BeanPostProcessorChecker [main] Bean 'org.springframework.transaction.annotation.ProxyTransactionManagementConfiguration' of type [org.springframework.transaction.annotation.ProxyTransactionManagementConfiguration$$EnhancerBySpringCGLIB$$44728c68] is not eligible for getting processed by all BeanPostProcessors (for example: not eligible for auto-proxying)
2019-10-25 12:10:00,253 INFO org.springframework.boot.web.embedded.tomcat.TomcatWebServer [main] Tomcat initialized with port(s): 8080 (http)
2019-10-25 12:10:00,364 INFO org.apache.juli.logging.DirectJDKLog [main] Initializing ProtocolHandler ["http-nio-8080"]
2019-10-25 12:10:00,583 INFO org.apache.juli.logging.DirectJDKLog [main] Starting service [Tomcat]
2019-10-25 12:10:00,583 INFO org.apache.juli.logging.DirectJDKLog [main] Starting Servlet Engine: Apache Tomcat/8.5.34
2019-10-25 12:10:00,880 INFO org.apache.juli.logging.DirectJDKLog [localhost-startStop-1] The APR based Apache Tomcat Native library which allows optimal performance in production environments was not found on the java.library.path: [C:\Program Files\Java\jre1.8.0_191\bin;C:\Windows\Sun\Java\bin;C:\Windows\system32;C:\Windows;C:/Program Files/Java/jdk1.8.0_191/bin/../jre/bin/server;C:/Program Files/Java/jdk1.8.0_191/bin/../jre/bin;C:/Program Files/Java/jdk1.8.0_191/bin/../jre/lib/amd64;C:\Program Files\Java\jdk1.8.0_191\bin;D:\apache-maven-3.6.0\bin;;C:\Program Files\Java\jdk1.8.0_191\bin;;C:\Program Files\Docker Toolbox;E:\eclipse\java-2018-12\eclipse;;.]
2019-10-25 12:10:01,871 INFO org.apache.juli.logging.DirectJDKLog [localhost-startStop-1] At least one JAR was scanned for TLDs yet contained no TLDs. Enable debug logging for this logger for a complete list of JARs that were scanned but no TLDs were found in them. Skipping unneeded JARs during scanning can improve startup time and JSP compilation time.
2019-10-25 12:10:01,949 INFO org.apache.juli.logging.DirectJDKLog [localhost-startStop-1] Initializing Spring embedded WebApplicationContext
2019-10-25 12:10:01,951 INFO org.springframework.boot.web.servlet.context.ServletWebServerApplicationContext [localhost-startStop-1] Root WebApplicationContext: initialization completed in 11002 ms
2019-10-25 12:10:02,317 INFO org.springframework.boot.web.servlet.ServletRegistrationBean [localhost-startStop-1] Servlet dispatcherServlet mapped to [/]
2019-10-25 12:10:02,395 INFO org.springframework.boot.web.servlet.AbstractFilterRegistrationBean [localhost-startStop-1] Mapping filter: 'characterEncodingFilter' to: [/*]
2019-10-25 12:10:02,395 INFO org.springframework.boot.web.servlet.AbstractFilterRegistrationBean [localhost-startStop-1] Mapping filter: 'hiddenHttpMethodFilter' to: [/*]
2019-10-25 12:10:02,395 INFO org.springframework.boot.web.servlet.AbstractFilterRegistrationBean [localhost-startStop-1] Mapping filter: 'httpPutFormContentFilter' to: [/*]
2019-10-25 12:10:02,395 INFO org.springframework.boot.web.servlet.AbstractFilterRegistrationBean [localhost-startStop-1] Mapping filter: 'requestContextFilter' to: [/*]
2019-10-25 12:10:03,524 INFO com.zaxxer.hikari.HikariDataSource [main] HikariPool-1 - Starting...
2019-10-25 12:10:05,143 INFO com.zaxxer.hikari.HikariDataSource [main] HikariPool-1 - Start completed.
2019-10-25 12:10:05,515 INFO org.springframework.orm.jpa.LocalContainerEntityManagerFactoryBean [main] Building JPA container EntityManagerFactory for persistence unit 'default'
2019-10-25 12:10:05,705 INFO org.hibernate.jpa.internal.util.LogHelper [main] HHH000204: Processing PersistenceUnitInfo [
	name: default
	...]
2019-10-25 12:10:07,002 INFO org.hibernate.Version [main] HHH000412: Hibernate Core {5.2.17.Final}
2019-10-25 12:10:07,002 INFO org.hibernate.cfg.Environment [main] HHH000206: hibernate.properties not found
2019-10-25 12:10:07,417 INFO org.hibernate.annotations.common.reflection.java.JavaReflectionManager [main] HCANN000001: Hibernate Commons Annotations {5.0.1.Final}
2019-10-25 12:10:08,372 INFO org.hibernate.dialect.Dialect [main] HHH000400: Using dialect: org.hibernate.dialect.MySQL5Dialect
2019-10-25 12:10:09,778 INFO org.springframework.orm.jpa.AbstractEntityManagerFactoryBean [main] Initialized JPA EntityManagerFactory for persistence unit 'default'
2019-10-25 12:10:10,747 INFO org.springframework.web.servlet.handler.AbstractUrlHandlerMapping [main] Mapped URL path [/**/favicon.ico] onto handler of type [class org.springframework.web.servlet.resource.ResourceHttpRequestHandler]
2019-10-25 12:10:12,138 INFO org.springframework.web.servlet.mvc.method.annotation.RequestMappingHandlerAdapter [main] Looking for @ControllerAdvice: org.springframework.boot.web.servlet.context.AnnotationConfigServletWebServerApplicationContext@7adda9cc: startup date [Fri Oct 25 12:09:50 IST 2019]; root of context hierarchy
2019-10-25 12:10:12,490 WARN org.springframework.boot.autoconfigure.orm.jpa.JpaBaseConfiguration$JpaWebConfiguration$JpaWebMvcConfiguration [main] spring.jpa.open-in-view is enabled by default. Therefore, database queries may be performed during view rendering. Explicitly configure spring.jpa.open-in-view to disable this warning
2019-10-25 12:10:12,788 INFO org.springframework.web.servlet.handler.AbstractHandlerMethodMapping$MappingRegistry [main] Mapped "{[/getTalentQuestion],methods=[GET]}" onto public java.util.List<com.yotabytes.talentpool.model.TalentQuestion> com.yotabytes.talentpool.rest.controller.TalentPoolApplicationMainController.getTalentQuestion(javax.servlet.http.HttpServletRequest)
2019-10-25 12:10:12,791 INFO org.springframework.web.servlet.handler.AbstractHandlerMethodMapping$MappingRegistry [main] Mapped "{[/]}" onto public java.lang.String com.yotabytes.talentpool.rest.controller.TalentPoolApplicationMainController.welcome()
2019-10-25 12:10:12,798 INFO org.springframework.web.servlet.handler.AbstractHandlerMethodMapping$MappingRegistry [main] Mapped "{[/error]}" onto public org.springframework.http.ResponseEntity<java.util.Map<java.lang.String, java.lang.Object>> org.springframework.boot.autoconfigure.web.servlet.error.BasicErrorController.error(javax.servlet.http.HttpServletRequest)
2019-10-25 12:10:12,800 INFO org.springframework.web.servlet.handler.AbstractHandlerMethodMapping$MappingRegistry [main] Mapped "{[/error],produces=[text/html]}" onto public org.springframework.web.servlet.ModelAndView org.springframework.boot.autoconfigure.web.servlet.error.BasicErrorController.errorHtml(javax.servlet.http.HttpServletRequest,javax.servlet.http.HttpServletResponse)
2019-10-25 12:10:13,212 INFO org.springframework.web.servlet.handler.AbstractUrlHandlerMapping [main] Mapped URL path [/webjars/**] onto handler of type [class org.springframework.web.servlet.resource.ResourceHttpRequestHandler]
2019-10-25 12:10:13,213 INFO org.springframework.web.servlet.handler.AbstractUrlHandlerMapping [main] Mapped URL path [/**] onto handler of type [class org.springframework.web.servlet.resource.ResourceHttpRequestHandler]
2019-10-25 12:10:14,813 INFO org.springframework.jmx.export.MBeanExporter [main] Registering beans for JMX exposure on startup
2019-10-25 12:10:14,817 INFO org.springframework.jmx.export.MBeanExporter [main] Bean with name 'dataSource' has been autodetected for JMX exposure
2019-10-25 12:10:14,918 INFO org.springframework.jmx.export.MBeanExporter [main] Located MBean 'dataSource': registering with JMX server as MBean [com.zaxxer.hikari:name=dataSource,type=HikariDataSource]
2019-10-25 12:10:15,122 INFO org.apache.juli.logging.DirectJDKLog [main] Starting ProtocolHandler ["http-nio-8080"]
2019-10-25 12:10:15,254 INFO org.apache.juli.logging.DirectJDKLog [main] Using a shared selector for servlet write/read
2019-10-25 12:10:15,690 INFO org.springframework.boot.web.embedded.tomcat.TomcatWebServer [main] Tomcat started on port(s): 8080 (http) with context path ''
2019-10-25 12:10:15,713 INFO org.springframework.boot.StartupInfoLogger [main] Started TalentPoolApplicationController in 29.919 seconds (JVM running for 48.021)
2019-10-25 12:11:00,051 INFO org.apache.juli.logging.DirectJDKLog [http-nio-8080-exec-9] Initializing Spring FrameworkServlet 'dispatcherServlet'
2019-10-25 12:11:00,053 INFO org.springframework.web.servlet.FrameworkServlet [http-nio-8080-exec-9] FrameworkServlet 'dispatcherServlet': initialization started
2019-10-25 12:11:00,441 INFO org.springframework.web.servlet.FrameworkServlet [http-nio-8080-exec-9] FrameworkServlet 'dispatcherServlet': initialization completed in 387 ms
2019-10-25 12:23:01,543 INFO org.springframework.boot.admin.SpringApplicationAdminMXBeanRegistrar$SpringApplicationAdmin [RMI TCP Connection(23)-127.0.0.1] Application shutdown requested.
2019-10-25 12:23:01,543 INFO org.springframework.context.support.AbstractApplicationContext [RMI TCP Connection(23)-127.0.0.1] Closing org.springframework.boot.web.servlet.context.AnnotationConfigServletWebServerApplicationContext@7adda9cc: startup date [Fri Oct 25 12:09:50 IST 2019]; root of context hierarchy
2019-10-25 12:23:01,640 INFO org.springframework.jmx.export.MBeanExporter [RMI TCP Connection(23)-127.0.0.1] Unregistering JMX-exposed beans on shutdown
2019-10-25 12:23:01,642 INFO org.springframework.jmx.support.MBeanRegistrationSupport [RMI TCP Connection(23)-127.0.0.1] Unregistering JMX-exposed beans
2019-10-25 12:23:01,644 INFO org.springframework.orm.jpa.AbstractEntityManagerFactoryBean [RMI TCP Connection(23)-127.0.0.1] Closing JPA EntityManagerFactory for persistence unit 'default'
2019-10-25 12:23:01,648 INFO com.zaxxer.hikari.HikariDataSource [RMI TCP Connection(23)-127.0.0.1] HikariPool-1 - Shutdown initiated...
2019-10-25 12:23:01,759 INFO com.zaxxer.hikari.HikariDataSource [RMI TCP Connection(23)-127.0.0.1] HikariPool-1 - Shutdown completed.
2019-10-25 12:23:59,551 INFO org.springframework.boot.StartupInfoLogger [main] Starting TalentPoolApplicationController on System21 with PID 4472 (C:\Users\user\git\TalentPool\TalentPool\target\classes started by user in C:\Users\user\git\TalentPool\TalentPool)
2019-10-25 12:23:59,582 DEBUG org.springframework.boot.StartupInfoLogger [main] Running with Spring Boot v2.0.6.RELEASE, Spring v5.0.10.RELEASE
2019-10-25 12:23:59,650 INFO org.springframework.boot.SpringApplication [main] No active profile set, falling back to default profiles: default
2019-10-25 12:23:59,824 INFO org.springframework.context.support.AbstractApplicationContext [main] Refreshing org.springframework.boot.web.servlet.context.AnnotationConfigServletWebServerApplicationContext@78e117e3: startup date [Fri Oct 25 12:23:59 IST 2019]; root of context hierarchy
2019-10-25 12:24:05,401 INFO org.springframework.context.support.PostProcessorRegistrationDelegate$BeanPostProcessorChecker [main] Bean 'org.springframework.transaction.annotation.ProxyTransactionManagementConfiguration' of type [org.springframework.transaction.annotation.ProxyTransactionManagementConfiguration$$EnhancerBySpringCGLIB$$11d8e48f] is not eligible for getting processed by all BeanPostProcessors (for example: not eligible for auto-proxying)
2019-10-25 12:24:07,545 INFO org.springframework.boot.web.embedded.tomcat.TomcatWebServer [main] Tomcat initialized with port(s): 8080 (http)
2019-10-25 12:24:07,721 INFO org.apache.juli.logging.DirectJDKLog [main] Initializing ProtocolHandler ["http-nio-8080"]
2019-10-25 12:24:07,762 INFO org.apache.juli.logging.DirectJDKLog [main] Starting service [Tomcat]
2019-10-25 12:24:07,765 INFO org.apache.juli.logging.DirectJDKLog [main] Starting Servlet Engine: Apache Tomcat/8.5.34
2019-10-25 12:24:07,985 INFO org.apache.juli.logging.DirectJDKLog [localhost-startStop-1] The APR based Apache Tomcat Native library which allows optimal performance in production environments was not found on the java.library.path: [C:\Program Files\Java\jre1.8.0_191\bin;C:\Windows\Sun\Java\bin;C:\Windows\system32;C:\Windows;C:/Program Files/Java/jdk1.8.0_191/bin/../jre/bin/server;C:/Program Files/Java/jdk1.8.0_191/bin/../jre/bin;C:/Program Files/Java/jdk1.8.0_191/bin/../jre/lib/amd64;C:\Program Files\Java\jdk1.8.0_191\bin;D:\apache-maven-3.6.0\bin;;C:\Program Files\Java\jdk1.8.0_191\bin;;C:\Program Files\Docker Toolbox;E:\eclipse\java-2018-12\eclipse;;.]
2019-10-25 12:24:08,878 INFO org.apache.juli.logging.DirectJDKLog [localhost-startStop-1] At least one JAR was scanned for TLDs yet contained no TLDs. Enable debug logging for this logger for a complete list of JARs that were scanned but no TLDs were found in them. Skipping unneeded JARs during scanning can improve startup time and JSP compilation time.
2019-10-25 12:24:08,878 INFO org.apache.juli.logging.DirectJDKLog [localhost-startStop-1] Initializing Spring embedded WebApplicationContext
2019-10-25 12:24:08,878 INFO org.springframework.boot.web.servlet.context.ServletWebServerApplicationContext [localhost-startStop-1] Root WebApplicationContext: initialization completed in 9055 ms
2019-10-25 12:24:09,101 INFO org.springframework.boot.web.servlet.ServletRegistrationBean [localhost-startStop-1] Servlet dispatcherServlet mapped to [/]
2019-10-25 12:24:09,116 INFO org.springframework.boot.web.servlet.AbstractFilterRegistrationBean [localhost-startStop-1] Mapping filter: 'characterEncodingFilter' to: [/*]
2019-10-25 12:24:09,120 INFO org.springframework.boot.web.servlet.AbstractFilterRegistrationBean [localhost-startStop-1] Mapping filter: 'hiddenHttpMethodFilter' to: [/*]
2019-10-25 12:24:09,145 INFO org.springframework.boot.web.servlet.AbstractFilterRegistrationBean [localhost-startStop-1] Mapping filter: 'httpPutFormContentFilter' to: [/*]
2019-10-25 12:24:09,146 INFO org.springframework.boot.web.servlet.AbstractFilterRegistrationBean [localhost-startStop-1] Mapping filter: 'requestContextFilter' to: [/*]
2019-10-25 12:24:10,042 INFO com.zaxxer.hikari.HikariDataSource [main] HikariPool-1 - Starting...
2019-10-25 12:24:11,608 INFO com.zaxxer.hikari.HikariDataSource [main] HikariPool-1 - Start completed.
2019-10-25 12:24:11,702 INFO org.springframework.orm.jpa.LocalContainerEntityManagerFactoryBean [main] Building JPA container EntityManagerFactory for persistence unit 'default'
2019-10-25 12:24:11,733 INFO org.hibernate.jpa.internal.util.LogHelper [main] HHH000204: Processing PersistenceUnitInfo [
	name: default
	...]
2019-10-25 12:24:13,263 INFO org.hibernate.Version [main] HHH000412: Hibernate Core {5.2.17.Final}
2019-10-25 12:24:13,266 INFO org.hibernate.cfg.Environment [main] HHH000206: hibernate.properties not found
2019-10-25 12:24:13,776 INFO org.hibernate.annotations.common.reflection.java.JavaReflectionManager [main] HCANN000001: Hibernate Commons Annotations {5.0.1.Final}
2019-10-25 12:24:14,722 INFO org.hibernate.dialect.Dialect [main] HHH000400: Using dialect: org.hibernate.dialect.MySQL5Dialect
2019-10-25 12:24:16,135 INFO org.springframework.orm.jpa.AbstractEntityManagerFactoryBean [main] Initialized JPA EntityManagerFactory for persistence unit 'default'
2019-10-25 12:24:17,307 INFO org.springframework.web.servlet.handler.AbstractUrlHandlerMapping [main] Mapped URL path [/**/favicon.ico] onto handler of type [class org.springframework.web.servlet.resource.ResourceHttpRequestHandler]
2019-10-25 12:24:19,331 INFO org.springframework.web.servlet.mvc.method.annotation.RequestMappingHandlerAdapter [main] Looking for @ControllerAdvice: org.springframework.boot.web.servlet.context.AnnotationConfigServletWebServerApplicationContext@78e117e3: startup date [Fri Oct 25 12:23:59 IST 2019]; root of context hierarchy
2019-10-25 12:24:19,482 WARN org.springframework.boot.autoconfigure.orm.jpa.JpaBaseConfiguration$JpaWebConfiguration$JpaWebMvcConfiguration [main] spring.jpa.open-in-view is enabled by default. Therefore, database queries may be performed during view rendering. Explicitly configure spring.jpa.open-in-view to disable this warning
2019-10-25 12:24:19,738 INFO org.springframework.web.servlet.handler.AbstractHandlerMethodMapping$MappingRegistry [main] Mapped "{[/getTalentQuestion],methods=[GET]}" onto public java.util.List<com.yotabytes.talentpool.model.TalentQuestion> com.yotabytes.talentpool.rest.controller.TalentPoolApplicationMainController.getTalentQuestion(javax.servlet.http.HttpServletRequest)
2019-10-25 12:24:19,738 INFO org.springframework.web.servlet.handler.AbstractHandlerMethodMapping$MappingRegistry [main] Mapped "{[/]}" onto public java.lang.String com.yotabytes.talentpool.rest.controller.TalentPoolApplicationMainController.welcome()
2019-10-25 12:24:19,753 INFO org.springframework.web.servlet.handler.AbstractHandlerMethodMapping$MappingRegistry [main] Mapped "{[/error]}" onto public org.springframework.http.ResponseEntity<java.util.Map<java.lang.String, java.lang.Object>> org.springframework.boot.autoconfigure.web.servlet.error.BasicErrorController.error(javax.servlet.http.HttpServletRequest)
2019-10-25 12:24:19,753 INFO org.springframework.web.servlet.handler.AbstractHandlerMethodMapping$MappingRegistry [main] Mapped "{[/error],produces=[text/html]}" onto public org.springframework.web.servlet.ModelAndView org.springframework.boot.autoconfigure.web.servlet.error.BasicErrorController.errorHtml(javax.servlet.http.HttpServletRequest,javax.servlet.http.HttpServletResponse)
2019-10-25 12:24:19,958 INFO org.springframework.web.servlet.handler.AbstractUrlHandlerMapping [main] Mapped URL path [/webjars/**] onto handler of type [class org.springframework.web.servlet.resource.ResourceHttpRequestHandler]
2019-10-25 12:24:19,958 INFO org.springframework.web.servlet.handler.AbstractUrlHandlerMapping [main] Mapped URL path [/**] onto handler of type [class org.springframework.web.servlet.resource.ResourceHttpRequestHandler]
2019-10-25 12:24:21,987 INFO org.springframework.jmx.export.MBeanExporter [main] Registering beans for JMX exposure on startup
2019-10-25 12:24:21,991 INFO org.springframework.jmx.export.MBeanExporter [main] Bean with name 'dataSource' has been autodetected for JMX exposure
2019-10-25 12:24:22,003 INFO org.springframework.jmx.export.MBeanExporter [main] Located MBean 'dataSource': registering with JMX server as MBean [com.zaxxer.hikari:name=dataSource,type=HikariDataSource]
2019-10-25 12:24:22,104 INFO org.apache.juli.logging.DirectJDKLog [main] Starting ProtocolHandler ["http-nio-8080"]
2019-10-25 12:24:22,276 INFO org.apache.juli.logging.DirectJDKLog [main] Using a shared selector for servlet write/read
2019-10-25 12:24:22,465 INFO org.springframework.boot.web.embedded.tomcat.TomcatWebServer [main] Tomcat started on port(s): 8080 (http) with context path ''
2019-10-25 12:24:22,501 INFO org.springframework.boot.StartupInfoLogger [main] Started TalentPoolApplicationController in 26.008 seconds (JVM running for 50.572)
2019-10-25 12:24:35,045 INFO org.apache.juli.logging.DirectJDKLog [http-nio-8080-exec-2] Initializing Spring FrameworkServlet 'dispatcherServlet'
2019-10-25 12:24:35,046 INFO org.springframework.web.servlet.FrameworkServlet [http-nio-8080-exec-2] FrameworkServlet 'dispatcherServlet': initialization started
2019-10-25 12:24:35,232 INFO org.springframework.web.servlet.FrameworkServlet [http-nio-8080-exec-2] FrameworkServlet 'dispatcherServlet': initialization completed in 185 ms
2019-10-25 12:25:35,818 INFO org.springframework.boot.admin.SpringApplicationAdminMXBeanRegistrar$SpringApplicationAdmin [RMI TCP Connection(9)-127.0.0.1] Application shutdown requested.
2019-10-25 12:25:35,818 INFO org.springframework.context.support.AbstractApplicationContext [RMI TCP Connection(9)-127.0.0.1] Closing org.springframework.boot.web.servlet.context.AnnotationConfigServletWebServerApplicationContext@78e117e3: startup date [Fri Oct 25 12:23:59 IST 2019]; root of context hierarchy
2019-10-25 12:25:35,897 INFO org.springframework.jmx.export.MBeanExporter [RMI TCP Connection(9)-127.0.0.1] Unregistering JMX-exposed beans on shutdown
2019-10-25 12:25:35,913 INFO org.springframework.jmx.support.MBeanRegistrationSupport [RMI TCP Connection(9)-127.0.0.1] Unregistering JMX-exposed beans
2019-10-25 12:25:35,913 INFO org.springframework.orm.jpa.AbstractEntityManagerFactoryBean [RMI TCP Connection(9)-127.0.0.1] Closing JPA EntityManagerFactory for persistence unit 'default'
2019-10-25 12:25:35,944 INFO com.zaxxer.hikari.HikariDataSource [RMI TCP Connection(9)-127.0.0.1] HikariPool-1 - Shutdown initiated...
2019-10-25 12:25:35,975 INFO com.zaxxer.hikari.HikariDataSource [RMI TCP Connection(9)-127.0.0.1] HikariPool-1 - Shutdown completed.
2019-10-25 12:26:36,397 INFO org.springframework.boot.StartupInfoLogger [main] Starting TalentPoolApplicationController on System21 with PID 7104 (C:\Users\user\git\TalentPool\TalentPool\target\classes started by user in C:\Users\user\git\TalentPool\TalentPool)
2019-10-25 12:26:36,405 DEBUG org.springframework.boot.StartupInfoLogger [main] Running with Spring Boot v2.0.6.RELEASE, Spring v5.0.10.RELEASE
2019-10-25 12:26:36,408 INFO org.springframework.boot.SpringApplication [main] No active profile set, falling back to default profiles: default
2019-10-25 12:26:37,232 INFO org.springframework.context.support.AbstractApplicationContext [main] Refreshing org.springframework.boot.web.servlet.context.AnnotationConfigServletWebServerApplicationContext@654f0d9c: startup date [Fri Oct 25 12:26:37 IST 2019]; root of context hierarchy
2019-10-25 12:26:41,719 INFO org.springframework.context.support.PostProcessorRegistrationDelegate$BeanPostProcessorChecker [main] Bean 'org.springframework.transaction.annotation.ProxyTransactionManagementConfiguration' of type [org.springframework.transaction.annotation.ProxyTransactionManagementConfiguration$$EnhancerBySpringCGLIB$$bd2ba54d] is not eligible for getting processed by all BeanPostProcessors (for example: not eligible for auto-proxying)
2019-10-25 12:26:43,920 INFO org.springframework.boot.web.embedded.tomcat.TomcatWebServer [main] Tomcat initialized with port(s): 8080 (http)
2019-10-25 12:26:43,982 INFO org.apache.juli.logging.DirectJDKLog [main] Initializing ProtocolHandler ["http-nio-8080"]
2019-10-25 12:26:44,040 INFO org.apache.juli.logging.DirectJDKLog [main] Starting service [Tomcat]
2019-10-25 12:26:44,041 INFO org.apache.juli.logging.DirectJDKLog [main] Starting Servlet Engine: Apache Tomcat/8.5.34
2019-10-25 12:26:44,117 INFO org.apache.juli.logging.DirectJDKLog [localhost-startStop-1] The APR based Apache Tomcat Native library which allows optimal performance in production environments was not found on the java.library.path: [C:\Program Files\Java\jre1.8.0_191\bin;C:\Windows\Sun\Java\bin;C:\Windows\system32;C:\Windows;C:/Program Files/Java/jdk1.8.0_191/bin/../jre/bin/server;C:/Program Files/Java/jdk1.8.0_191/bin/../jre/bin;C:/Program Files/Java/jdk1.8.0_191/bin/../jre/lib/amd64;C:\Program Files\Java\jdk1.8.0_191\bin;D:\apache-maven-3.6.0\bin;;C:\Program Files\Java\jdk1.8.0_191\bin;;C:\Program Files\Docker Toolbox;E:\eclipse\java-2018-12\eclipse;;.]
2019-10-25 12:26:45,909 INFO org.apache.juli.logging.DirectJDKLog [localhost-startStop-1] At least one JAR was scanned for TLDs yet contained no TLDs. Enable debug logging for this logger for a complete list of JARs that were scanned but no TLDs were found in them. Skipping unneeded JARs during scanning can improve startup time and JSP compilation time.
2019-10-25 12:26:45,919 INFO org.apache.juli.logging.DirectJDKLog [localhost-startStop-1] Initializing Spring embedded WebApplicationContext
2019-10-25 12:26:45,921 INFO org.springframework.boot.web.servlet.context.ServletWebServerApplicationContext [localhost-startStop-1] Root WebApplicationContext: initialization completed in 8689 ms
2019-10-25 12:26:46,516 INFO org.springframework.boot.web.servlet.ServletRegistrationBean [localhost-startStop-1] Servlet dispatcherServlet mapped to [/]
2019-10-25 12:26:46,553 INFO org.springframework.boot.web.servlet.AbstractFilterRegistrationBean [localhost-startStop-1] Mapping filter: 'characterEncodingFilter' to: [/*]
2019-10-25 12:26:46,556 INFO org.springframework.boot.web.servlet.AbstractFilterRegistrationBean [localhost-startStop-1] Mapping filter: 'hiddenHttpMethodFilter' to: [/*]
2019-10-25 12:26:46,558 INFO org.springframework.boot.web.servlet.AbstractFilterRegistrationBean [localhost-startStop-1] Mapping filter: 'httpPutFormContentFilter' to: [/*]
2019-10-25 12:26:46,559 INFO org.springframework.boot.web.servlet.AbstractFilterRegistrationBean [localhost-startStop-1] Mapping filter: 'requestContextFilter' to: [/*]
2019-10-25 12:26:47,763 INFO com.zaxxer.hikari.HikariDataSource [main] HikariPool-1 - Starting...
2019-10-25 12:26:49,535 INFO com.zaxxer.hikari.HikariDataSource [main] HikariPool-1 - Start completed.
2019-10-25 12:26:49,833 INFO org.springframework.orm.jpa.LocalContainerEntityManagerFactoryBean [main] Building JPA container EntityManagerFactory for persistence unit 'default'
2019-10-25 12:26:49,938 INFO org.hibernate.jpa.internal.util.LogHelper [main] HHH000204: Processing PersistenceUnitInfo [
	name: default
	...]
2019-10-25 12:26:51,317 INFO org.hibernate.Version [main] HHH000412: Hibernate Core {5.2.17.Final}
2019-10-25 12:26:51,321 INFO org.hibernate.cfg.Environment [main] HHH000206: hibernate.properties not found
2019-10-25 12:26:51,665 INFO org.hibernate.annotations.common.reflection.java.JavaReflectionManager [main] HCANN000001: Hibernate Commons Annotations {5.0.1.Final}
2019-10-25 12:26:52,457 INFO org.hibernate.dialect.Dialect [main] HHH000400: Using dialect: org.hibernate.dialect.MySQL5Dialect
2019-10-25 12:26:53,161 INFO org.springframework.orm.jpa.AbstractEntityManagerFactoryBean [main] Initialized JPA EntityManagerFactory for persistence unit 'default'
2019-10-25 12:26:53,629 INFO org.springframework.web.servlet.handler.AbstractUrlHandlerMapping [main] Mapped URL path [/**/favicon.ico] onto handler of type [class org.springframework.web.servlet.resource.ResourceHttpRequestHandler]
2019-10-25 12:26:54,733 INFO org.springframework.web.servlet.mvc.method.annotation.RequestMappingHandlerAdapter [main] Looking for @ControllerAdvice: org.springframework.boot.web.servlet.context.AnnotationConfigServletWebServerApplicationContext@654f0d9c: startup date [Fri Oct 25 12:26:37 IST 2019]; root of context hierarchy
2019-10-25 12:26:54,802 WARN org.springframework.boot.autoconfigure.orm.jpa.JpaBaseConfiguration$JpaWebConfiguration$JpaWebMvcConfiguration [main] spring.jpa.open-in-view is enabled by default. Therefore, database queries may be performed during view rendering. Explicitly configure spring.jpa.open-in-view to disable this warning
2019-10-25 12:26:54,948 INFO org.springframework.web.servlet.handler.AbstractHandlerMethodMapping$MappingRegistry [main] Mapped "{[/getTalentQuestion],methods=[GET]}" onto public java.util.List<com.yotabytes.talentpool.model.TalentQuestion> com.yotabytes.talentpool.rest.controller.TalentPoolApplicationMainController.getTalentQuestion(javax.servlet.http.HttpServletRequest)
2019-10-25 12:26:54,950 INFO org.springframework.web.servlet.handler.AbstractHandlerMethodMapping$MappingRegistry [main] Mapped "{[/]}" onto public java.lang.String com.yotabytes.talentpool.rest.controller.TalentPoolApplicationMainController.welcome()
2019-10-25 12:26:54,958 INFO org.springframework.web.servlet.handler.AbstractHandlerMethodMapping$MappingRegistry [main] Mapped "{[/error]}" onto public org.springframework.http.ResponseEntity<java.util.Map<java.lang.String, java.lang.Object>> org.springframework.boot.autoconfigure.web.servlet.error.BasicErrorController.error(javax.servlet.http.HttpServletRequest)
2019-10-25 12:26:54,966 INFO org.springframework.web.servlet.handler.AbstractHandlerMethodMapping$MappingRegistry [main] Mapped "{[/error],produces=[text/html]}" onto public org.springframework.web.servlet.ModelAndView org.springframework.boot.autoconfigure.web.servlet.error.BasicErrorController.errorHtml(javax.servlet.http.HttpServletRequest,javax.servlet.http.HttpServletResponse)
2019-10-25 12:26:55,174 INFO org.springframework.web.servlet.handler.AbstractUrlHandlerMapping [main] Mapped URL path [/webjars/**] onto handler of type [class org.springframework.web.servlet.resource.ResourceHttpRequestHandler]
2019-10-25 12:26:55,174 INFO org.springframework.web.servlet.handler.AbstractUrlHandlerMapping [main] Mapped URL path [/**] onto handler of type [class org.springframework.web.servlet.resource.ResourceHttpRequestHandler]
2019-10-25 12:26:56,315 INFO org.springframework.jmx.export.MBeanExporter [main] Registering beans for JMX exposure on startup
2019-10-25 12:26:56,331 INFO org.springframework.jmx.export.MBeanExporter [main] Bean with name 'dataSource' has been autodetected for JMX exposure
2019-10-25 12:26:56,411 INFO org.springframework.jmx.export.MBeanExporter [main] Located MBean 'dataSource': registering with JMX server as MBean [com.zaxxer.hikari:name=dataSource,type=HikariDataSource]
2019-10-25 12:26:56,442 INFO org.apache.juli.logging.DirectJDKLog [main] Starting ProtocolHandler ["http-nio-8080"]
2019-10-25 12:26:56,473 INFO org.apache.juli.logging.DirectJDKLog [main] Using a shared selector for servlet write/read
2019-10-25 12:26:56,598 INFO org.springframework.boot.web.embedded.tomcat.TomcatWebServer [main] Tomcat started on port(s): 8080 (http) with context path ''
2019-10-25 12:26:56,642 INFO org.springframework.boot.StartupInfoLogger [main] Started TalentPoolApplicationController in 23.32 seconds (JVM running for 47.011)
2019-10-25 12:27:03,383 INFO org.apache.juli.logging.DirectJDKLog [http-nio-8080-exec-2] Initializing Spring FrameworkServlet 'dispatcherServlet'
2019-10-25 12:27:03,384 INFO org.springframework.web.servlet.FrameworkServlet [http-nio-8080-exec-2] FrameworkServlet 'dispatcherServlet': initialization started
2019-10-25 12:27:03,615 INFO org.springframework.web.servlet.FrameworkServlet [http-nio-8080-exec-2] FrameworkServlet 'dispatcherServlet': initialization completed in 230 ms
2019-10-25 12:27:04,598 ERROR org.apache.juli.logging.DirectJDKLog [http-nio-8080-exec-2] Servlet.service() for servlet [dispatcherServlet] in context with path [] threw exception [Request processing failed; nested exception is org.springframework.jdbc.IncorrectResultSetColumnCountException: Incorrect column count: expected 1, actual 13] with root cause
org.springframework.jdbc.IncorrectResultSetColumnCountException: Incorrect column count: expected 1, actual 13
	at org.springframework.jdbc.core.SingleColumnRowMapper.mapRow(SingleColumnRowMapper.java:109)
	at org.springframework.jdbc.core.RowMapperResultSetExtractor.extractData(RowMapperResultSetExtractor.java:93)
	at org.springframework.jdbc.core.RowMapperResultSetExtractor.extractData(RowMapperResultSetExtractor.java:60)
	at org.springframework.jdbc.core.JdbcTemplate$1QueryStatementCallback.doInStatement(JdbcTemplate.java:434)
	at org.springframework.jdbc.core.JdbcTemplate.execute(JdbcTemplate.java:376)
	at org.springframework.jdbc.core.JdbcTemplate.query(JdbcTemplate.java:446)
	at org.springframework.jdbc.core.JdbcTemplate.query(JdbcTemplate.java:456)
	at org.springframework.jdbc.core.JdbcTemplate.queryForList(JdbcTemplate.java:479)
	at com.yotabytes.talentpool.dao.impl.DAOimplemaintation.getTalentQuestion(DAOimplemaintation.java:29)
	at com.yotabytes.talentpool.dao.impl.DAOimplemaintation$$FastClassBySpringCGLIB$$70e301cc.invoke(<generated>)
	at org.springframework.cglib.proxy.MethodProxy.invoke(MethodProxy.java:204)
	at org.springframework.aop.framework.CglibAopProxy$CglibMethodInvocation.invokeJoinpoint(CglibAopProxy.java:746)
	at org.springframework.aop.framework.ReflectiveMethodInvocation.proceed(ReflectiveMethodInvocation.java:163)
	at org.springframework.dao.support.PersistenceExceptionTranslationInterceptor.invoke(PersistenceExceptionTranslationInterceptor.java:139)
	at org.springframework.aop.framework.ReflectiveMethodInvocation.proceed(ReflectiveMethodInvocation.java:185)
	at org.springframework.aop.framework.CglibAopProxy$DynamicAdvisedInterceptor.intercept(CglibAopProxy.java:688)
	at com.yotabytes.talentpool.dao.impl.DAOimplemaintation$$EnhancerBySpringCGLIB$$2dae61bc.getTalentQuestion(<generated>)
	at com.yotabytes.talentpool.service.impl.TalentPoolServiceImpl.getTalentQuestions(TalentPoolServiceImpl.java:20)
	at com.yotabytes.talentpool.rest.controller.TalentPoolApplicationMainController.getTalentQuestion(TalentPoolApplicationMainController.java:40)
	at sun.reflect.NativeMethodAccessorImpl.invoke0(Native Method)
	at sun.reflect.NativeMethodAccessorImpl.invoke(Unknown Source)
	at sun.reflect.DelegatingMethodAccessorImpl.invoke(Unknown Source)
	at java.lang.reflect.Method.invoke(Unknown Source)
	at org.springframework.web.method.support.InvocableHandlerMethod.doInvoke(InvocableHandlerMethod.java:209)
	at org.springframework.web.method.support.InvocableHandlerMethod.invokeForRequest(InvocableHandlerMethod.java:136)
	at org.springframework.web.servlet.mvc.method.annotation.ServletInvocableHandlerMethod.invokeAndHandle(ServletInvocableHandlerMethod.java:102)
	at org.springframework.web.servlet.mvc.method.annotation.RequestMappingHandlerAdapter.invokeHandlerMethod(RequestMappingHandlerAdapter.java:891)
	at org.springframework.web.servlet.mvc.method.annotation.RequestMappingHandlerAdapter.handleInternal(RequestMappingHandlerAdapter.java:797)
	at org.springframework.web.servlet.mvc.method.AbstractHandlerMethodAdapter.handle(AbstractHandlerMethodAdapter.java:87)
	at org.springframework.web.servlet.DispatcherServlet.doDispatch(DispatcherServlet.java:991)
	at org.springframework.web.servlet.DispatcherServlet.doService(DispatcherServlet.java:925)
	at org.springframework.web.servlet.FrameworkServlet.processRequest(FrameworkServlet.java:974)
	at org.springframework.web.servlet.FrameworkServlet.doGet(FrameworkServlet.java:866)
	at javax.servlet.http.HttpServlet.service(HttpServlet.java:635)
	at org.springframework.web.servlet.FrameworkServlet.service(FrameworkServlet.java:851)
	at javax.servlet.http.HttpServlet.service(HttpServlet.java:742)
	at org.apache.catalina.core.ApplicationFilterChain.internalDoFilter(ApplicationFilterChain.java:231)
	at org.apache.catalina.core.ApplicationFilterChain.doFilter(ApplicationFilterChain.java:166)
	at org.apache.tomcat.websocket.server.WsFilter.doFilter(WsFilter.java:52)
	at org.apache.catalina.core.ApplicationFilterChain.internalDoFilter(ApplicationFilterChain.java:193)
	at org.apache.catalina.core.ApplicationFilterChain.doFilter(ApplicationFilterChain.java:166)
	at org.springframework.web.filter.RequestContextFilter.doFilterInternal(RequestContextFilter.java:99)
	at org.springframework.web.filter.OncePerRequestFilter.doFilter(OncePerRequestFilter.java:107)
	at org.apache.catalina.core.ApplicationFilterChain.internalDoFilter(ApplicationFilterChain.java:193)
	at org.apache.catalina.core.ApplicationFilterChain.doFilter(ApplicationFilterChain.java:166)
	at org.springframework.web.filter.HttpPutFormContentFilter.doFilterInternal(HttpPutFormContentFilter.java:109)
	at org.springframework.web.filter.OncePerRequestFilter.doFilter(OncePerRequestFilter.java:107)
	at org.apache.catalina.core.ApplicationFilterChain.internalDoFilter(ApplicationFilterChain.java:193)
	at org.apache.catalina.core.ApplicationFilterChain.doFilter(ApplicationFilterChain.java:166)
	at org.springframework.web.filter.HiddenHttpMethodFilter.doFilterInternal(HiddenHttpMethodFilter.java:93)
	at org.springframework.web.filter.OncePerRequestFilter.doFilter(OncePerRequestFilter.java:107)
	at org.apache.catalina.core.ApplicationFilterChain.internalDoFilter(ApplicationFilterChain.java:193)
	at org.apache.catalina.core.ApplicationFilterChain.doFilter(ApplicationFilterChain.java:166)
	at org.springframework.web.filter.CharacterEncodingFilter.doFilterInternal(CharacterEncodingFilter.java:200)
	at org.springframework.web.filter.OncePerRequestFilter.doFilter(OncePerRequestFilter.java:107)
	at org.apache.catalina.core.ApplicationFilterChain.internalDoFilter(ApplicationFilterChain.java:193)
	at org.apache.catalina.core.ApplicationFilterChain.doFilter(ApplicationFilterChain.java:166)
	at org.apache.catalina.core.StandardWrapperValve.invoke(StandardWrapperValve.java:198)
	at org.apache.catalina.core.StandardContextValve.invoke(StandardContextValve.java:96)
	at org.apache.catalina.authenticator.AuthenticatorBase.invoke(AuthenticatorBase.java:493)
	at org.apache.catalina.core.StandardHostValve.invoke(StandardHostValve.java:140)
	at org.apache.catalina.valves.ErrorReportValve.invoke(ErrorReportValve.java:81)
	at org.apache.catalina.core.StandardEngineValve.invoke(StandardEngineValve.java:87)
	at org.apache.catalina.connector.CoyoteAdapter.service(CoyoteAdapter.java:342)
	at org.apache.coyote.http11.Http11Processor.service(Http11Processor.java:800)
	at org.apache.coyote.AbstractProcessorLight.process(AbstractProcessorLight.java:66)
	at org.apache.coyote.AbstractProtocol$ConnectionHandler.process(AbstractProtocol.java:806)
	at org.apache.tomcat.util.net.NioEndpoint$SocketProcessor.doRun(NioEndpoint.java:1498)
	at org.apache.tomcat.util.net.SocketProcessorBase.run(SocketProcessorBase.java:49)
	at java.util.concurrent.ThreadPoolExecutor.runWorker(Unknown Source)
	at java.util.concurrent.ThreadPoolExecutor$Worker.run(Unknown Source)
	at org.apache.tomcat.util.threads.TaskThread$WrappingRunnable.run(TaskThread.java:61)
	at java.lang.Thread.run(Unknown Source)
2019-10-25 12:30:30,775 INFO org.springframework.boot.admin.SpringApplicationAdminMXBeanRegistrar$SpringApplicationAdmin [RMI TCP Connection(10)-127.0.0.1] Application shutdown requested.
2019-10-25 12:30:30,775 INFO org.springframework.context.support.AbstractApplicationContext [RMI TCP Connection(10)-127.0.0.1] Closing org.springframework.boot.web.servlet.context.AnnotationConfigServletWebServerApplicationContext@654f0d9c: startup date [Fri Oct 25 12:26:37 IST 2019]; root of context hierarchy
2019-10-25 12:30:30,838 INFO org.springframework.jmx.export.MBeanExporter [RMI TCP Connection(10)-127.0.0.1] Unregistering JMX-exposed beans on shutdown
2019-10-25 12:30:30,854 INFO org.springframework.jmx.support.MBeanRegistrationSupport [RMI TCP Connection(10)-127.0.0.1] Unregistering JMX-exposed beans
2019-10-25 12:30:30,854 INFO org.springframework.orm.jpa.AbstractEntityManagerFactoryBean [RMI TCP Connection(10)-127.0.0.1] Closing JPA EntityManagerFactory for persistence unit 'default'
2019-10-25 12:30:30,854 INFO com.zaxxer.hikari.HikariDataSource [RMI TCP Connection(10)-127.0.0.1] HikariPool-1 - Shutdown initiated...
2019-10-25 12:30:30,963 INFO com.zaxxer.hikari.HikariDataSource [RMI TCP Connection(10)-127.0.0.1] HikariPool-1 - Shutdown completed.
2019-10-25 12:31:10,309 INFO org.springframework.boot.StartupInfoLogger [main] Starting TalentPoolApplicationController on System21 with PID 7116 (C:\Users\user\git\TalentPool\TalentPool\target\classes started by user in C:\Users\user\git\TalentPool\TalentPool)
2019-10-25 12:31:10,325 DEBUG org.springframework.boot.StartupInfoLogger [main] Running with Spring Boot v2.0.6.RELEASE, Spring v5.0.10.RELEASE
2019-10-25 12:31:10,325 INFO org.springframework.boot.SpringApplication [main] No active profile set, falling back to default profiles: default
2019-10-25 12:31:10,934 INFO org.springframework.context.support.AbstractApplicationContext [main] Refreshing org.springframework.boot.web.servlet.context.AnnotationConfigServletWebServerApplicationContext@1534f01b: startup date [Fri Oct 25 12:31:10 IST 2019]; root of context hierarchy
2019-10-25 12:31:14,246 INFO org.springframework.context.support.PostProcessorRegistrationDelegate$BeanPostProcessorChecker [main] Bean 'org.springframework.transaction.annotation.ProxyTransactionManagementConfiguration' of type [org.springframework.transaction.annotation.ProxyTransactionManagementConfiguration$$EnhancerBySpringCGLIB$$7b231872] is not eligible for getting processed by all BeanPostProcessors (for example: not eligible for auto-proxying)
2019-10-25 12:31:15,681 INFO org.springframework.boot.web.embedded.tomcat.TomcatWebServer [main] Tomcat initialized with port(s): 8080 (http)
2019-10-25 12:31:15,728 INFO org.apache.juli.logging.DirectJDKLog [main] Initializing ProtocolHandler ["http-nio-8080"]
2019-10-25 12:31:15,744 INFO org.apache.juli.logging.DirectJDKLog [main] Starting service [Tomcat]
2019-10-25 12:31:15,744 INFO org.apache.juli.logging.DirectJDKLog [main] Starting Servlet Engine: Apache Tomcat/8.5.34
2019-10-25 12:31:15,839 INFO org.apache.juli.logging.DirectJDKLog [localhost-startStop-1] The APR based Apache Tomcat Native library which allows optimal performance in production environments was not found on the java.library.path: [C:\Program Files\Java\jre1.8.0_191\bin;C:\Windows\Sun\Java\bin;C:\Windows\system32;C:\Windows;C:/Program Files/Java/jdk1.8.0_191/bin/../jre/bin/server;C:/Program Files/Java/jdk1.8.0_191/bin/../jre/bin;C:/Program Files/Java/jdk1.8.0_191/bin/../jre/lib/amd64;C:\Program Files\Java\jdk1.8.0_191\bin;D:\apache-maven-3.6.0\bin;;C:\Program Files\Java\jdk1.8.0_191\bin;;C:\Program Files\Docker Toolbox;E:\eclipse\java-2018-12\eclipse;;.]
2019-10-25 12:31:17,244 INFO org.apache.juli.logging.DirectJDKLog [localhost-startStop-1] At least one JAR was scanned for TLDs yet contained no TLDs. Enable debug logging for this logger for a complete list of JARs that were scanned but no TLDs were found in them. Skipping unneeded JARs during scanning can improve startup time and JSP compilation time.
2019-10-25 12:31:17,244 INFO org.apache.juli.logging.DirectJDKLog [localhost-startStop-1] Initializing Spring embedded WebApplicationContext
2019-10-25 12:31:17,244 INFO org.springframework.boot.web.servlet.context.ServletWebServerApplicationContext [localhost-startStop-1] Root WebApplicationContext: initialization completed in 6310 ms
2019-10-25 12:31:17,726 INFO org.springframework.boot.web.servlet.ServletRegistrationBean [localhost-startStop-1] Servlet dispatcherServlet mapped to [/]
2019-10-25 12:31:17,753 INFO org.springframework.boot.web.servlet.AbstractFilterRegistrationBean [localhost-startStop-1] Mapping filter: 'characterEncodingFilter' to: [/*]
2019-10-25 12:31:17,757 INFO org.springframework.boot.web.servlet.AbstractFilterRegistrationBean [localhost-startStop-1] Mapping filter: 'hiddenHttpMethodFilter' to: [/*]
2019-10-25 12:31:17,761 INFO org.springframework.boot.web.servlet.AbstractFilterRegistrationBean [localhost-startStop-1] Mapping filter: 'httpPutFormContentFilter' to: [/*]
2019-10-25 12:31:17,762 INFO org.springframework.boot.web.servlet.AbstractFilterRegistrationBean [localhost-startStop-1] Mapping filter: 'requestContextFilter' to: [/*]
2019-10-25 12:31:18,439 INFO com.zaxxer.hikari.HikariDataSource [main] HikariPool-1 - Starting...
2019-10-25 12:31:19,547 INFO com.zaxxer.hikari.HikariDataSource [main] HikariPool-1 - Start completed.
2019-10-25 12:31:19,712 INFO org.springframework.orm.jpa.LocalContainerEntityManagerFactoryBean [main] Building JPA container EntityManagerFactory for persistence unit 'default'
2019-10-25 12:31:19,785 INFO org.hibernate.jpa.internal.util.LogHelper [main] HHH000204: Processing PersistenceUnitInfo [
	name: default
	...]
2019-10-25 12:31:21,132 INFO org.hibernate.Version [main] HHH000412: Hibernate Core {5.2.17.Final}
2019-10-25 12:31:21,135 INFO org.hibernate.cfg.Environment [main] HHH000206: hibernate.properties not found
2019-10-25 12:31:21,333 INFO org.hibernate.annotations.common.reflection.java.JavaReflectionManager [main] HCANN000001: Hibernate Commons Annotations {5.0.1.Final}
2019-10-25 12:31:21,885 INFO org.hibernate.dialect.Dialect [main] HHH000400: Using dialect: org.hibernate.dialect.MySQL5Dialect
2019-10-25 12:31:22,999 INFO org.springframework.orm.jpa.AbstractEntityManagerFactoryBean [main] Initialized JPA EntityManagerFactory for persistence unit 'default'
2019-10-25 12:31:23,874 INFO org.springframework.web.servlet.handler.AbstractUrlHandlerMapping [main] Mapped URL path [/**/favicon.ico] onto handler of type [class org.springframework.web.servlet.resource.ResourceHttpRequestHandler]
2019-10-25 12:31:24,985 INFO org.springframework.web.servlet.mvc.method.annotation.RequestMappingHandlerAdapter [main] Looking for @ControllerAdvice: org.springframework.boot.web.servlet.context.AnnotationConfigServletWebServerApplicationContext@1534f01b: startup date [Fri Oct 25 12:31:10 IST 2019]; root of context hierarchy
2019-10-25 12:31:25,267 WARN org.springframework.boot.autoconfigure.orm.jpa.JpaBaseConfiguration$JpaWebConfiguration$JpaWebMvcConfiguration [main] spring.jpa.open-in-view is enabled by default. Therefore, database queries may be performed during view rendering. Explicitly configure spring.jpa.open-in-view to disable this warning
2019-10-25 12:31:25,595 INFO org.springframework.web.servlet.handler.AbstractHandlerMethodMapping$MappingRegistry [main] Mapped "{[/]}" onto public java.lang.String com.yotabytes.talentpool.rest.controller.TalentPoolApplicationMainController.welcome()
2019-10-25 12:31:25,595 INFO org.springframework.web.servlet.handler.AbstractHandlerMethodMapping$MappingRegistry [main] Mapped "{[/getTalentQuestion],methods=[GET]}" onto public java.util.List<com.yotabytes.talentpool.model.TalentQuestion> com.yotabytes.talentpool.rest.controller.TalentPoolApplicationMainController.getTalentQuestion(javax.servlet.http.HttpServletRequest)
2019-10-25 12:31:25,611 INFO org.springframework.web.servlet.handler.AbstractHandlerMethodMapping$MappingRegistry [main] Mapped "{[/error]}" onto public org.springframework.http.ResponseEntity<java.util.Map<java.lang.String, java.lang.Object>> org.springframework.boot.autoconfigure.web.servlet.error.BasicErrorController.error(javax.servlet.http.HttpServletRequest)
2019-10-25 12:31:25,611 INFO org.springframework.web.servlet.handler.AbstractHandlerMethodMapping$MappingRegistry [main] Mapped "{[/error],produces=[text/html]}" onto public org.springframework.web.servlet.ModelAndView org.springframework.boot.autoconfigure.web.servlet.error.BasicErrorController.errorHtml(javax.servlet.http.HttpServletRequest,javax.servlet.http.HttpServletResponse)
2019-10-25 12:31:25,720 INFO org.springframework.web.servlet.handler.AbstractUrlHandlerMapping [main] Mapped URL path [/webjars/**] onto handler of type [class org.springframework.web.servlet.resource.ResourceHttpRequestHandler]
2019-10-25 12:31:25,720 INFO org.springframework.web.servlet.handler.AbstractUrlHandlerMapping [main] Mapped URL path [/**] onto handler of type [class org.springframework.web.servlet.resource.ResourceHttpRequestHandler]
2019-10-25 12:31:26,876 INFO org.springframework.jmx.export.MBeanExporter [main] Registering beans for JMX exposure on startup
2019-10-25 12:31:26,909 INFO org.springframework.jmx.export.MBeanExporter [main] Bean with name 'dataSource' has been autodetected for JMX exposure
2019-10-25 12:31:26,924 INFO org.springframework.jmx.export.MBeanExporter [main] Located MBean 'dataSource': registering with JMX server as MBean [com.zaxxer.hikari:name=dataSource,type=HikariDataSource]
2019-10-25 12:31:26,987 INFO org.apache.juli.logging.DirectJDKLog [main] Starting ProtocolHandler ["http-nio-8080"]
2019-10-25 12:31:27,300 INFO org.apache.juli.logging.DirectJDKLog [main] Using a shared selector for servlet write/read
2019-10-25 12:31:27,550 INFO org.springframework.boot.web.embedded.tomcat.TomcatWebServer [main] Tomcat started on port(s): 8080 (http) with context path ''
2019-10-25 12:31:27,550 INFO org.springframework.boot.StartupInfoLogger [main] Started TalentPoolApplicationController in 20.056 seconds (JVM running for 34.622)
2019-10-25 12:31:41,936 INFO org.apache.juli.logging.DirectJDKLog [http-nio-8080-exec-1] Initializing Spring FrameworkServlet 'dispatcherServlet'
2019-10-25 12:31:41,937 INFO org.springframework.web.servlet.FrameworkServlet [http-nio-8080-exec-1] FrameworkServlet 'dispatcherServlet': initialization started
2019-10-25 12:31:42,051 INFO org.springframework.web.servlet.FrameworkServlet [http-nio-8080-exec-1] FrameworkServlet 'dispatcherServlet': initialization completed in 113 ms
2019-10-25 12:43:12,734 INFO org.springframework.boot.admin.SpringApplicationAdminMXBeanRegistrar$SpringApplicationAdmin [RMI TCP Connection(19)-127.0.0.1] Application shutdown requested.
2019-10-25 12:43:12,734 INFO org.springframework.context.support.AbstractApplicationContext [RMI TCP Connection(19)-127.0.0.1] Closing org.springframework.boot.web.servlet.context.AnnotationConfigServletWebServerApplicationContext@1534f01b: startup date [Fri Oct 25 12:31:10 IST 2019]; root of context hierarchy
2019-10-25 12:43:12,844 INFO org.springframework.jmx.export.MBeanExporter [RMI TCP Connection(19)-127.0.0.1] Unregistering JMX-exposed beans on shutdown
2019-10-25 12:43:12,844 INFO org.springframework.jmx.support.MBeanRegistrationSupport [RMI TCP Connection(19)-127.0.0.1] Unregistering JMX-exposed beans
2019-10-25 12:43:12,844 INFO org.springframework.orm.jpa.AbstractEntityManagerFactoryBean [RMI TCP Connection(19)-127.0.0.1] Closing JPA EntityManagerFactory for persistence unit 'default'
2019-10-25 12:43:12,860 INFO com.zaxxer.hikari.HikariDataSource [RMI TCP Connection(19)-127.0.0.1] HikariPool-1 - Shutdown initiated...
2019-10-25 12:43:12,985 INFO com.zaxxer.hikari.HikariDataSource [RMI TCP Connection(19)-127.0.0.1] HikariPool-1 - Shutdown completed.
2019-10-25 12:44:56,166 INFO org.springframework.boot.StartupInfoLogger [main] Starting TalentPoolApplicationController on System21 with PID 6152 (C:\Users\user\git\TalentPool\TalentPool\target\classes started by user in C:\Users\user\git\TalentPool\TalentPool)
2019-10-25 12:44:56,510 DEBUG org.springframework.boot.StartupInfoLogger [main] Running with Spring Boot v2.0.6.RELEASE, Spring v5.0.10.RELEASE
2019-10-25 12:44:56,510 INFO org.springframework.boot.SpringApplication [main] No active profile set, falling back to default profiles: default
2019-10-25 12:44:56,776 INFO org.springframework.context.support.AbstractApplicationContext [main] Refreshing org.springframework.boot.web.servlet.context.AnnotationConfigServletWebServerApplicationContext@4b0b0854: startup date [Fri Oct 25 12:44:56 IST 2019]; root of context hierarchy
2019-10-25 12:45:03,018 INFO org.springframework.context.support.PostProcessorRegistrationDelegate$BeanPostProcessorChecker [main] Bean 'org.springframework.transaction.annotation.ProxyTransactionManagementConfiguration' of type [org.springframework.transaction.annotation.ProxyTransactionManagementConfiguration$$EnhancerBySpringCGLIB$$c8bfdb23] is not eligible for getting processed by all BeanPostProcessors (for example: not eligible for auto-proxying)
2019-10-25 12:45:05,050 INFO org.springframework.boot.web.embedded.tomcat.TomcatWebServer [main] Tomcat initialized with port(s): 8080 (http)
2019-10-25 12:45:05,176 INFO org.apache.juli.logging.DirectJDKLog [main] Initializing ProtocolHandler ["http-nio-8080"]
2019-10-25 12:45:05,208 INFO org.apache.juli.logging.DirectJDKLog [main] Starting service [Tomcat]
2019-10-25 12:45:05,208 INFO org.apache.juli.logging.DirectJDKLog [main] Starting Servlet Engine: Apache Tomcat/8.5.34
2019-10-25 12:45:05,426 INFO org.apache.juli.logging.DirectJDKLog [localhost-startStop-1] The APR based Apache Tomcat Native library which allows optimal performance in production environments was not found on the java.library.path: [C:\Program Files\Java\jre1.8.0_191\bin;C:\Windows\Sun\Java\bin;C:\Windows\system32;C:\Windows;C:/Program Files/Java/jdk1.8.0_191/bin/../jre/bin/server;C:/Program Files/Java/jdk1.8.0_191/bin/../jre/bin;C:/Program Files/Java/jdk1.8.0_191/bin/../jre/lib/amd64;C:\Program Files\Java\jdk1.8.0_191\bin;D:\apache-maven-3.6.0\bin;;C:\Program Files\Java\jdk1.8.0_191\bin;;C:\Program Files\Docker Toolbox;E:\eclipse\java-2018-12\eclipse;;.]
2019-10-25 12:45:06,818 INFO org.apache.juli.logging.DirectJDKLog [localhost-startStop-1] At least one JAR was scanned for TLDs yet contained no TLDs. Enable debug logging for this logger for a complete list of JARs that were scanned but no TLDs were found in them. Skipping unneeded JARs during scanning can improve startup time and JSP compilation time.
2019-10-25 12:45:06,866 INFO org.apache.juli.logging.DirectJDKLog [localhost-startStop-1] Initializing Spring embedded WebApplicationContext
2019-10-25 12:45:06,867 INFO org.springframework.boot.web.servlet.context.ServletWebServerApplicationContext [localhost-startStop-1] Root WebApplicationContext: initialization completed in 10091 ms
2019-10-25 12:45:07,386 INFO org.springframework.boot.web.servlet.ServletRegistrationBean [localhost-startStop-1] Servlet dispatcherServlet mapped to [/]
2019-10-25 12:45:07,441 INFO org.springframework.boot.web.servlet.AbstractFilterRegistrationBean [localhost-startStop-1] Mapping filter: 'characterEncodingFilter' to: [/*]
2019-10-25 12:45:07,475 INFO org.springframework.boot.web.servlet.AbstractFilterRegistrationBean [localhost-startStop-1] Mapping filter: 'hiddenHttpMethodFilter' to: [/*]
2019-10-25 12:45:07,506 INFO org.springframework.boot.web.servlet.AbstractFilterRegistrationBean [localhost-startStop-1] Mapping filter: 'httpPutFormContentFilter' to: [/*]
2019-10-25 12:45:07,507 INFO org.springframework.boot.web.servlet.AbstractFilterRegistrationBean [localhost-startStop-1] Mapping filter: 'requestContextFilter' to: [/*]
2019-10-25 12:45:08,627 INFO com.zaxxer.hikari.HikariDataSource [main] HikariPool-1 - Starting...
2019-10-25 12:45:10,768 INFO com.zaxxer.hikari.HikariDataSource [main] HikariPool-1 - Start completed.
2019-10-25 12:45:10,988 INFO org.springframework.orm.jpa.LocalContainerEntityManagerFactoryBean [main] Building JPA container EntityManagerFactory for persistence unit 'default'
2019-10-25 12:45:11,175 INFO org.hibernate.jpa.internal.util.LogHelper [main] HHH000204: Processing PersistenceUnitInfo [
	name: default
	...]
2019-10-25 12:45:13,242 INFO org.hibernate.Version [main] HHH000412: Hibernate Core {5.2.17.Final}
2019-10-25 12:45:13,274 INFO org.hibernate.cfg.Environment [main] HHH000206: hibernate.properties not found
2019-10-25 12:45:13,462 INFO org.hibernate.annotations.common.reflection.java.JavaReflectionManager [main] HCANN000001: Hibernate Commons Annotations {5.0.1.Final}
2019-10-25 12:45:14,175 INFO org.hibernate.dialect.Dialect [main] HHH000400: Using dialect: org.hibernate.dialect.MySQL5Dialect
2019-10-25 12:45:15,520 INFO org.springframework.orm.jpa.AbstractEntityManagerFactoryBean [main] Initialized JPA EntityManagerFactory for persistence unit 'default'
2019-10-25 12:45:16,921 INFO org.springframework.web.servlet.handler.AbstractUrlHandlerMapping [main] Mapped URL path [/**/favicon.ico] onto handler of type [class org.springframework.web.servlet.resource.ResourceHttpRequestHandler]
2019-10-25 12:45:18,653 INFO org.springframework.web.servlet.mvc.method.annotation.RequestMappingHandlerAdapter [main] Looking for @ControllerAdvice: org.springframework.boot.web.servlet.context.AnnotationConfigServletWebServerApplicationContext@4b0b0854: startup date [Fri Oct 25 12:44:56 IST 2019]; root of context hierarchy
2019-10-25 12:45:19,014 WARN org.springframework.boot.autoconfigure.orm.jpa.JpaBaseConfiguration$JpaWebConfiguration$JpaWebMvcConfiguration [main] spring.jpa.open-in-view is enabled by default. Therefore, database queries may be performed during view rendering. Explicitly configure spring.jpa.open-in-view to disable this warning
2019-10-25 12:45:19,364 INFO org.springframework.web.servlet.handler.AbstractHandlerMethodMapping$MappingRegistry [main] Mapped "{[/]}" onto public java.lang.String com.yotabytes.talentpool.rest.controller.TalentPoolApplicationMainController.welcome()
2019-10-25 12:45:19,370 INFO org.springframework.web.servlet.handler.AbstractHandlerMethodMapping$MappingRegistry [main] Mapped "{[/getTalentQuestion],methods=[GET]}" onto public java.util.List<com.yotabytes.talentpool.model.TalentQuestion> com.yotabytes.talentpool.rest.controller.TalentPoolApplicationMainController.getTalentQuestion(javax.servlet.http.HttpServletRequest)
2019-10-25 12:45:19,376 INFO org.springframework.web.servlet.handler.AbstractHandlerMethodMapping$MappingRegistry [main] Mapped "{[/error]}" onto public org.springframework.http.ResponseEntity<java.util.Map<java.lang.String, java.lang.Object>> org.springframework.boot.autoconfigure.web.servlet.error.BasicErrorController.error(javax.servlet.http.HttpServletRequest)
2019-10-25 12:45:19,378 INFO org.springframework.web.servlet.handler.AbstractHandlerMethodMapping$MappingRegistry [main] Mapped "{[/error],produces=[text/html]}" onto public org.springframework.web.servlet.ModelAndView org.springframework.boot.autoconfigure.web.servlet.error.BasicErrorController.errorHtml(javax.servlet.http.HttpServletRequest,javax.servlet.http.HttpServletResponse)
2019-10-25 12:45:19,696 INFO org.springframework.web.servlet.handler.AbstractUrlHandlerMapping [main] Mapped URL path [/webjars/**] onto handler of type [class org.springframework.web.servlet.resource.ResourceHttpRequestHandler]
2019-10-25 12:45:19,906 INFO org.springframework.web.servlet.handler.AbstractUrlHandlerMapping [main] Mapped URL path [/**] onto handler of type [class org.springframework.web.servlet.resource.ResourceHttpRequestHandler]
2019-10-25 12:45:22,150 INFO org.springframework.jmx.export.MBeanExporter [main] Registering beans for JMX exposure on startup
2019-10-25 12:45:22,155 INFO org.springframework.jmx.export.MBeanExporter [main] Bean with name 'dataSource' has been autodetected for JMX exposure
2019-10-25 12:45:22,291 INFO org.springframework.jmx.export.MBeanExporter [main] Located MBean 'dataSource': registering with JMX server as MBean [com.zaxxer.hikari:name=dataSource,type=HikariDataSource]
2019-10-25 12:45:22,343 INFO org.apache.juli.logging.DirectJDKLog [main] Starting ProtocolHandler ["http-nio-8080"]
2019-10-25 12:45:22,433 INFO org.apache.juli.logging.DirectJDKLog [main] Using a shared selector for servlet write/read
2019-10-25 12:45:22,743 INFO org.springframework.boot.web.embedded.tomcat.TomcatWebServer [main] Tomcat started on port(s): 8080 (http) with context path ''
2019-10-25 12:45:22,754 INFO org.springframework.boot.StartupInfoLogger [main] Started TalentPoolApplicationController in 28.928 seconds (JVM running for 63.209)
2019-10-25 12:45:30,385 INFO org.apache.juli.logging.DirectJDKLog [http-nio-8080-exec-8] Initializing Spring FrameworkServlet 'dispatcherServlet'
2019-10-25 12:45:30,386 INFO org.springframework.web.servlet.FrameworkServlet [http-nio-8080-exec-8] FrameworkServlet 'dispatcherServlet': initialization started
2019-10-25 12:45:30,437 INFO org.springframework.web.servlet.FrameworkServlet [http-nio-8080-exec-8] FrameworkServlet 'dispatcherServlet': initialization completed in 50 ms
2019-10-25 12:49:53,230 INFO org.springframework.boot.admin.SpringApplicationAdminMXBeanRegistrar$SpringApplicationAdmin [RMI TCP Connection(10)-127.0.0.1] Application shutdown requested.
2019-10-25 12:49:53,232 INFO org.springframework.context.support.AbstractApplicationContext [RMI TCP Connection(10)-127.0.0.1] Closing org.springframework.boot.web.servlet.context.AnnotationConfigServletWebServerApplicationContext@4b0b0854: startup date [Fri Oct 25 12:44:56 IST 2019]; root of context hierarchy
2019-10-25 12:49:53,262 INFO org.springframework.jmx.export.MBeanExporter [RMI TCP Connection(10)-127.0.0.1] Unregistering JMX-exposed beans on shutdown
2019-10-25 12:49:53,268 INFO org.springframework.jmx.support.MBeanRegistrationSupport [RMI TCP Connection(10)-127.0.0.1] Unregistering JMX-exposed beans
2019-10-25 12:49:53,274 INFO org.springframework.orm.jpa.AbstractEntityManagerFactoryBean [RMI TCP Connection(10)-127.0.0.1] Closing JPA EntityManagerFactory for persistence unit 'default'
2019-10-25 12:49:53,281 INFO com.zaxxer.hikari.HikariDataSource [RMI TCP Connection(10)-127.0.0.1] HikariPool-1 - Shutdown initiated...
2019-10-25 12:49:53,341 INFO com.zaxxer.hikari.HikariDataSource [RMI TCP Connection(10)-127.0.0.1] HikariPool-1 - Shutdown completed.
2019-10-25 12:50:43,282 INFO org.springframework.boot.StartupInfoLogger [main] Starting TalentPoolApplicationController on System21 with PID 3988 (C:\Users\user\git\TalentPool\TalentPool\target\classes started by user in C:\Users\user\git\TalentPool\TalentPool)
2019-10-25 12:50:43,357 DEBUG org.springframework.boot.StartupInfoLogger [main] Running with Spring Boot v2.0.6.RELEASE, Spring v5.0.10.RELEASE
2019-10-25 12:50:43,361 INFO org.springframework.boot.SpringApplication [main] No active profile set, falling back to default profiles: default
2019-10-25 12:50:43,700 INFO org.springframework.context.support.AbstractApplicationContext [main] Refreshing org.springframework.boot.web.servlet.context.AnnotationConfigServletWebServerApplicationContext@49d904ec: startup date [Fri Oct 25 12:50:43 IST 2019]; root of context hierarchy
2019-10-25 12:50:48,444 INFO org.springframework.context.support.PostProcessorRegistrationDelegate$BeanPostProcessorChecker [main] Bean 'org.springframework.transaction.annotation.ProxyTransactionManagementConfiguration' of type [org.springframework.transaction.annotation.ProxyTransactionManagementConfiguration$$EnhancerBySpringCGLIB$$b4f5109d] is not eligible for getting processed by all BeanPostProcessors (for example: not eligible for auto-proxying)
2019-10-25 12:50:50,082 INFO org.springframework.boot.web.embedded.tomcat.TomcatWebServer [main] Tomcat initialized with port(s): 8080 (http)
2019-10-25 12:50:50,140 INFO org.apache.juli.logging.DirectJDKLog [main] Initializing ProtocolHandler ["http-nio-8080"]
2019-10-25 12:50:50,171 INFO org.apache.juli.logging.DirectJDKLog [main] Starting service [Tomcat]
2019-10-25 12:50:50,171 INFO org.apache.juli.logging.DirectJDKLog [main] Starting Servlet Engine: Apache Tomcat/8.5.34
2019-10-25 12:50:50,281 INFO org.apache.juli.logging.DirectJDKLog [localhost-startStop-1] The APR based Apache Tomcat Native library which allows optimal performance in production environments was not found on the java.library.path: [C:\Program Files\Java\jre1.8.0_191\bin;C:\Windows\Sun\Java\bin;C:\Windows\system32;C:\Windows;C:/Program Files/Java/jdk1.8.0_191/bin/../jre/bin/server;C:/Program Files/Java/jdk1.8.0_191/bin/../jre/bin;C:/Program Files/Java/jdk1.8.0_191/bin/../jre/lib/amd64;C:\Program Files\Java\jdk1.8.0_191\bin;D:\apache-maven-3.6.0\bin;;C:\Program Files\Java\jdk1.8.0_191\bin;;C:\Program Files\Docker Toolbox;E:\eclipse\java-2018-12\eclipse;;.]
2019-10-25 12:50:51,628 INFO org.apache.juli.logging.DirectJDKLog [localhost-startStop-1] At least one JAR was scanned for TLDs yet contained no TLDs. Enable debug logging for this logger for a complete list of JARs that were scanned but no TLDs were found in them. Skipping unneeded JARs during scanning can improve startup time and JSP compilation time.
2019-10-25 12:50:51,647 INFO org.apache.juli.logging.DirectJDKLog [localhost-startStop-1] Initializing Spring embedded WebApplicationContext
2019-10-25 12:50:51,666 INFO org.springframework.boot.web.servlet.context.ServletWebServerApplicationContext [localhost-startStop-1] Root WebApplicationContext: initialization completed in 7966 ms
2019-10-25 12:50:52,288 INFO org.springframework.boot.web.servlet.ServletRegistrationBean [localhost-startStop-1] Servlet dispatcherServlet mapped to [/]
2019-10-25 12:50:52,297 INFO org.springframework.boot.web.servlet.AbstractFilterRegistrationBean [localhost-startStop-1] Mapping filter: 'characterEncodingFilter' to: [/*]
2019-10-25 12:50:52,333 INFO org.springframework.boot.web.servlet.AbstractFilterRegistrationBean [localhost-startStop-1] Mapping filter: 'hiddenHttpMethodFilter' to: [/*]
2019-10-25 12:50:52,334 INFO org.springframework.boot.web.servlet.AbstractFilterRegistrationBean [localhost-startStop-1] Mapping filter: 'httpPutFormContentFilter' to: [/*]
2019-10-25 12:50:52,338 INFO org.springframework.boot.web.servlet.AbstractFilterRegistrationBean [localhost-startStop-1] Mapping filter: 'requestContextFilter' to: [/*]
2019-10-25 12:50:54,548 INFO com.zaxxer.hikari.HikariDataSource [main] HikariPool-1 - Starting...
2019-10-25 12:50:57,569 INFO com.zaxxer.hikari.HikariDataSource [main] HikariPool-1 - Start completed.
2019-10-25 12:50:57,918 INFO org.springframework.orm.jpa.LocalContainerEntityManagerFactoryBean [main] Building JPA container EntityManagerFactory for persistence unit 'default'
2019-10-25 12:50:57,981 INFO org.hibernate.jpa.internal.util.LogHelper [main] HHH000204: Processing PersistenceUnitInfo [
	name: default
	...]
2019-10-25 12:50:59,783 INFO org.hibernate.Version [main] HHH000412: Hibernate Core {5.2.17.Final}
2019-10-25 12:50:59,790 INFO org.hibernate.cfg.Environment [main] HHH000206: hibernate.properties not found
2019-10-25 12:50:59,899 INFO org.hibernate.annotations.common.reflection.java.JavaReflectionManager [main] HCANN000001: Hibernate Commons Annotations {5.0.1.Final}
2019-10-25 12:51:00,382 INFO org.hibernate.dialect.Dialect [main] HHH000400: Using dialect: org.hibernate.dialect.MySQL5Dialect
2019-10-25 12:51:01,234 INFO org.springframework.orm.jpa.AbstractEntityManagerFactoryBean [main] Initialized JPA EntityManagerFactory for persistence unit 'default'
2019-10-25 12:51:01,935 INFO org.springframework.web.servlet.handler.AbstractUrlHandlerMapping [main] Mapped URL path [/**/favicon.ico] onto handler of type [class org.springframework.web.servlet.resource.ResourceHttpRequestHandler]
2019-10-25 12:51:02,785 INFO org.springframework.web.servlet.mvc.method.annotation.RequestMappingHandlerAdapter [main] Looking for @ControllerAdvice: org.springframework.boot.web.servlet.context.AnnotationConfigServletWebServerApplicationContext@49d904ec: startup date [Fri Oct 25 12:50:43 IST 2019]; root of context hierarchy
2019-10-25 12:51:02,929 WARN org.springframework.boot.autoconfigure.orm.jpa.JpaBaseConfiguration$JpaWebConfiguration$JpaWebMvcConfiguration [main] spring.jpa.open-in-view is enabled by default. Therefore, database queries may be performed during view rendering. Explicitly configure spring.jpa.open-in-view to disable this warning
2019-10-25 12:51:03,039 INFO org.springframework.web.servlet.handler.AbstractHandlerMethodMapping$MappingRegistry [main] Mapped "{[/getTalentQuestion],methods=[GET]}" onto public java.util.List<com.yotabytes.talentpool.model.TalentQuestion> com.yotabytes.talentpool.rest.controller.TalentPoolApplicationMainController.getTalentQuestion(javax.servlet.http.HttpServletRequest)
2019-10-25 12:51:03,039 INFO org.springframework.web.servlet.handler.AbstractHandlerMethodMapping$MappingRegistry [main] Mapped "{[/]}" onto public java.lang.String com.yotabytes.talentpool.rest.controller.TalentPoolApplicationMainController.welcome()
2019-10-25 12:51:03,150 INFO org.springframework.web.servlet.handler.AbstractHandlerMethodMapping$MappingRegistry [main] Mapped "{[/error]}" onto public org.springframework.http.ResponseEntity<java.util.Map<java.lang.String, java.lang.Object>> org.springframework.boot.autoconfigure.web.servlet.error.BasicErrorController.error(javax.servlet.http.HttpServletRequest)
2019-10-25 12:51:03,153 INFO org.springframework.web.servlet.handler.AbstractHandlerMethodMapping$MappingRegistry [main] Mapped "{[/error],produces=[text/html]}" onto public org.springframework.web.servlet.ModelAndView org.springframework.boot.autoconfigure.web.servlet.error.BasicErrorController.errorHtml(javax.servlet.http.HttpServletRequest,javax.servlet.http.HttpServletResponse)
2019-10-25 12:51:03,302 INFO org.springframework.web.servlet.handler.AbstractUrlHandlerMapping [main] Mapped URL path [/webjars/**] onto handler of type [class org.springframework.web.servlet.resource.ResourceHttpRequestHandler]
2019-10-25 12:51:03,303 INFO org.springframework.web.servlet.handler.AbstractUrlHandlerMapping [main] Mapped URL path [/**] onto handler of type [class org.springframework.web.servlet.resource.ResourceHttpRequestHandler]
2019-10-25 12:51:04,286 INFO org.springframework.jmx.export.MBeanExporter [main] Registering beans for JMX exposure on startup
2019-10-25 12:51:04,286 INFO org.springframework.jmx.export.MBeanExporter [main] Bean with name 'dataSource' has been autodetected for JMX exposure
2019-10-25 12:51:04,350 INFO org.springframework.jmx.export.MBeanExporter [main] Located MBean 'dataSource': registering with JMX server as MBean [com.zaxxer.hikari:name=dataSource,type=HikariDataSource]
2019-10-25 12:51:04,397 INFO org.apache.juli.logging.DirectJDKLog [main] Starting ProtocolHandler ["http-nio-8080"]
2019-10-25 12:51:04,444 INFO org.apache.juli.logging.DirectJDKLog [main] Using a shared selector for servlet write/read
2019-10-25 12:51:04,766 INFO org.springframework.boot.web.embedded.tomcat.TomcatWebServer [main] Tomcat started on port(s): 8080 (http) with context path ''
2019-10-25 12:51:04,782 INFO org.springframework.boot.StartupInfoLogger [main] Started TalentPoolApplicationController in 24.175 seconds (JVM running for 34.421)
2019-10-25 12:51:12,691 INFO org.apache.juli.logging.DirectJDKLog [http-nio-8080-exec-9] Initializing Spring FrameworkServlet 'dispatcherServlet'
2019-10-25 12:51:12,694 INFO org.springframework.web.servlet.FrameworkServlet [http-nio-8080-exec-9] FrameworkServlet 'dispatcherServlet': initialization started
2019-10-25 12:51:12,922 INFO org.springframework.web.servlet.FrameworkServlet [http-nio-8080-exec-9] FrameworkServlet 'dispatcherServlet': initialization completed in 191 ms
2019-10-25 12:53:26,809 INFO org.springframework.boot.admin.SpringApplicationAdminMXBeanRegistrar$SpringApplicationAdmin [RMI TCP Connection(11)-127.0.0.1] Application shutdown requested.
2019-10-25 12:53:26,810 INFO org.springframework.context.support.AbstractApplicationContext [RMI TCP Connection(11)-127.0.0.1] Closing org.springframework.boot.web.servlet.context.AnnotationConfigServletWebServerApplicationContext@49d904ec: startup date [Fri Oct 25 12:50:43 IST 2019]; root of context hierarchy
2019-10-25 12:53:26,864 INFO org.springframework.jmx.export.MBeanExporter [RMI TCP Connection(11)-127.0.0.1] Unregistering JMX-exposed beans on shutdown
2019-10-25 12:53:26,867 INFO org.springframework.jmx.support.MBeanRegistrationSupport [RMI TCP Connection(11)-127.0.0.1] Unregistering JMX-exposed beans
2019-10-25 12:53:26,869 INFO org.springframework.orm.jpa.AbstractEntityManagerFactoryBean [RMI TCP Connection(11)-127.0.0.1] Closing JPA EntityManagerFactory for persistence unit 'default'
2019-10-25 12:53:26,874 INFO com.zaxxer.hikari.HikariDataSource [RMI TCP Connection(11)-127.0.0.1] HikariPool-1 - Shutdown initiated...
2019-10-25 12:53:26,926 INFO com.zaxxer.hikari.HikariDataSource [RMI TCP Connection(11)-127.0.0.1] HikariPool-1 - Shutdown completed.
2019-10-25 12:54:26,935 INFO org.springframework.boot.StartupInfoLogger [main] Starting TalentPoolApplicationController on System21 with PID 3184 (C:\Users\user\git\TalentPool\TalentPool\target\classes started by user in C:\Users\user\git\TalentPool\TalentPool)
2019-10-25 12:54:26,998 DEBUG org.springframework.boot.StartupInfoLogger [main] Running with Spring Boot v2.0.6.RELEASE, Spring v5.0.10.RELEASE
2019-10-25 12:54:26,998 INFO org.springframework.boot.SpringApplication [main] No active profile set, falling back to default profiles: default
2019-10-25 12:54:27,399 INFO org.springframework.context.support.AbstractApplicationContext [main] Refreshing org.springframework.boot.web.servlet.context.AnnotationConfigServletWebServerApplicationContext@48aaecc3: startup date [Fri Oct 25 12:54:27 IST 2019]; root of context hierarchy
2019-10-25 12:54:34,465 INFO org.springframework.context.support.PostProcessorRegistrationDelegate$BeanPostProcessorChecker [main] Bean 'org.springframework.transaction.annotation.ProxyTransactionManagementConfiguration' of type [org.springframework.transaction.annotation.ProxyTransactionManagementConfiguration$$EnhancerBySpringCGLIB$$5daf42be] is not eligible for getting processed by all BeanPostProcessors (for example: not eligible for auto-proxying)
2019-10-25 12:54:36,016 INFO org.springframework.boot.web.embedded.tomcat.TomcatWebServer [main] Tomcat initialized with port(s): 8080 (http)
2019-10-25 12:54:36,184 INFO org.apache.juli.logging.DirectJDKLog [main] Initializing ProtocolHandler ["http-nio-8080"]
2019-10-25 12:54:36,231 INFO org.apache.juli.logging.DirectJDKLog [main] Starting service [Tomcat]
2019-10-25 12:54:36,231 INFO org.apache.juli.logging.DirectJDKLog [main] Starting Servlet Engine: Apache Tomcat/8.5.34
2019-10-25 12:54:36,489 INFO org.apache.juli.logging.DirectJDKLog [localhost-startStop-1] The APR based Apache Tomcat Native library which allows optimal performance in production environments was not found on the java.library.path: [C:\Program Files\Java\jre1.8.0_191\bin;C:\Windows\Sun\Java\bin;C:\Windows\system32;C:\Windows;C:/Program Files/Java/jdk1.8.0_191/bin/../jre/bin/server;C:/Program Files/Java/jdk1.8.0_191/bin/../jre/bin;C:/Program Files/Java/jdk1.8.0_191/bin/../jre/lib/amd64;C:\Program Files\Java\jdk1.8.0_191\bin;D:\apache-maven-3.6.0\bin;;C:\Program Files\Java\jdk1.8.0_191\bin;;C:\Program Files\Docker Toolbox;E:\eclipse\java-2018-12\eclipse;;.]
2019-10-25 12:54:38,434 INFO org.apache.juli.logging.DirectJDKLog [localhost-startStop-1] At least one JAR was scanned for TLDs yet contained no TLDs. Enable debug logging for this logger for a complete list of JARs that were scanned but no TLDs were found in them. Skipping unneeded JARs during scanning can improve startup time and JSP compilation time.
2019-10-25 12:54:38,443 INFO org.apache.juli.logging.DirectJDKLog [localhost-startStop-1] Initializing Spring embedded WebApplicationContext
2019-10-25 12:54:38,445 INFO org.springframework.boot.web.servlet.context.ServletWebServerApplicationContext [localhost-startStop-1] Root WebApplicationContext: initialization completed in 11046 ms
2019-10-25 12:54:39,362 INFO org.springframework.boot.web.servlet.ServletRegistrationBean [localhost-startStop-1] Servlet dispatcherServlet mapped to [/]
2019-10-25 12:54:39,362 INFO org.springframework.boot.web.servlet.AbstractFilterRegistrationBean [localhost-startStop-1] Mapping filter: 'characterEncodingFilter' to: [/*]
2019-10-25 12:54:39,377 INFO org.springframework.boot.web.servlet.AbstractFilterRegistrationBean [localhost-startStop-1] Mapping filter: 'hiddenHttpMethodFilter' to: [/*]
2019-10-25 12:54:39,377 INFO org.springframework.boot.web.servlet.AbstractFilterRegistrationBean [localhost-startStop-1] Mapping filter: 'httpPutFormContentFilter' to: [/*]
2019-10-25 12:54:39,377 INFO org.springframework.boot.web.servlet.AbstractFilterRegistrationBean [localhost-startStop-1] Mapping filter: 'requestContextFilter' to: [/*]
2019-10-25 12:54:41,038 INFO com.zaxxer.hikari.HikariDataSource [main] HikariPool-1 - Starting...
2019-10-25 12:54:43,023 INFO com.zaxxer.hikari.HikariDataSource [main] HikariPool-1 - Start completed.
2019-10-25 12:54:43,315 INFO org.springframework.orm.jpa.LocalContainerEntityManagerFactoryBean [main] Building JPA container EntityManagerFactory for persistence unit 'default'
2019-10-25 12:54:43,377 INFO org.hibernate.jpa.internal.util.LogHelper [main] HHH000204: Processing PersistenceUnitInfo [
	name: default
	...]
2019-10-25 12:54:45,129 INFO org.hibernate.Version [main] HHH000412: Hibernate Core {5.2.17.Final}
2019-10-25 12:54:45,129 INFO org.hibernate.cfg.Environment [main] HHH000206: hibernate.properties not found
2019-10-25 12:54:45,616 INFO org.hibernate.annotations.common.reflection.java.JavaReflectionManager [main] HCANN000001: Hibernate Commons Annotations {5.0.1.Final}
2019-10-25 12:54:46,388 INFO org.hibernate.dialect.Dialect [main] HHH000400: Using dialect: org.hibernate.dialect.MySQL5Dialect
2019-10-25 12:54:47,410 INFO org.springframework.orm.jpa.AbstractEntityManagerFactoryBean [main] Initialized JPA EntityManagerFactory for persistence unit 'default'
2019-10-25 12:54:48,422 INFO org.springframework.web.servlet.handler.AbstractUrlHandlerMapping [main] Mapped URL path [/**/favicon.ico] onto handler of type [class org.springframework.web.servlet.resource.ResourceHttpRequestHandler]
2019-10-25 12:54:51,301 INFO org.springframework.web.servlet.mvc.method.annotation.RequestMappingHandlerAdapter [main] Looking for @ControllerAdvice: org.springframework.boot.web.servlet.context.AnnotationConfigServletWebServerApplicationContext@48aaecc3: startup date [Fri Oct 25 12:54:27 IST 2019]; root of context hierarchy
2019-10-25 12:54:51,851 WARN org.springframework.boot.autoconfigure.orm.jpa.JpaBaseConfiguration$JpaWebConfiguration$JpaWebMvcConfiguration [main] spring.jpa.open-in-view is enabled by default. Therefore, database queries may be performed during view rendering. Explicitly configure spring.jpa.open-in-view to disable this warning
2019-10-25 12:54:52,601 INFO org.springframework.web.servlet.handler.AbstractHandlerMethodMapping$MappingRegistry [main] Mapped "{[/getTalentQuestion],methods=[GET]}" onto public java.util.List<com.yotabytes.talentpool.model.TalentQuestion> com.yotabytes.talentpool.rest.controller.TalentPoolApplicationMainController.getTalentQuestion(javax.servlet.http.HttpServletRequest)
2019-10-25 12:54:52,601 INFO org.springframework.web.servlet.handler.AbstractHandlerMethodMapping$MappingRegistry [main] Mapped "{[/]}" onto public java.lang.String com.yotabytes.talentpool.rest.controller.TalentPoolApplicationMainController.welcome()
2019-10-25 12:54:52,617 INFO org.springframework.web.servlet.handler.AbstractHandlerMethodMapping$MappingRegistry [main] Mapped "{[/error]}" onto public org.springframework.http.ResponseEntity<java.util.Map<java.lang.String, java.lang.Object>> org.springframework.boot.autoconfigure.web.servlet.error.BasicErrorController.error(javax.servlet.http.HttpServletRequest)
2019-10-25 12:54:52,617 INFO org.springframework.web.servlet.handler.AbstractHandlerMethodMapping$MappingRegistry [main] Mapped "{[/error],produces=[text/html]}" onto public org.springframework.web.servlet.ModelAndView org.springframework.boot.autoconfigure.web.servlet.error.BasicErrorController.errorHtml(javax.servlet.http.HttpServletRequest,javax.servlet.http.HttpServletResponse)
2019-10-25 12:54:52,751 INFO org.springframework.web.servlet.handler.AbstractUrlHandlerMapping [main] Mapped URL path [/webjars/**] onto handler of type [class org.springframework.web.servlet.resource.ResourceHttpRequestHandler]
2019-10-25 12:54:52,751 INFO org.springframework.web.servlet.handler.AbstractUrlHandlerMapping [main] Mapped URL path [/**] onto handler of type [class org.springframework.web.servlet.resource.ResourceHttpRequestHandler]
2019-10-25 12:54:55,316 INFO org.springframework.jmx.export.MBeanExporter [main] Registering beans for JMX exposure on startup
2019-10-25 12:54:55,316 INFO org.springframework.jmx.export.MBeanExporter [main] Bean with name 'dataSource' has been autodetected for JMX exposure
2019-10-25 12:54:55,543 INFO org.springframework.jmx.export.MBeanExporter [main] Located MBean 'dataSource': registering with JMX server as MBean [com.zaxxer.hikari:name=dataSource,type=HikariDataSource]
2019-10-25 12:54:55,575 INFO org.apache.juli.logging.DirectJDKLog [main] Starting ProtocolHandler ["http-nio-8080"]
2019-10-25 12:54:55,590 INFO org.apache.juli.logging.DirectJDKLog [main] Using a shared selector for servlet write/read
2019-10-25 12:54:55,825 INFO org.springframework.boot.web.embedded.tomcat.TomcatWebServer [main] Tomcat started on port(s): 8080 (http) with context path ''
2019-10-25 12:54:55,825 INFO org.springframework.boot.StartupInfoLogger [main] Started TalentPoolApplicationController in 31.24 seconds (JVM running for 64.12)
2019-10-25 12:55:03,072 INFO org.apache.juli.logging.DirectJDKLog [http-nio-8080-exec-8] Initializing Spring FrameworkServlet 'dispatcherServlet'
2019-10-25 12:55:03,074 INFO org.springframework.web.servlet.FrameworkServlet [http-nio-8080-exec-8] FrameworkServlet 'dispatcherServlet': initialization started
2019-10-25 12:55:03,338 INFO org.springframework.web.servlet.FrameworkServlet [http-nio-8080-exec-8] FrameworkServlet 'dispatcherServlet': initialization completed in 263 ms
